============================= test session starts ==============================
platform linux -- Python 3.8.5, pytest-6.2.1, py-1.10.0, pluggy-0.13.1
rootdir: /dc-app-performance-toolkit/app
plugins: apiritif-0.9.6
collected 14 items

selenium_ui/jira_ui.py first driver inits
1618958998404,706,selenium_login:open_login_page,Success,True
1618959003473,5069,selenium_login:login_and_view_dashboard,Success,True
1618959003473,5776,selenium_login,Success,True
.test_0_selenium_a_login,Total:1 Passed:1 Failed:0
1618959003855,359,selenium_browse_projects_list,Success,True
.test_1_selenium_browse_projects_list,Total:2 Passed:2 Failed:0
1618959007991,4134,selenium_browse_boards_list,Success,True
.test_1_selenium_browse_boards_list,Total:3 Passed:3 Failed:0
1618959009348,1347,selenium_create_issue:open_quick_create,Success,True
1618959011342,1178,selenium_create_issue:fill_and_submit_issue_form:submit_issue_form,Success,True
1618959011342,1993,selenium_create_issue:fill_and_submit_issue_form,Success,True
1618959011342,3341,selenium_create_issue,Success,True
.test_1_selenium_create_issue,Total:4 Passed:4 Failed:0
1618959012743,1391,selenium_edit_issue:open_edit_issue_form,Success,True
1618959014117,774,selenium_edit_issue:save_edit_issue_form,Success,True
1618959014117,2766,selenium_edit_issue,Success,True
.test_1_selenium_edit_issue,Total:5 Passed:5 Failed:0
1618959014622,502,selenium_save_comment:open_comment_form,Success,True
1618959017324,2527,selenium_save_comment:submit_form,Success,True
1618959017324,3205,selenium_save_comment,Success,True
.test_1_selenium_save_comment,Total:6 Passed:6 Failed:0
1618959021533,4206,selenium_search_jql,Success,True
.test_1_selenium_search_jql,Total:7 Passed:7 Failed:0
1618959025687,4152,selenium_view_scrum_board_backlog,Success,True
.test_1_selenium_view_backlog_for_scrum_board,Total:8 Passed:8 Failed:0
1618959028692,3003,selenium_view_scrum_board,Success,True
.test_1_selenium_view_scrum_board,Total:9 Passed:9 Failed:0
1618959029513,819,selenium_view_kanban_board,Success,True
.test_1_selenium_view_kanban_board,Total:10 Passed:10 Failed:0
1618959030104,589,selenium_view_dashboard,Success,True
.test_1_selenium_view_dashboard,Total:11 Passed:11 Failed:0
1618959030843,737,selenium_view_issue,Success,True
.test_1_selenium_view_issue,Total:12 Passed:12 Failed:0
1618959033034,2189,selenium_project_summary,Success,True
.test_1_selenium_view_project_summary,Total:13 Passed:13 Failed:0
1618959033462,426,selenium_log_out,Success,True
.test_2_selenium_z_log_out,Total:14 Passed:14 Failed:0


=============================== warnings summary ===============================
../../usr/local/lib/python3.8/dist-packages/_pytest/config/__init__.py:1114
  /usr/local/lib/python3.8/dist-packages/_pytest/config/__init__.py:1114: PytestAssertRewriteWarning: Module already imported so cannot be rewritten: apiritif
    self._mark_plugins_for_rewrite(hook)

-- Docs: https://docs.pytest.org/en/stable/warnings.html
======================== 14 passed, 1 warning in 37.04s ========================
============================= test session starts ==============================
platform linux -- Python 3.8.5, pytest-6.2.1, py-1.10.0, pluggy-0.13.1
rootdir: /dc-app-performance-toolkit/app
plugins: apiritif-0.9.6
collected 14 items

selenium_ui/jira_ui.py get driver from global
1618959033623,111,selenium_login:open_login_page,Success,True
1618959034887,1262,selenium_login:login_and_view_dashboard,Success,True
1618959034887,1375,selenium_login,Success,True
.test_0_selenium_a_login,Total:15 Passed:15 Failed:0
1618959035405,326,selenium_browse_projects_list,Success,True
.test_1_selenium_browse_projects_list,Total:16 Passed:16 Failed:0
1618959035756,349,selenium_browse_boards_list,Success,True
.test_1_selenium_browse_boards_list,Total:17 Passed:17 Failed:0
1618959036493,727,selenium_create_issue:open_quick_create,Success,True
1618959037694,622,selenium_create_issue:fill_and_submit_issue_form:submit_issue_form,Success,True
1618959037694,1200,selenium_create_issue:fill_and_submit_issue_form,Success,True
1618959037694,1928,selenium_create_issue,Success,True
.test_1_selenium_create_issue,Total:18 Passed:18 Failed:0
1618959038313,608,selenium_edit_issue:open_edit_issue_form,Success,True
1618959039424,585,selenium_edit_issue:save_edit_issue_form,Success,True
1618959039424,1719,selenium_edit_issue,Success,True
.test_1_selenium_edit_issue,Total:19 Passed:19 Failed:0
1618959039754,328,selenium_save_comment:open_comment_form,Success,True
1618959040764,818,selenium_save_comment:submit_form,Success,True
1618959040764,1338,selenium_save_comment,Success,True
.test_1_selenium_save_comment,Total:20 Passed:20 Failed:0
1618959042255,1489,selenium_search_jql,Success,True
.test_1_selenium_search_jql,Total:21 Passed:21 Failed:0
1618959043162,905,selenium_view_scrum_board_backlog,Success,True
.test_1_selenium_view_backlog_for_scrum_board,Total:22 Passed:22 Failed:0
1618959043973,809,selenium_view_scrum_board,Success,True
.test_1_selenium_view_scrum_board,Total:23 Passed:23 Failed:0
1618959044734,759,selenium_view_kanban_board,Success,True
.test_1_selenium_view_kanban_board,Total:24 Passed:24 Failed:0
1618959044986,250,selenium_view_dashboard,Success,True
.test_1_selenium_view_dashboard,Total:25 Passed:25 Failed:0
1618959045670,681,selenium_view_issue,Success,True
.test_1_selenium_view_issue,Total:26 Passed:26 Failed:0
1618959046187,515,selenium_project_summary,Success,True
.test_1_selenium_view_project_summary,Total:27 Passed:27 Failed:0
1618959046589,400,selenium_log_out,Success,True
.test_2_selenium_z_log_out,Total:28 Passed:28 Failed:0


=============================== warnings summary ===============================
../../usr/local/lib/python3.8/dist-packages/_pytest/config/__init__.py:1114
  /usr/local/lib/python3.8/dist-packages/_pytest/config/__init__.py:1114: PytestAssertRewriteWarning: Module already imported so cannot be rewritten: apiritif
    self._mark_plugins_for_rewrite(hook)

-- Docs: https://docs.pytest.org/en/stable/warnings.html
======================== 14 passed, 1 warning in 13.09s ========================
============================= test session starts ==============================
platform linux -- Python 3.8.5, pytest-6.2.1, py-1.10.0, pluggy-0.13.1
rootdir: /dc-app-performance-toolkit/app
plugins: apiritif-0.9.6
collected 14 items

selenium_ui/jira_ui.py get driver from global
1618959046794,149,selenium_login:open_login_page,Success,True
1618959048237,1442,selenium_login:login_and_view_dashboard,Success,True
1618959048237,1592,selenium_login,Success,True
.test_0_selenium_a_login,Total:29 Passed:29 Failed:0
1618959048514,253,selenium_browse_projects_list,Success,True
.test_1_selenium_browse_projects_list,Total:30 Passed:30 Failed:0
1618959048806,290,selenium_browse_boards_list,Success,True
.test_1_selenium_browse_boards_list,Total:31 Passed:31 Failed:0
1618959049625,809,selenium_create_issue:open_quick_create,Success,True
1618959050919,624,selenium_create_issue:fill_and_submit_issue_form:submit_issue_form,Success,True
1618959050919,1293,selenium_create_issue:fill_and_submit_issue_form,Success,True
1618959050919,2102,selenium_create_issue,Success,True
.test_1_selenium_create_issue,Total:32 Passed:32 Failed:0
1618959051508,579,selenium_edit_issue:open_edit_issue_form,Success,True
1618959052617,594,selenium_edit_issue:save_edit_issue_form,Success,True
1618959052617,1689,selenium_edit_issue,Success,True
.test_1_selenium_edit_issue,Total:33 Passed:33 Failed:0
1618959053100,481,selenium_save_comment:open_comment_form,Success,True
1618959054124,906,selenium_save_comment:submit_form,Success,True
1618959054125,1505,selenium_save_comment,Success,True
.test_1_selenium_save_comment,Total:34 Passed:34 Failed:0
1618959055804,1678,selenium_search_jql,Success,True
.test_1_selenium_search_jql,Total:35 Passed:35 Failed:0
1618959057309,1503,selenium_view_scrum_board_backlog,Success,True
.test_1_selenium_view_backlog_for_scrum_board,Total:36 Passed:36 Failed:0
1618959058133,822,selenium_view_scrum_board,Success,True
.test_1_selenium_view_scrum_board,Total:37 Passed:37 Failed:0
1618959058914,778,selenium_view_kanban_board,Success,True
.test_1_selenium_view_kanban_board,Total:38 Passed:38 Failed:0
1618959059281,365,selenium_view_dashboard,Success,True
.test_1_selenium_view_dashboard,Total:39 Passed:39 Failed:0
1618959060092,809,selenium_view_issue,Success,True
.test_1_selenium_view_issue,Total:40 Passed:40 Failed:0
1618959060620,525,selenium_project_summary,Success,True
.test_1_selenium_view_project_summary,Total:41 Passed:41 Failed:0
1618959060935,314,selenium_log_out,Success,True
.test_2_selenium_z_log_out,Total:42 Passed:42 Failed:0


=============================== warnings summary ===============================
../../usr/local/lib/python3.8/dist-packages/_pytest/config/__init__.py:1114
  /usr/local/lib/python3.8/dist-packages/_pytest/config/__init__.py:1114: PytestAssertRewriteWarning: Module already imported so cannot be rewritten: apiritif
    self._mark_plugins_for_rewrite(hook)

-- Docs: https://docs.pytest.org/en/stable/warnings.html
======================== 14 passed, 1 warning in 14.31s ========================
============================= test session starts ==============================
platform linux -- Python 3.8.5, pytest-6.2.1, py-1.10.0, pluggy-0.13.1
rootdir: /dc-app-performance-toolkit/app
plugins: apiritif-0.9.6
collected 14 items

selenium_ui/jira_ui.py get driver from global
1618959061119,136,selenium_login:open_login_page,Success,True
1618959062497,1378,selenium_login:login_and_view_dashboard,Success,True
1618959062497,1515,selenium_login,Success,True
.test_0_selenium_a_login,Total:43 Passed:43 Failed:0
1618959062911,271,selenium_browse_projects_list,Success,True
.test_1_selenium_browse_projects_list,Total:44 Passed:44 Failed:0
1618959063209,296,selenium_browse_boards_list,Success,True
.test_1_selenium_browse_boards_list,Total:45 Passed:45 Failed:0
1618959064093,872,selenium_create_issue:open_quick_create,Success,True
1618959065333,630,selenium_create_issue:fill_and_submit_issue_form:submit_issue_form,Success,True
1618959065333,1239,selenium_create_issue:fill_and_submit_issue_form,Success,True
1618959065333,2112,selenium_create_issue,Success,True
.test_1_selenium_create_issue,Total:46 Passed:46 Failed:0
1618959065977,631,selenium_edit_issue:open_edit_issue_form,Success,True
1618959067261,688,selenium_edit_issue:save_edit_issue_form,Success,True
1618959067261,1915,selenium_edit_issue,Success,True
.test_1_selenium_edit_issue,Total:47 Passed:47 Failed:0
1618959067686,423,selenium_save_comment:open_comment_form,Success,True
1618959068763,918,selenium_save_comment:submit_form,Success,True
1618959068763,1500,selenium_save_comment,Success,True
.test_1_selenium_save_comment,Total:48 Passed:48 Failed:0
1618959070358,1592,selenium_search_jql,Success,True
.test_1_selenium_search_jql,Total:49 Passed:49 Failed:0
1618959071334,975,selenium_view_scrum_board_backlog,Success,True
.test_1_selenium_view_backlog_for_scrum_board,Total:50 Passed:50 Failed:0
1618959072196,860,selenium_view_scrum_board,Success,True
.test_1_selenium_view_scrum_board,Total:51 Passed:51 Failed:0
1618959073464,1265,selenium_view_kanban_board,Success,True
.test_1_selenium_view_kanban_board,Total:52 Passed:52 Failed:0
1618959073824,358,selenium_view_dashboard,Success,True
.test_1_selenium_view_dashboard,Total:53 Passed:53 Failed:0
1618959074617,790,selenium_view_issue,Success,True
.test_1_selenium_view_issue,Total:54 Passed:54 Failed:0
1618959075113,493,selenium_project_summary,Success,True
.test_1_selenium_view_project_summary,Total:55 Passed:55 Failed:0
1618959075457,342,selenium_log_out,Success,True
.test_2_selenium_z_log_out,Total:56 Passed:56 Failed:0


=============================== warnings summary ===============================
../../usr/local/lib/python3.8/dist-packages/_pytest/config/__init__.py:1114
  /usr/local/lib/python3.8/dist-packages/_pytest/config/__init__.py:1114: PytestAssertRewriteWarning: Module already imported so cannot be rewritten: apiritif
    self._mark_plugins_for_rewrite(hook)

-- Docs: https://docs.pytest.org/en/stable/warnings.html
======================== 14 passed, 1 warning in 14.49s ========================
============================= test session starts ==============================
platform linux -- Python 3.8.5, pytest-6.2.1, py-1.10.0, pluggy-0.13.1
rootdir: /dc-app-performance-toolkit/app
plugins: apiritif-0.9.6
collected 14 items

selenium_ui/jira_ui.py get driver from global
1618959075638,131,selenium_login:open_login_page,Success,True
1618959076912,1274,selenium_login:login_and_view_dashboard,Success,True
1618959076913,1406,selenium_login,Success,True
.test_0_selenium_a_login,Total:57 Passed:57 Failed:0
1618959077346,273,selenium_browse_projects_list,Success,True
.test_1_selenium_browse_projects_list,Total:58 Passed:58 Failed:0
1618959077648,301,selenium_browse_boards_list,Success,True
.test_1_selenium_browse_boards_list,Total:59 Passed:59 Failed:0
1618959078502,843,selenium_create_issue:open_quick_create,Success,True
1618959079837,646,selenium_create_issue:fill_and_submit_issue_form:submit_issue_form,Success,True
1618959079837,1334,selenium_create_issue:fill_and_submit_issue_form,Success,True
1618959079837,2178,selenium_create_issue,Success,True
.test_1_selenium_create_issue,Total:60 Passed:60 Failed:0
1618959080444,597,selenium_edit_issue:open_edit_issue_form,Success,True
1618959081659,651,selenium_edit_issue:save_edit_issue_form,Success,True
1618959081659,1812,selenium_edit_issue,Success,True
.test_1_selenium_edit_issue,Total:61 Passed:61 Failed:0
1618959082087,426,selenium_save_comment:open_comment_form,Success,True
1618959083113,829,selenium_save_comment:submit_form,Success,True
1618959083113,1452,selenium_save_comment,Success,True
.test_1_selenium_save_comment,Total:62 Passed:62 Failed:0
1618959084713,1597,selenium_search_jql,Success,True
.test_1_selenium_search_jql,Total:63 Passed:63 Failed:0
1618959086257,1542,selenium_view_scrum_board_backlog,Success,True
.test_1_selenium_view_backlog_for_scrum_board,Total:64 Passed:64 Failed:0
1618959087129,870,selenium_view_scrum_board,Success,True
.test_1_selenium_view_scrum_board,Total:65 Passed:65 Failed:0
1618959087773,642,selenium_view_kanban_board,Success,True
.test_1_selenium_view_kanban_board,Total:66 Passed:66 Failed:0
1618959088256,481,selenium_view_dashboard,Success,True
.test_1_selenium_view_dashboard,Total:67 Passed:67 Failed:0
1618959088974,715,selenium_view_issue,Success,True
.test_1_selenium_view_issue,Total:68 Passed:68 Failed:0
1618959089605,630,selenium_project_summary,Success,True
.test_1_selenium_view_project_summary,Total:69 Passed:69 Failed:0
1618959089944,337,selenium_log_out,Success,True
.test_2_selenium_z_log_out,Total:70 Passed:70 Failed:0


=============================== warnings summary ===============================
../../usr/local/lib/python3.8/dist-packages/_pytest/config/__init__.py:1114
  /usr/local/lib/python3.8/dist-packages/_pytest/config/__init__.py:1114: PytestAssertRewriteWarning: Module already imported so cannot be rewritten: apiritif
    self._mark_plugins_for_rewrite(hook)

-- Docs: https://docs.pytest.org/en/stable/warnings.html
======================== 14 passed, 1 warning in 14.45s ========================
============================= test session starts ==============================
platform linux -- Python 3.8.5, pytest-6.2.1, py-1.10.0, pluggy-0.13.1
rootdir: /dc-app-performance-toolkit/app
plugins: apiritif-0.9.6
collected 14 items

selenium_ui/jira_ui.py get driver from global
1618959090105,113,selenium_login:open_login_page,Success,True
1618959091556,1450,selenium_login:login_and_view_dashboard,Success,True
1618959091556,1564,selenium_login,Success,True
.test_0_selenium_a_login,Total:71 Passed:71 Failed:0
1618959091840,254,selenium_browse_projects_list,Success,True
.test_1_selenium_browse_projects_list,Total:72 Passed:72 Failed:0
1618959092185,344,selenium_browse_boards_list,Success,True
.test_1_selenium_browse_boards_list,Total:73 Passed:73 Failed:0
1618959093145,949,selenium_create_issue:open_quick_create,Success,True
1618959094390,629,selenium_create_issue:fill_and_submit_issue_form:submit_issue_form,Success,True
1618959094390,1245,selenium_create_issue:fill_and_submit_issue_form,Success,True
1618959094390,2194,selenium_create_issue,Success,True
.test_1_selenium_create_issue,Total:74 Passed:74 Failed:0
1618959095094,686,selenium_edit_issue:open_edit_issue_form,Success,True
1618959096319,808,selenium_edit_issue:save_edit_issue_form,Success,True
1618959096319,1912,selenium_edit_issue,Success,True
.test_1_selenium_edit_issue,Total:75 Passed:75 Failed:0
1618959096733,412,selenium_save_comment:open_comment_form,Success,True
1618959097821,981,selenium_save_comment:submit_form,Success,True
1618959097821,1500,selenium_save_comment,Success,True
.test_1_selenium_save_comment,Total:76 Passed:76 Failed:0
1618959099261,1439,selenium_search_jql,Success,True
.test_1_selenium_search_jql,Total:77 Passed:77 Failed:0
1618959100257,994,selenium_view_scrum_board_backlog,Success,True
.test_1_selenium_view_backlog_for_scrum_board,Total:78 Passed:78 Failed:0
1618959101186,927,selenium_view_scrum_board,Success,True
.test_1_selenium_view_scrum_board,Total:79 Passed:79 Failed:0
1618959102792,1603,selenium_view_kanban_board,Success,True
.test_1_selenium_view_kanban_board,Total:80 Passed:80 Failed:0
1618959103307,513,selenium_view_dashboard,Success,True
.test_1_selenium_view_dashboard,Total:81 Passed:81 Failed:0
1618959104066,757,selenium_view_issue,Success,True
.test_1_selenium_view_issue,Total:82 Passed:82 Failed:0
1618959104597,529,selenium_project_summary,Success,True
.test_1_selenium_view_project_summary,Total:83 Passed:83 Failed:0
1618959105019,420,selenium_log_out,Success,True
.test_2_selenium_z_log_out,Total:84 Passed:84 Failed:0


=============================== warnings summary ===============================
../../usr/local/lib/python3.8/dist-packages/_pytest/config/__init__.py:1114
  /usr/local/lib/python3.8/dist-packages/_pytest/config/__init__.py:1114: PytestAssertRewriteWarning: Module already imported so cannot be rewritten: apiritif
    self._mark_plugins_for_rewrite(hook)

-- Docs: https://docs.pytest.org/en/stable/warnings.html
======================== 14 passed, 1 warning in 15.04s ========================
============================= test session starts ==============================
platform linux -- Python 3.8.5, pytest-6.2.1, py-1.10.0, pluggy-0.13.1
rootdir: /dc-app-performance-toolkit/app
plugins: apiritif-0.9.6
collected 14 items

selenium_ui/jira_ui.py get driver from global
1618959105194,126,selenium_login:open_login_page,Success,True
1618959106568,1373,selenium_login:login_and_view_dashboard,Success,True
1618959106568,1500,selenium_login,Success,True
.test_0_selenium_a_login,Total:85 Passed:85 Failed:0
1618959106971,260,selenium_browse_projects_list,Success,True
.test_1_selenium_browse_projects_list,Total:86 Passed:86 Failed:0
1618959107282,309,selenium_browse_boards_list,Success,True
.test_1_selenium_browse_boards_list,Total:87 Passed:87 Failed:0
1618959108247,954,selenium_create_issue:open_quick_create,Success,True
1618959109500,631,selenium_create_issue:fill_and_submit_issue_form:submit_issue_form,Success,True
1618959109501,1253,selenium_create_issue:fill_and_submit_issue_form,Success,True
1618959109501,2208,selenium_create_issue,Success,True
.test_1_selenium_create_issue,Total:88 Passed:88 Failed:0
1618959110323,812,selenium_edit_issue:open_edit_issue_form,Success,True
1618959111298,664,selenium_edit_issue:save_edit_issue_form,Success,True
1618959111298,1787,selenium_edit_issue,Success,True
.test_1_selenium_edit_issue,Total:89 Passed:89 Failed:0
1618959111720,420,selenium_save_comment:open_comment_form,Success,True
1618959112923,1019,selenium_save_comment:submit_form,Success,True
1618959112923,1624,selenium_save_comment,Success,True
.test_1_selenium_save_comment,Total:90 Passed:90 Failed:0
1618959114387,1462,selenium_search_jql,Success,True
.test_1_selenium_search_jql,Total:91 Passed:91 Failed:0
1618959115207,818,selenium_view_scrum_board_backlog,Success,True
.test_1_selenium_view_backlog_for_scrum_board,Total:92 Passed:92 Failed:0
1618959116058,848,selenium_view_scrum_board,Success,True
.test_1_selenium_view_scrum_board,Total:93 Passed:93 Failed:0
1618959116702,642,selenium_view_kanban_board,Success,True
.test_1_selenium_view_kanban_board,Total:94 Passed:94 Failed:0
1618959117024,319,selenium_view_dashboard,Success,True
.test_1_selenium_view_dashboard,Total:95 Passed:95 Failed:0
1618959117804,778,selenium_view_issue,Success,True
.test_1_selenium_view_issue,Total:96 Passed:96 Failed:0
1618959118288,482,selenium_project_summary,Success,True
.test_1_selenium_view_project_summary,Total:97 Passed:97 Failed:0
1618959118645,355,selenium_log_out,Success,True
.test_2_selenium_z_log_out,Total:98 Passed:98 Failed:0


=============================== warnings summary ===============================
../../usr/local/lib/python3.8/dist-packages/_pytest/config/__init__.py:1114
  /usr/local/lib/python3.8/dist-packages/_pytest/config/__init__.py:1114: PytestAssertRewriteWarning: Module already imported so cannot be rewritten: apiritif
    self._mark_plugins_for_rewrite(hook)

-- Docs: https://docs.pytest.org/en/stable/warnings.html
======================== 14 passed, 1 warning in 13.59s ========================
============================= test session starts ==============================
platform linux -- Python 3.8.5, pytest-6.2.1, py-1.10.0, pluggy-0.13.1
rootdir: /dc-app-performance-toolkit/app
plugins: apiritif-0.9.6
collected 14 items

selenium_ui/jira_ui.py get driver from global
1618959118815,120,selenium_login:open_login_page,Success,True
1618959120212,1396,selenium_login:login_and_view_dashboard,Success,True
1618959120212,1517,selenium_login,Success,True
.test_0_selenium_a_login,Total:99 Passed:99 Failed:0
1618959120506,269,selenium_browse_projects_list,Success,True
.test_1_selenium_browse_projects_list,Total:100 Passed:100 Failed:0
1618959120795,287,selenium_browse_boards_list,Success,True
.test_1_selenium_browse_boards_list,Total:101 Passed:101 Failed:0
1618959121589,784,selenium_create_issue:open_quick_create,Success,True
1618959122931,681,selenium_create_issue:fill_and_submit_issue_form:submit_issue_form,Success,True
1618959122931,1342,selenium_create_issue:fill_and_submit_issue_form,Success,True
1618959122932,2126,selenium_create_issue,Success,True
.test_1_selenium_create_issue,Total:102 Passed:102 Failed:0
1618959123475,533,selenium_edit_issue:open_edit_issue_form,Success,True
1618959124761,673,selenium_edit_issue:save_edit_issue_form,Success,True
1618959124761,1819,selenium_edit_issue,Success,True
.test_1_selenium_edit_issue,Total:103 Passed:103 Failed:0
1618959125241,478,selenium_save_comment:open_comment_form,Success,True
1618959126204,848,selenium_save_comment:submit_form,Success,True
1618959126204,1441,selenium_save_comment,Success,True
.test_1_selenium_save_comment,Total:104 Passed:104 Failed:0
1618959127741,1535,selenium_search_jql,Success,True
.test_1_selenium_search_jql,Total:105 Passed:105 Failed:0
1618959128813,1070,selenium_view_scrum_board_backlog,Success,True
.test_1_selenium_view_backlog_for_scrum_board,Total:106 Passed:106 Failed:0
1618959129821,1006,selenium_view_scrum_board,Success,True
.test_1_selenium_view_scrum_board,Total:107 Passed:107 Failed:0
1618959130378,555,selenium_view_kanban_board,Success,True
.test_1_selenium_view_kanban_board,Total:108 Passed:108 Failed:0
1618959130650,269,selenium_view_dashboard,Success,True
.test_1_selenium_view_dashboard,Total:109 Passed:109 Failed:0
1618959131400,748,selenium_view_issue,Success,True
.test_1_selenium_view_issue,Total:110 Passed:110 Failed:0
1618959131928,525,selenium_project_summary,Success,True
.test_1_selenium_view_project_summary,Total:111 Passed:111 Failed:0
1618959132291,361,selenium_log_out,Success,True
.test_2_selenium_z_log_out,Total:112 Passed:112 Failed:0


=============================== warnings summary ===============================
../../usr/local/lib/python3.8/dist-packages/_pytest/config/__init__.py:1114
  /usr/local/lib/python3.8/dist-packages/_pytest/config/__init__.py:1114: PytestAssertRewriteWarning: Module already imported so cannot be rewritten: apiritif
    self._mark_plugins_for_rewrite(hook)

-- Docs: https://docs.pytest.org/en/stable/warnings.html
======================== 14 passed, 1 warning in 13.61s ========================
============================= test session starts ==============================
platform linux -- Python 3.8.5, pytest-6.2.1, py-1.10.0, pluggy-0.13.1
rootdir: /dc-app-performance-toolkit/app
plugins: apiritif-0.9.6
collected 14 items

selenium_ui/jira_ui.py get driver from global
1618959132459,117,selenium_login:open_login_page,Success,True
1618959133840,1380,selenium_login:login_and_view_dashboard,Success,True
1618959133840,1498,selenium_login,Success,True
.test_0_selenium_a_login,Total:113 Passed:113 Failed:0
1618959134116,251,selenium_browse_projects_list,Success,True
.test_1_selenium_browse_projects_list,Total:114 Passed:114 Failed:0
1618959134423,305,selenium_browse_boards_list,Success,True
.test_1_selenium_browse_boards_list,Total:115 Passed:115 Failed:0
1618959135311,877,selenium_create_issue:open_quick_create,Success,True
1618959136639,627,selenium_create_issue:fill_and_submit_issue_form:submit_issue_form,Success,True
1618959136639,1328,selenium_create_issue:fill_and_submit_issue_form,Success,True
1618959136640,2205,selenium_create_issue,Success,True
.test_1_selenium_create_issue,Total:116 Passed:116 Failed:0
1618959137365,715,selenium_edit_issue:open_edit_issue_form,Success,True
1618959138516,596,selenium_edit_issue:save_edit_issue_form,Success,True
1618959138516,1867,selenium_edit_issue,Success,True
.test_1_selenium_edit_issue,Total:117 Passed:117 Failed:0
1618959139002,484,selenium_save_comment:open_comment_form,Success,True
1618959140070,944,selenium_save_comment:submit_form,Success,True
1618959140070,1551,selenium_save_comment,Success,True
.test_1_selenium_save_comment,Total:118 Passed:118 Failed:0
1618959141529,1457,selenium_search_jql,Success,True
.test_1_selenium_search_jql,Total:119 Passed:119 Failed:0
1618959142361,830,selenium_view_scrum_board_backlog,Success,True
.test_1_selenium_view_backlog_for_scrum_board,Total:120 Passed:120 Failed:0
1618959143186,823,selenium_view_scrum_board,Success,True
.test_1_selenium_view_scrum_board,Total:121 Passed:121 Failed:0
1618959143991,803,selenium_view_kanban_board,Success,True
.test_1_selenium_view_kanban_board,Total:122 Passed:122 Failed:0
1618959144389,396,selenium_view_dashboard,Success,True
.test_1_selenium_view_dashboard,Total:123 Passed:123 Failed:0
1618959145233,842,selenium_view_issue,Success,True
.test_1_selenium_view_issue,Total:124 Passed:124 Failed:0
1618959145724,490,selenium_project_summary,Success,True
.test_1_selenium_view_project_summary,Total:125 Passed:125 Failed:0
1618959146106,380,selenium_log_out,Success,True
.test_2_selenium_z_log_out,Total:126 Passed:126 Failed:0


=============================== warnings summary ===============================
../../usr/local/lib/python3.8/dist-packages/_pytest/config/__init__.py:1114
  /usr/local/lib/python3.8/dist-packages/_pytest/config/__init__.py:1114: PytestAssertRewriteWarning: Module already imported so cannot be rewritten: apiritif
    self._mark_plugins_for_rewrite(hook)

-- Docs: https://docs.pytest.org/en/stable/warnings.html
======================== 14 passed, 1 warning in 13.77s ========================
============================= test session starts ==============================
platform linux -- Python 3.8.5, pytest-6.2.1, py-1.10.0, pluggy-0.13.1
rootdir: /dc-app-performance-toolkit/app
plugins: apiritif-0.9.6
collected 14 items

selenium_ui/jira_ui.py get driver from global
1618959146274,119,selenium_login:open_login_page,Success,True
1618959147593,1318,selenium_login:login_and_view_dashboard,Success,True
1618959147593,1438,selenium_login,Success,True
.test_0_selenium_a_login,Total:127 Passed:127 Failed:0
1618959148027,285,selenium_browse_projects_list,Success,True
.test_1_selenium_browse_projects_list,Total:128 Passed:128 Failed:0
1618959148337,308,selenium_browse_boards_list,Success,True
.test_1_selenium_browse_boards_list,Total:129 Passed:129 Failed:0
1618959149040,693,selenium_create_issue:open_quick_create,Success,True
1618959150193,622,selenium_create_issue:fill_and_submit_issue_form:submit_issue_form,Success,True
1618959150193,1152,selenium_create_issue:fill_and_submit_issue_form,Success,True
1618959150193,1846,selenium_create_issue,Success,True
.test_1_selenium_create_issue,Total:130 Passed:130 Failed:0
1618959150764,560,selenium_edit_issue:open_edit_issue_form,Success,True
1618959152048,761,selenium_edit_issue:save_edit_issue_form,Success,True
1618959152048,1844,selenium_edit_issue,Success,True
.test_1_selenium_edit_issue,Total:131 Passed:131 Failed:0
1618959152719,669,selenium_save_comment:open_comment_form,Success,True
1618959153823,987,selenium_save_comment:submit_form,Success,True
1618959153824,1773,selenium_save_comment,Success,True
.test_1_selenium_save_comment,Total:132 Passed:132 Failed:0
1618959155263,1438,selenium_search_jql,Success,True
.test_1_selenium_search_jql,Total:133 Passed:133 Failed:0
1618959156096,831,selenium_view_scrum_board_backlog,Success,True
.test_1_selenium_view_backlog_for_scrum_board,Total:134 Passed:134 Failed:0
1618959156931,832,selenium_view_scrum_board,Success,True
.test_1_selenium_view_scrum_board,Total:135 Passed:135 Failed:0
1618959157757,824,selenium_view_kanban_board,Success,True
.test_1_selenium_view_kanban_board,Total:136 Passed:136 Failed:0
1618959158054,295,selenium_view_dashboard,Success,True
.test_1_selenium_view_dashboard,Total:137 Passed:137 Failed:0
1618959158853,797,selenium_view_issue,Success,True
.test_1_selenium_view_issue,Total:138 Passed:138 Failed:0
1618959159335,479,selenium_project_summary,Success,True
.test_1_selenium_view_project_summary,Total:139 Passed:139 Failed:0
1618959159716,379,selenium_log_out,Success,True
.test_2_selenium_z_log_out,Total:140 Passed:140 Failed:0


=============================== warnings summary ===============================
../../usr/local/lib/python3.8/dist-packages/_pytest/config/__init__.py:1114
  /usr/local/lib/python3.8/dist-packages/_pytest/config/__init__.py:1114: PytestAssertRewriteWarning: Module already imported so cannot be rewritten: apiritif
    self._mark_plugins_for_rewrite(hook)

-- Docs: https://docs.pytest.org/en/stable/warnings.html
======================== 14 passed, 1 warning in 13.57s ========================
============================= test session starts ==============================
platform linux -- Python 3.8.5, pytest-6.2.1, py-1.10.0, pluggy-0.13.1
rootdir: /dc-app-performance-toolkit/app
plugins: apiritif-0.9.6
collected 14 items

selenium_ui/jira_ui.py get driver from global
1618959159929,124,selenium_login:open_login_page,Success,True
1618959162057,2127,selenium_login:login_and_view_dashboard,Success,True
1618959162057,2252,selenium_login,Success,True
.test_0_selenium_a_login,Total:141 Passed:141 Failed:0
1618959162411,325,selenium_browse_projects_list,Success,True
.test_1_selenium_browse_projects_list,Total:142 Passed:142 Failed:0
1618959162754,341,selenium_browse_boards_list,Success,True
.test_1_selenium_browse_boards_list,Total:143 Passed:143 Failed:0
1618959163723,957,selenium_create_issue:open_quick_create,Success,True
1618959165162,628,selenium_create_issue:fill_and_submit_issue_form:submit_issue_form,Success,True
1618959165162,1439,selenium_create_issue:fill_and_submit_issue_form,Success,True
1618959165162,2397,selenium_create_issue,Success,True
.test_1_selenium_create_issue,Total:144 Passed:144 Failed:0
1618959165785,612,selenium_edit_issue:open_edit_issue_form,Success,True
1618959167011,654,selenium_edit_issue:save_edit_issue_form,Success,True
1618959167011,1838,selenium_edit_issue,Success,True
.test_1_selenium_edit_issue,Total:145 Passed:145 Failed:0
1618959167482,470,selenium_save_comment:open_comment_form,Success,True
1618959168674,1005,selenium_save_comment:submit_form,Success,True
1618959168674,1662,selenium_save_comment,Success,True
.test_1_selenium_save_comment,Total:146 Passed:146 Failed:0
1618959170247,1571,selenium_search_jql,Success,True
.test_1_selenium_search_jql,Total:147 Passed:147 Failed:0
1618959171807,1558,selenium_view_scrum_board_backlog,Success,True
.test_1_selenium_view_backlog_for_scrum_board,Total:148 Passed:148 Failed:0
1618959172666,856,selenium_view_scrum_board,Success,True
.test_1_selenium_view_scrum_board,Total:149 Passed:149 Failed:0
1618959173387,719,selenium_view_kanban_board,Success,True
.test_1_selenium_view_kanban_board,Total:150 Passed:150 Failed:0
1618959173682,293,selenium_view_dashboard,Success,True
.test_1_selenium_view_dashboard,Total:151 Passed:151 Failed:0
1618959174439,755,selenium_view_issue,Success,True
.test_1_selenium_view_issue,Total:152 Passed:152 Failed:0
1618959174994,553,selenium_project_summary,Success,True
.test_1_selenium_view_project_summary,Total:153 Passed:153 Failed:0
1618959175392,396,selenium_log_out,Success,True
.test_2_selenium_z_log_out,Total:154 Passed:154 Failed:0


=============================== warnings summary ===============================
../../usr/local/lib/python3.8/dist-packages/_pytest/config/__init__.py:1114
  /usr/local/lib/python3.8/dist-packages/_pytest/config/__init__.py:1114: PytestAssertRewriteWarning: Module already imported so cannot be rewritten: apiritif
    self._mark_plugins_for_rewrite(hook)

-- Docs: https://docs.pytest.org/en/stable/warnings.html
======================== 14 passed, 1 warning in 15.60s ========================
============================= test session starts ==============================
platform linux -- Python 3.8.5, pytest-6.2.1, py-1.10.0, pluggy-0.13.1
rootdir: /dc-app-performance-toolkit/app
plugins: apiritif-0.9.6
collected 14 items

selenium_ui/jira_ui.py get driver from global
1618959175602,146,selenium_login:open_login_page,Success,True
1618959177086,1484,selenium_login:login_and_view_dashboard,Success,True
1618959177087,1631,selenium_login,Success,True
.test_0_selenium_a_login,Total:155 Passed:155 Failed:0
1618959177553,317,selenium_browse_projects_list,Success,True
.test_1_selenium_browse_projects_list,Total:156 Passed:156 Failed:0
1618959177863,308,selenium_browse_boards_list,Success,True
.test_1_selenium_browse_boards_list,Total:157 Passed:157 Failed:0
1618959178750,876,selenium_create_issue:open_quick_create,Success,True
1618959180042,629,selenium_create_issue:fill_and_submit_issue_form:submit_issue_form,Success,True
1618959180042,1292,selenium_create_issue:fill_and_submit_issue_form,Success,True
1618959180043,2168,selenium_create_issue,Success,True
.test_1_selenium_create_issue,Total:158 Passed:158 Failed:0
1618959180750,698,selenium_edit_issue:open_edit_issue_form,Success,True
1618959181889,688,selenium_edit_issue:save_edit_issue_form,Success,True
1618959181889,1836,selenium_edit_issue,Success,True
.test_1_selenium_edit_issue,Total:159 Passed:159 Failed:0
1618959182302,411,selenium_save_comment:open_comment_form,Success,True
1618959183325,835,selenium_save_comment:submit_form,Success,True
1618959183325,1434,selenium_save_comment,Success,True
.test_1_selenium_save_comment,Total:160 Passed:160 Failed:0
1618959184852,1525,selenium_search_jql,Success,True
.test_1_selenium_search_jql,Total:161 Passed:161 Failed:0
1618959186087,1232,selenium_view_scrum_board_backlog,Success,True
.test_1_selenium_view_backlog_for_scrum_board,Total:162 Passed:162 Failed:0
1618959187058,969,selenium_view_scrum_board,Success,True
.test_1_selenium_view_scrum_board,Total:163 Passed:163 Failed:0
1618959187703,643,selenium_view_kanban_board,Success,True
.test_1_selenium_view_kanban_board,Total:164 Passed:164 Failed:0
1618959188086,380,selenium_view_dashboard,Success,True
.test_1_selenium_view_dashboard,Total:165 Passed:165 Failed:0
1618959188880,791,selenium_view_issue,Success,True
.test_1_selenium_view_issue,Total:166 Passed:166 Failed:0
1618959189404,521,selenium_project_summary,Success,True
.test_1_selenium_view_project_summary,Total:167 Passed:167 Failed:0
1618959189822,416,selenium_log_out,Success,True
.test_2_selenium_z_log_out,Total:168 Passed:168 Failed:0


=============================== warnings summary ===============================
../../usr/local/lib/python3.8/dist-packages/_pytest/config/__init__.py:1114
  /usr/local/lib/python3.8/dist-packages/_pytest/config/__init__.py:1114: PytestAssertRewriteWarning: Module already imported so cannot be rewritten: apiritif
    self._mark_plugins_for_rewrite(hook)

-- Docs: https://docs.pytest.org/en/stable/warnings.html
======================== 14 passed, 1 warning in 14.38s ========================
============================= test session starts ==============================
platform linux -- Python 3.8.5, pytest-6.2.1, py-1.10.0, pluggy-0.13.1
rootdir: /dc-app-performance-toolkit/app
plugins: apiritif-0.9.6
collected 14 items

selenium_ui/jira_ui.py get driver from global
1618959189992,120,selenium_login:open_login_page,Success,True
1618959191332,1340,selenium_login:login_and_view_dashboard,Success,True
1618959191332,1461,selenium_login,Success,True
.test_0_selenium_a_login,Total:169 Passed:169 Failed:0
1618959191747,266,selenium_browse_projects_list,Success,True
.test_1_selenium_browse_projects_list,Total:170 Passed:170 Failed:0
1618959192040,291,selenium_browse_boards_list,Success,True
.test_1_selenium_browse_boards_list,Total:171 Passed:171 Failed:0
1618959192907,856,selenium_create_issue:open_quick_create,Success,True
1618959194286,625,selenium_create_issue:fill_and_submit_issue_form:submit_issue_form,Success,True
1618959194286,1378,selenium_create_issue:fill_and_submit_issue_form,Success,True
1618959194286,2235,selenium_create_issue,Success,True
.test_1_selenium_create_issue,Total:172 Passed:172 Failed:0
1618959194975,674,selenium_edit_issue:open_edit_issue_form,Success,True
1618959196110,587,selenium_edit_issue:save_edit_issue_form,Success,True
1618959196110,1808,selenium_edit_issue,Success,True
.test_1_selenium_edit_issue,Total:173 Passed:173 Failed:0
1618959196600,488,selenium_save_comment:open_comment_form,Success,True
1618959197576,814,selenium_save_comment:submit_form,Success,True
1618959197576,1464,selenium_save_comment,Success,True
.test_1_selenium_save_comment,Total:174 Passed:174 Failed:0
1618959199008,1430,selenium_search_jql,Success,True
.test_1_selenium_search_jql,Total:175 Passed:175 Failed:0
1618959200554,1544,selenium_view_scrum_board_backlog,Success,True
.test_1_selenium_view_backlog_for_scrum_board,Total:176 Passed:176 Failed:0
1618959201369,812,selenium_view_scrum_board,Success,True
.test_1_selenium_view_scrum_board,Total:177 Passed:177 Failed:0
1618959202364,993,selenium_view_kanban_board,Success,True
.test_1_selenium_view_kanban_board,Total:178 Passed:178 Failed:0
1618959202889,523,selenium_view_dashboard,Success,True
.test_1_selenium_view_dashboard,Total:179 Passed:179 Failed:0
1618959203671,780,selenium_view_issue,Success,True
.test_1_selenium_view_issue,Total:180 Passed:180 Failed:0
1618959204222,549,selenium_project_summary,Success,True
.test_1_selenium_view_project_summary,Total:181 Passed:181 Failed:0
1618959204593,369,selenium_log_out,Success,True
.test_2_selenium_z_log_out,Total:182 Passed:182 Failed:0


=============================== warnings summary ===============================
../../usr/local/lib/python3.8/dist-packages/_pytest/config/__init__.py:1114
  /usr/local/lib/python3.8/dist-packages/_pytest/config/__init__.py:1114: PytestAssertRewriteWarning: Module already imported so cannot be rewritten: apiritif
    self._mark_plugins_for_rewrite(hook)

-- Docs: https://docs.pytest.org/en/stable/warnings.html
======================== 14 passed, 1 warning in 14.74s ========================
============================= test session starts ==============================
platform linux -- Python 3.8.5, pytest-6.2.1, py-1.10.0, pluggy-0.13.1
rootdir: /dc-app-performance-toolkit/app
plugins: apiritif-0.9.6
collected 14 items

selenium_ui/jira_ui.py get driver from global
1618959204771,129,selenium_login:open_login_page,Success,True
1618959206248,1477,selenium_login:login_and_view_dashboard,Success,True
1618959206249,1607,selenium_login,Success,True
.test_0_selenium_a_login,Total:183 Passed:183 Failed:0
1618959206519,247,selenium_browse_projects_list,Success,True
.test_1_selenium_browse_projects_list,Total:184 Passed:184 Failed:0
1618959206816,295,selenium_browse_boards_list,Success,True
.test_1_selenium_browse_boards_list,Total:185 Passed:185 Failed:0
1618959207716,888,selenium_create_issue:open_quick_create,Success,True
1618959208955,626,selenium_create_issue:fill_and_submit_issue_form:submit_issue_form,Success,True
1618959208955,1238,selenium_create_issue:fill_and_submit_issue_form,Success,True
1618959208955,2126,selenium_create_issue,Success,True
.test_1_selenium_create_issue,Total:186 Passed:186 Failed:0
1618959209523,556,selenium_edit_issue:open_edit_issue_form,Success,True
1618959210707,648,selenium_edit_issue:save_edit_issue_form,Success,True
1618959210707,1741,selenium_edit_issue,Success,True
.test_1_selenium_edit_issue,Total:187 Passed:187 Failed:0
1618959211154,445,selenium_save_comment:open_comment_form,Success,True
1618959212285,950,selenium_save_comment:submit_form,Success,True
1618959212285,1576,selenium_save_comment,Success,True
.test_1_selenium_save_comment,Total:188 Passed:188 Failed:0
1618959213915,1627,selenium_search_jql,Success,True
.test_1_selenium_search_jql,Total:189 Passed:189 Failed:0
1618959215476,1559,selenium_view_scrum_board_backlog,Success,True
.test_1_selenium_view_backlog_for_scrum_board,Total:190 Passed:190 Failed:0
1618959216348,870,selenium_view_scrum_board,Success,True
.test_1_selenium_view_scrum_board,Total:191 Passed:191 Failed:0
1618959217558,1209,selenium_view_kanban_board,Success,True
.test_1_selenium_view_kanban_board,Total:192 Passed:192 Failed:0
1618959218326,765,selenium_view_dashboard,Success,True
.test_1_selenium_view_dashboard,Total:193 Passed:193 Failed:0
1618959219124,796,selenium_view_issue,Success,True
.test_1_selenium_view_issue,Total:194 Passed:194 Failed:0
1618959219544,418,selenium_project_summary,Success,True
.test_1_selenium_view_project_summary,Total:195 Passed:195 Failed:0
1618959219920,374,selenium_log_out,Success,True
.test_2_selenium_z_log_out,Total:196 Passed:196 Failed:0


=============================== warnings summary ===============================
../../usr/local/lib/python3.8/dist-packages/_pytest/config/__init__.py:1114
  /usr/local/lib/python3.8/dist-packages/_pytest/config/__init__.py:1114: PytestAssertRewriteWarning: Module already imported so cannot be rewritten: apiritif
    self._mark_plugins_for_rewrite(hook)

-- Docs: https://docs.pytest.org/en/stable/warnings.html
======================== 14 passed, 1 warning in 15.29s ========================
============================= test session starts ==============================
platform linux -- Python 3.8.5, pytest-6.2.1, py-1.10.0, pluggy-0.13.1
rootdir: /dc-app-performance-toolkit/app
plugins: apiritif-0.9.6
collected 14 items

selenium_ui/jira_ui.py get driver from global
1618959220079,108,selenium_login:open_login_page,Success,True
1618959221570,1491,selenium_login:login_and_view_dashboard,Success,True
1618959221571,1600,selenium_login,Success,True
.test_0_selenium_a_login,Total:197 Passed:197 Failed:0
1618959221867,267,selenium_browse_projects_list,Success,True
.test_1_selenium_browse_projects_list,Total:198 Passed:198 Failed:0
1618959222164,294,selenium_browse_boards_list,Success,True
.test_1_selenium_browse_boards_list,Total:199 Passed:199 Failed:0
1618959223031,856,selenium_create_issue:open_quick_create,Success,True
1618959224361,648,selenium_create_issue:fill_and_submit_issue_form:submit_issue_form,Success,True
1618959224361,1329,selenium_create_issue:fill_and_submit_issue_form,Success,True
1618959224361,2186,selenium_create_issue,Success,True
.test_1_selenium_create_issue,Total:200 Passed:200 Failed:0
1618959224940,568,selenium_edit_issue:open_edit_issue_form,Success,True
1618959226152,689,selenium_edit_issue:save_edit_issue_form,Success,True
1618959226153,1781,selenium_edit_issue,Success,True
.test_1_selenium_edit_issue,Total:201 Passed:201 Failed:0
1618959226648,493,selenium_save_comment:open_comment_form,Success,True
1618959227623,858,selenium_save_comment:submit_form,Success,True
1618959227623,1468,selenium_save_comment,Success,True
.test_1_selenium_save_comment,Total:202 Passed:202 Failed:0
1618959229347,1722,selenium_search_jql,Success,True
.test_1_selenium_search_jql,Total:203 Passed:203 Failed:0
1618959230885,1536,selenium_view_scrum_board_backlog,Success,True
.test_1_selenium_view_backlog_for_scrum_board,Total:204 Passed:204 Failed:0
1618959231740,852,selenium_view_scrum_board,Success,True
.test_1_selenium_view_scrum_board,Total:205 Passed:205 Failed:0
1618959232338,595,selenium_view_kanban_board,Success,True
.test_1_selenium_view_kanban_board,Total:206 Passed:206 Failed:0
1618959232828,487,selenium_view_dashboard,Success,True
.test_1_selenium_view_dashboard,Total:207 Passed:207 Failed:0
1618959233570,740,selenium_view_issue,Success,True
.test_1_selenium_view_issue,Total:208 Passed:208 Failed:0
1618959233997,424,selenium_project_summary,Success,True
.test_1_selenium_view_project_summary,Total:209 Passed:209 Failed:0
1618959234353,354,selenium_log_out,Success,True
.test_2_selenium_z_log_out,Total:210 Passed:210 Failed:0


=============================== warnings summary ===============================
../../usr/local/lib/python3.8/dist-packages/_pytest/config/__init__.py:1114
  /usr/local/lib/python3.8/dist-packages/_pytest/config/__init__.py:1114: PytestAssertRewriteWarning: Module already imported so cannot be rewritten: apiritif
    self._mark_plugins_for_rewrite(hook)

-- Docs: https://docs.pytest.org/en/stable/warnings.html
======================== 14 passed, 1 warning in 14.39s ========================
============================= test session starts ==============================
platform linux -- Python 3.8.5, pytest-6.2.1, py-1.10.0, pluggy-0.13.1
rootdir: /dc-app-performance-toolkit/app
plugins: apiritif-0.9.6
collected 14 items

selenium_ui/jira_ui.py get driver from global
1618959234521,120,selenium_login:open_login_page,Success,True
1618959235995,1473,selenium_login:login_and_view_dashboard,Success,True
1618959235995,1594,selenium_login,Success,True
.test_0_selenium_a_login,Total:211 Passed:211 Failed:0
1618959236281,262,selenium_browse_projects_list,Success,True
.test_1_selenium_browse_projects_list,Total:212 Passed:212 Failed:0
1618959237027,744,selenium_browse_boards_list,Success,True
.test_1_selenium_browse_boards_list,Total:213 Passed:213 Failed:0
1618959237799,762,selenium_create_issue:open_quick_create,Success,True
1618959239046,623,selenium_create_issue:fill_and_submit_issue_form:submit_issue_form,Success,True
1618959239046,1246,selenium_create_issue:fill_and_submit_issue_form,Success,True
1618959239046,2010,selenium_create_issue,Success,True
.test_1_selenium_create_issue,Total:214 Passed:214 Failed:0
1618959239910,853,selenium_edit_issue:open_edit_issue_form,Success,True
1618959240962,607,selenium_edit_issue:save_edit_issue_form,Success,True
1618959240962,1905,selenium_edit_issue,Success,True
.test_1_selenium_edit_issue,Total:215 Passed:215 Failed:0
1618959241472,507,selenium_save_comment:open_comment_form,Success,True
1618959242543,871,selenium_save_comment:submit_form,Success,True
1618959242543,1579,selenium_save_comment,Success,True
.test_1_selenium_save_comment,Total:216 Passed:216 Failed:0
1618959244021,1476,selenium_search_jql,Success,True
.test_1_selenium_search_jql,Total:217 Passed:217 Failed:0
1618959244862,839,selenium_view_scrum_board_backlog,Success,True
.test_1_selenium_view_backlog_for_scrum_board,Total:218 Passed:218 Failed:0
1618959245767,903,selenium_view_scrum_board,Success,True
.test_1_selenium_view_scrum_board,Total:219 Passed:219 Failed:0
1618959247201,1433,selenium_view_kanban_board,Success,True
.test_1_selenium_view_kanban_board,Total:220 Passed:220 Failed:0
1618959247621,417,selenium_view_dashboard,Success,True
.test_1_selenium_view_dashboard,Total:221 Passed:221 Failed:0
1618959248355,731,selenium_view_issue,Success,True
.test_1_selenium_view_issue,Total:222 Passed:222 Failed:0
1618959248945,587,selenium_project_summary,Success,True
.test_1_selenium_view_project_summary,Total:223 Passed:223 Failed:0
1618959249316,369,selenium_log_out,Success,True
.test_2_selenium_z_log_out,Total:224 Passed:224 Failed:0


=============================== warnings summary ===============================
../../usr/local/lib/python3.8/dist-packages/_pytest/config/__init__.py:1114
  /usr/local/lib/python3.8/dist-packages/_pytest/config/__init__.py:1114: PytestAssertRewriteWarning: Module already imported so cannot be rewritten: apiritif
    self._mark_plugins_for_rewrite(hook)

-- Docs: https://docs.pytest.org/en/stable/warnings.html
======================== 14 passed, 1 warning in 14.93s ========================
============================= test session starts ==============================
platform linux -- Python 3.8.5, pytest-6.2.1, py-1.10.0, pluggy-0.13.1
rootdir: /dc-app-performance-toolkit/app
plugins: apiritif-0.9.6
collected 14 items

selenium_ui/jira_ui.py get driver from global
1618959249487,121,selenium_login:open_login_page,Success,True
1618959250845,1357,selenium_login:login_and_view_dashboard,Success,True
1618959250845,1479,selenium_login,Success,True
.test_0_selenium_a_login,Total:225 Passed:225 Failed:0
1618959251224,326,selenium_browse_projects_list,Success,True
.test_1_selenium_browse_projects_list,Total:226 Passed:226 Failed:0
1618959251512,286,selenium_browse_boards_list,Success,True
.test_1_selenium_browse_boards_list,Total:227 Passed:227 Failed:0
1618959252384,862,selenium_create_issue:open_quick_create,Success,True
1618959253644,638,selenium_create_issue:fill_and_submit_issue_form:submit_issue_form,Success,True
1618959253644,1259,selenium_create_issue:fill_and_submit_issue_form,Success,True
1618959253644,2122,selenium_create_issue,Success,True
.test_1_selenium_create_issue,Total:228 Passed:228 Failed:0
1618959254207,553,selenium_edit_issue:open_edit_issue_form,Success,True
1618959255463,703,selenium_edit_issue:save_edit_issue_form,Success,True
1618959255463,1809,selenium_edit_issue,Success,True
.test_1_selenium_edit_issue,Total:229 Passed:229 Failed:0
1618959255991,525,selenium_save_comment:open_comment_form,Success,True
1618959256976,868,selenium_save_comment:submit_form,Success,True
1618959256976,1511,selenium_save_comment,Success,True
.test_1_selenium_save_comment,Total:230 Passed:230 Failed:0
1618959258439,1461,selenium_search_jql,Success,True
.test_1_selenium_search_jql,Total:231 Passed:231 Failed:0
1618959260031,1590,selenium_view_scrum_board_backlog,Success,True
.test_1_selenium_view_backlog_for_scrum_board,Total:232 Passed:232 Failed:0
1618959260866,833,selenium_view_scrum_board,Success,True
.test_1_selenium_view_scrum_board,Total:233 Passed:233 Failed:0
1618959261986,1118,selenium_view_kanban_board,Success,True
.test_1_selenium_view_kanban_board,Total:234 Passed:234 Failed:0
1618959262265,277,selenium_view_dashboard,Success,True
.test_1_selenium_view_dashboard,Total:235 Passed:235 Failed:0
1618959262930,662,selenium_view_issue,Success,True
.test_1_selenium_view_issue,Total:236 Passed:236 Failed:0
1618959263482,550,selenium_project_summary,Success,True
.test_1_selenium_view_project_summary,Total:237 Passed:237 Failed:0
1618959263801,317,selenium_log_out,Success,True
.test_2_selenium_z_log_out,Total:238 Passed:238 Failed:0


=============================== warnings summary ===============================
../../usr/local/lib/python3.8/dist-packages/_pytest/config/__init__.py:1114
  /usr/local/lib/python3.8/dist-packages/_pytest/config/__init__.py:1114: PytestAssertRewriteWarning: Module already imported so cannot be rewritten: apiritif
    self._mark_plugins_for_rewrite(hook)

-- Docs: https://docs.pytest.org/en/stable/warnings.html
======================== 14 passed, 1 warning in 14.45s ========================
============================= test session starts ==============================
platform linux -- Python 3.8.5, pytest-6.2.1, py-1.10.0, pluggy-0.13.1
rootdir: /dc-app-performance-toolkit/app
plugins: apiritif-0.9.6
collected 14 items

selenium_ui/jira_ui.py get driver from global
1618959263969,118,selenium_login:open_login_page,Success,True
1618959265301,1332,selenium_login:login_and_view_dashboard,Success,True
1618959265301,1451,selenium_login,Success,True
.test_0_selenium_a_login,Total:239 Passed:239 Failed:0
1618959265598,267,selenium_browse_projects_list,Success,True
.test_1_selenium_browse_projects_list,Total:240 Passed:240 Failed:0
1618959265923,323,selenium_browse_boards_list,Success,True
.test_1_selenium_browse_boards_list,Total:241 Passed:241 Failed:0
1618959266787,853,selenium_create_issue:open_quick_create,Success,True
1618959268174,643,selenium_create_issue:fill_and_submit_issue_form:submit_issue_form,Success,True
1618959268174,1387,selenium_create_issue:fill_and_submit_issue_form,Success,True
1618959268174,2240,selenium_create_issue,Success,True
.test_1_selenium_create_issue,Total:242 Passed:242 Failed:0
1618959268894,703,selenium_edit_issue:open_edit_issue_form,Success,True
1618959269996,669,selenium_edit_issue:save_edit_issue_form,Success,True
1618959269997,1806,selenium_edit_issue,Success,True
.test_1_selenium_edit_issue,Total:243 Passed:243 Failed:0
1618959270419,420,selenium_save_comment:open_comment_form,Success,True
1618959271566,958,selenium_save_comment:submit_form,Success,True
1618959271566,1567,selenium_save_comment,Success,True
.test_1_selenium_save_comment,Total:244 Passed:244 Failed:0
1618959273115,1547,selenium_search_jql,Success,True
.test_1_selenium_search_jql,Total:245 Passed:245 Failed:0
1618959274702,1586,selenium_view_scrum_board_backlog,Success,True
.test_1_selenium_view_backlog_for_scrum_board,Total:246 Passed:246 Failed:0
1618959275543,838,selenium_view_scrum_board,Success,True
.test_1_selenium_view_scrum_board,Total:247 Passed:247 Failed:0
1618959275972,426,selenium_view_kanban_board,Success,True
.test_1_selenium_view_kanban_board,Total:248 Passed:248 Failed:0
1618959276274,300,selenium_view_dashboard,Success,True
.test_1_selenium_view_dashboard,Total:249 Passed:249 Failed:0
1618959277020,743,selenium_view_issue,Success,True
.test_1_selenium_view_issue,Total:250 Passed:250 Failed:0
1618959277586,565,selenium_project_summary,Success,True
.test_1_selenium_view_project_summary,Total:251 Passed:251 Failed:0
1618959277893,305,selenium_log_out,Success,True
.test_2_selenium_z_log_out,Total:252 Passed:252 Failed:0


=============================== warnings summary ===============================
../../usr/local/lib/python3.8/dist-packages/_pytest/config/__init__.py:1114
  /usr/local/lib/python3.8/dist-packages/_pytest/config/__init__.py:1114: PytestAssertRewriteWarning: Module already imported so cannot be rewritten: apiritif
    self._mark_plugins_for_rewrite(hook)

-- Docs: https://docs.pytest.org/en/stable/warnings.html
======================== 14 passed, 1 warning in 14.05s ========================
============================= test session starts ==============================
platform linux -- Python 3.8.5, pytest-6.2.1, py-1.10.0, pluggy-0.13.1
rootdir: /dc-app-performance-toolkit/app
plugins: apiritif-0.9.6
collected 14 items

selenium_ui/jira_ui.py get driver from global
1618959278050,111,selenium_login:open_login_page,Success,True
1618959279494,1443,selenium_login:login_and_view_dashboard,Success,True
1618959279494,1555,selenium_login,Success,True
.test_0_selenium_a_login,Total:253 Passed:253 Failed:0
1618959279895,248,selenium_browse_projects_list,Success,True
.test_1_selenium_browse_projects_list,Total:254 Passed:254 Failed:0
1618959280181,285,selenium_browse_boards_list,Success,True
.test_1_selenium_browse_boards_list,Total:255 Passed:255 Failed:0
1618959280893,701,selenium_create_issue:open_quick_create,Success,True
1618959284901,613,selenium_create_issue:fill_and_submit_issue_form:submit_issue_form,Success,True
1618959284901,4007,selenium_create_issue:fill_and_submit_issue_form,Success,True
1618959284901,4710,selenium_create_issue,Success,True
.test_1_selenium_create_issue,Total:256 Passed:256 Failed:0
1618959285519,608,selenium_edit_issue:open_edit_issue_form,Success,True
1618959286683,642,selenium_edit_issue:save_edit_issue_form,Success,True
1618959286683,1771,selenium_edit_issue,Success,True
.test_1_selenium_edit_issue,Total:257 Passed:257 Failed:0
1618959287113,428,selenium_save_comment:open_comment_form,Success,True
1618959288056,784,selenium_save_comment:submit_form,Success,True
1618959288056,1371,selenium_save_comment,Success,True
.test_1_selenium_save_comment,Total:258 Passed:258 Failed:0
1618959289514,1456,selenium_search_jql,Success,True
.test_1_selenium_search_jql,Total:259 Passed:259 Failed:0
1618959290491,975,selenium_view_scrum_board_backlog,Success,True
.test_1_selenium_view_backlog_for_scrum_board,Total:260 Passed:260 Failed:0
1618959291315,822,selenium_view_scrum_board,Success,True
.test_1_selenium_view_scrum_board,Total:261 Passed:261 Failed:0
1618959292180,862,selenium_view_kanban_board,Success,True
.test_1_selenium_view_kanban_board,Total:262 Passed:262 Failed:0
1618959292456,275,selenium_view_dashboard,Success,True
.test_1_selenium_view_dashboard,Total:263 Passed:263 Failed:0
1618959293171,712,selenium_view_issue,Success,True
.test_1_selenium_view_issue,Total:264 Passed:264 Failed:0
1618959293649,476,selenium_project_summary,Success,True
.test_1_selenium_view_project_summary,Total:265 Passed:265 Failed:0
1618959294020,369,selenium_log_out,Success,True
.test_2_selenium_z_log_out,Total:266 Passed:266 Failed:0


=============================== warnings summary ===============================
../../usr/local/lib/python3.8/dist-packages/_pytest/config/__init__.py:1114
  /usr/local/lib/python3.8/dist-packages/_pytest/config/__init__.py:1114: PytestAssertRewriteWarning: Module already imported so cannot be rewritten: apiritif
    self._mark_plugins_for_rewrite(hook)

-- Docs: https://docs.pytest.org/en/stable/warnings.html
======================== 14 passed, 1 warning in 16.09s ========================
============================= test session starts ==============================
platform linux -- Python 3.8.5, pytest-6.2.1, py-1.10.0, pluggy-0.13.1
rootdir: /dc-app-performance-toolkit/app
plugins: apiritif-0.9.6
collected 14 items

selenium_ui/jira_ui.py get driver from global
1618959294272,202,selenium_login:open_login_page,Success,True
1618959295616,1343,selenium_login:login_and_view_dashboard,Success,True
1618959295616,1546,selenium_login,Success,True
.test_0_selenium_a_login,Total:267 Passed:267 Failed:0
1618959296017,256,selenium_browse_projects_list,Success,True
.test_1_selenium_browse_projects_list,Total:268 Passed:268 Failed:0
1618959296335,316,selenium_browse_boards_list,Success,True
.test_1_selenium_browse_boards_list,Total:269 Passed:269 Failed:0
1618959297230,884,selenium_create_issue:open_quick_create,Success,True
1618959298576,628,selenium_create_issue:fill_and_submit_issue_form:submit_issue_form,Success,True
1618959298576,1345,selenium_create_issue:fill_and_submit_issue_form,Success,True
1618959298576,2231,selenium_create_issue,Success,True
.test_1_selenium_create_issue,Total:270 Passed:270 Failed:0
1618959299151,566,selenium_edit_issue:open_edit_issue_form,Success,True
1618959300330,627,selenium_edit_issue:save_edit_issue_form,Success,True
1618959300330,1745,selenium_edit_issue,Success,True
.test_1_selenium_edit_issue,Total:271 Passed:271 Failed:0
1618959300763,431,selenium_save_comment:open_comment_form,Success,True
1618959301764,813,selenium_save_comment:submit_form,Success,True
1618959301764,1433,selenium_save_comment,Success,True
.test_1_selenium_save_comment,Total:272 Passed:272 Failed:0
1618959303327,1561,selenium_search_jql,Success,True
.test_1_selenium_search_jql,Total:273 Passed:273 Failed:0
1618959304325,996,selenium_view_scrum_board_backlog,Success,True
.test_1_selenium_view_backlog_for_scrum_board,Total:274 Passed:274 Failed:0
1618959305135,808,selenium_view_scrum_board,Success,True
.test_1_selenium_view_scrum_board,Total:275 Passed:275 Failed:0
1618959306309,1172,selenium_view_kanban_board,Success,True
.test_1_selenium_view_kanban_board,Total:276 Passed:276 Failed:0
1618959306773,461,selenium_view_dashboard,Success,True
.test_1_selenium_view_dashboard,Total:277 Passed:277 Failed:0
1618959307514,739,selenium_view_issue,Success,True
.test_1_selenium_view_issue,Total:278 Passed:278 Failed:0
1618959308002,486,selenium_project_summary,Success,True
.test_1_selenium_view_project_summary,Total:279 Passed:279 Failed:0
1618959308492,488,selenium_log_out,Success,True
.test_2_selenium_z_log_out,Total:280 Passed:280 Failed:0


=============================== warnings summary ===============================
../../usr/local/lib/python3.8/dist-packages/_pytest/config/__init__.py:1114
  /usr/local/lib/python3.8/dist-packages/_pytest/config/__init__.py:1114: PytestAssertRewriteWarning: Module already imported so cannot be rewritten: apiritif
    self._mark_plugins_for_rewrite(hook)

-- Docs: https://docs.pytest.org/en/stable/warnings.html
======================== 14 passed, 1 warning in 14.43s ========================
============================= test session starts ==============================
platform linux -- Python 3.8.5, pytest-6.2.1, py-1.10.0, pluggy-0.13.1
rootdir: /dc-app-performance-toolkit/app
plugins: apiritif-0.9.6
collected 14 items

selenium_ui/jira_ui.py get driver from global
1618959308664,123,selenium_login:open_login_page,Success,True
1618959310016,1351,selenium_login:login_and_view_dashboard,Success,True
1618959310016,1475,selenium_login,Success,True
.test_0_selenium_a_login,Total:281 Passed:281 Failed:0
1618959310456,265,selenium_browse_projects_list,Success,True
.test_1_selenium_browse_projects_list,Total:282 Passed:282 Failed:0
1618959310746,289,selenium_browse_boards_list,Success,True
.test_1_selenium_browse_boards_list,Total:283 Passed:283 Failed:0
1618959311626,870,selenium_create_issue:open_quick_create,Success,True
1618959312867,629,selenium_create_issue:fill_and_submit_issue_form:submit_issue_form,Success,True
1618959312867,1240,selenium_create_issue:fill_and_submit_issue_form,Success,True
1618959312867,2111,selenium_create_issue,Success,True
.test_1_selenium_create_issue,Total:284 Passed:284 Failed:0
1618959313466,589,selenium_edit_issue:open_edit_issue_form,Success,True
1618959314810,841,selenium_edit_issue:save_edit_issue_form,Success,True
1618959314810,1933,selenium_edit_issue,Success,True
.test_1_selenium_edit_issue,Total:285 Passed:285 Failed:0
1618959315155,342,selenium_save_comment:open_comment_form,Success,True
1618959316170,845,selenium_save_comment:submit_form,Success,True
1618959316170,1358,selenium_save_comment,Success,True
.test_1_selenium_save_comment,Total:286 Passed:286 Failed:0
1618959317634,1462,selenium_search_jql,Success,True
.test_1_selenium_search_jql,Total:287 Passed:287 Failed:0
1618959319203,1567,selenium_view_scrum_board_backlog,Success,True
.test_1_selenium_view_backlog_for_scrum_board,Total:288 Passed:288 Failed:0
1618959320053,848,selenium_view_scrum_board,Success,True
.test_1_selenium_view_scrum_board,Total:289 Passed:289 Failed:0
1618959320927,871,selenium_view_kanban_board,Success,True
.test_1_selenium_view_kanban_board,Total:290 Passed:290 Failed:0
1618959321197,268,selenium_view_dashboard,Success,True
.test_1_selenium_view_dashboard,Total:291 Passed:291 Failed:0
1618959321985,786,selenium_view_issue,Success,True
.test_1_selenium_view_issue,Total:292 Passed:292 Failed:0
1618959322548,561,selenium_project_summary,Success,True
.test_1_selenium_view_project_summary,Total:293 Passed:293 Failed:0
1618959322886,336,selenium_log_out,Success,True
.test_2_selenium_z_log_out,Total:294 Passed:294 Failed:0


=============================== warnings summary ===============================
../../usr/local/lib/python3.8/dist-packages/_pytest/config/__init__.py:1114
  /usr/local/lib/python3.8/dist-packages/_pytest/config/__init__.py:1114: PytestAssertRewriteWarning: Module already imported so cannot be rewritten: apiritif
    self._mark_plugins_for_rewrite(hook)

-- Docs: https://docs.pytest.org/en/stable/warnings.html
======================== 14 passed, 1 warning in 14.36s ========================
============================= test session starts ==============================
platform linux -- Python 3.8.5, pytest-6.2.1, py-1.10.0, pluggy-0.13.1
rootdir: /dc-app-performance-toolkit/app
plugins: apiritif-0.9.6
collected 14 items

selenium_ui/jira_ui.py get driver from global
1618959323053,119,selenium_login:open_login_page,Success,True
1618959324383,1329,selenium_login:login_and_view_dashboard,Success,True
1618959324383,1448,selenium_login,Success,True
.test_0_selenium_a_login,Total:295 Passed:295 Failed:0
1618959324806,273,selenium_browse_projects_list,Success,True
.test_1_selenium_browse_projects_list,Total:296 Passed:296 Failed:0
1618959325093,285,selenium_browse_boards_list,Success,True
.test_1_selenium_browse_boards_list,Total:297 Passed:297 Failed:0
1618959325996,892,selenium_create_issue:open_quick_create,Success,True
1618959327343,634,selenium_create_issue:fill_and_submit_issue_form:submit_issue_form,Success,True
1618959327343,1346,selenium_create_issue:fill_and_submit_issue_form,Success,True
1618959327343,2239,selenium_create_issue,Success,True
.test_1_selenium_create_issue,Total:298 Passed:298 Failed:0
1618959327941,588,selenium_edit_issue:open_edit_issue_form,Success,True
1618959329250,715,selenium_edit_issue:save_edit_issue_form,Success,True
1618959329250,1898,selenium_edit_issue,Success,True
.test_1_selenium_edit_issue,Total:299 Passed:299 Failed:0
1618959329678,425,selenium_save_comment:open_comment_form,Success,True
1618959330672,810,selenium_save_comment:submit_form,Success,True
1618959330672,1420,selenium_save_comment,Success,True
.test_1_selenium_save_comment,Total:300 Passed:300 Failed:0
1618959332109,1434,selenium_search_jql,Success,True
.test_1_selenium_search_jql,Total:301 Passed:301 Failed:0
1618959333634,1524,selenium_view_scrum_board_backlog,Success,True
.test_1_selenium_view_backlog_for_scrum_board,Total:302 Passed:302 Failed:0
1618959334515,879,selenium_view_scrum_board,Success,True
.test_1_selenium_view_scrum_board,Total:303 Passed:303 Failed:0
1618959335305,788,selenium_view_kanban_board,Success,True
.test_1_selenium_view_kanban_board,Total:304 Passed:304 Failed:0
1618959335813,505,selenium_view_dashboard,Success,True
.test_1_selenium_view_dashboard,Total:305 Passed:305 Failed:0
1618959336564,749,selenium_view_issue,Success,True
.test_1_selenium_view_issue,Total:306 Passed:306 Failed:0
1618959337092,525,selenium_project_summary,Success,True
.test_1_selenium_view_project_summary,Total:307 Passed:307 Failed:0
1618959337430,336,selenium_log_out,Success,True
.test_2_selenium_z_log_out,Total:308 Passed:308 Failed:0


=============================== warnings summary ===============================
../../usr/local/lib/python3.8/dist-packages/_pytest/config/__init__.py:1114
  /usr/local/lib/python3.8/dist-packages/_pytest/config/__init__.py:1114: PytestAssertRewriteWarning: Module already imported so cannot be rewritten: apiritif
    self._mark_plugins_for_rewrite(hook)

-- Docs: https://docs.pytest.org/en/stable/warnings.html
======================== 14 passed, 1 warning in 14.51s ========================
============================= test session starts ==============================
platform linux -- Python 3.8.5, pytest-6.2.1, py-1.10.0, pluggy-0.13.1
rootdir: /dc-app-performance-toolkit/app
plugins: apiritif-0.9.6
collected 14 items

selenium_ui/jira_ui.py get driver from global
1618959337594,117,selenium_login:open_login_page,Success,True
1618959338935,1340,selenium_login:login_and_view_dashboard,Success,True
1618959338935,1458,selenium_login,Success,True
.test_0_selenium_a_login,Total:309 Passed:309 Failed:0
1618959339339,260,selenium_browse_projects_list,Success,True
.test_1_selenium_browse_projects_list,Total:310 Passed:310 Failed:0
1618959339631,290,selenium_browse_boards_list,Success,True
.test_1_selenium_browse_boards_list,Total:311 Passed:311 Failed:0
1618959340516,875,selenium_create_issue:open_quick_create,Success,True
1618959341816,626,selenium_create_issue:fill_and_submit_issue_form:submit_issue_form,Success,True
1618959341816,1300,selenium_create_issue:fill_and_submit_issue_form,Success,True
1618959341816,2175,selenium_create_issue,Success,True
.test_1_selenium_create_issue,Total:312 Passed:312 Failed:0
1618959342600,774,selenium_edit_issue:open_edit_issue_form,Success,True
1618959343651,709,selenium_edit_issue:save_edit_issue_form,Success,True
1618959343651,1824,selenium_edit_issue,Success,True
.test_1_selenium_edit_issue,Total:313 Passed:313 Failed:0
1618959344094,440,selenium_save_comment:open_comment_form,Success,True
1618959345190,907,selenium_save_comment:submit_form,Success,True
1618959345190,1537,selenium_save_comment,Success,True
.test_1_selenium_save_comment,Total:314 Passed:314 Failed:0
1618959346757,1565,selenium_search_jql,Success,True
.test_1_selenium_search_jql,Total:315 Passed:315 Failed:0
1618959348395,1636,selenium_view_scrum_board_backlog,Success,True
.test_1_selenium_view_backlog_for_scrum_board,Total:316 Passed:316 Failed:0
1618959349209,811,selenium_view_scrum_board,Success,True
.test_1_selenium_view_scrum_board,Total:317 Passed:317 Failed:0
1618959349952,742,selenium_view_kanban_board,Success,True
.test_1_selenium_view_kanban_board,Total:318 Passed:318 Failed:0
1618959350390,435,selenium_view_dashboard,Success,True
.test_1_selenium_view_dashboard,Total:319 Passed:319 Failed:0
1618959351159,766,selenium_view_issue,Success,True
.test_1_selenium_view_issue,Total:320 Passed:320 Failed:0
1618959351689,527,selenium_project_summary,Success,True
.test_1_selenium_view_project_summary,Total:321 Passed:321 Failed:0
1618959352007,316,selenium_log_out,Success,True
.test_2_selenium_z_log_out,Total:322 Passed:322 Failed:0


=============================== warnings summary ===============================
../../usr/local/lib/python3.8/dist-packages/_pytest/config/__init__.py:1114
  /usr/local/lib/python3.8/dist-packages/_pytest/config/__init__.py:1114: PytestAssertRewriteWarning: Module already imported so cannot be rewritten: apiritif
    self._mark_plugins_for_rewrite(hook)

-- Docs: https://docs.pytest.org/en/stable/warnings.html
======================== 14 passed, 1 warning in 14.54s ========================
============================= test session starts ==============================
platform linux -- Python 3.8.5, pytest-6.2.1, py-1.10.0, pluggy-0.13.1
rootdir: /dc-app-performance-toolkit/app
plugins: apiritif-0.9.6
collected 14 items

selenium_ui/jira_ui.py get driver from global
1618959352164,110,selenium_login:open_login_page,Success,True
1618959353625,1460,selenium_login:login_and_view_dashboard,Success,True
1618959353625,1571,selenium_login,Success,True
.test_0_selenium_a_login,Total:323 Passed:323 Failed:0
1618959353913,263,selenium_browse_projects_list,Success,True
.test_1_selenium_browse_projects_list,Total:324 Passed:324 Failed:0
1618959354218,303,selenium_browse_boards_list,Success,True
.test_1_selenium_browse_boards_list,Total:325 Passed:325 Failed:0
1618959355076,847,selenium_create_issue:open_quick_create,Success,True
1618959356405,629,selenium_create_issue:fill_and_submit_issue_form:submit_issue_form,Success,True
1618959356405,1329,selenium_create_issue:fill_and_submit_issue_form,Success,True
1618959356405,2177,selenium_create_issue,Success,True
.test_1_selenium_create_issue,Total:326 Passed:326 Failed:0
1618959356970,555,selenium_edit_issue:open_edit_issue_form,Success,True
1618959358156,638,selenium_edit_issue:save_edit_issue_form,Success,True
1618959358156,1741,selenium_edit_issue,Success,True
.test_1_selenium_edit_issue,Total:327 Passed:327 Failed:0
1618959358723,564,selenium_save_comment:open_comment_form,Success,True
1618959359713,876,selenium_save_comment:submit_form,Success,True
1618959359713,1555,selenium_save_comment,Success,True
.test_1_selenium_save_comment,Total:328 Passed:328 Failed:0
1618959361463,1748,selenium_search_jql,Success,True
.test_1_selenium_search_jql,Total:329 Passed:329 Failed:0
1618959363011,1546,selenium_view_scrum_board_backlog,Success,True
.test_1_selenium_view_backlog_for_scrum_board,Total:330 Passed:330 Failed:0
1618959363846,833,selenium_view_scrum_board,Success,True
.test_1_selenium_view_scrum_board,Total:331 Passed:331 Failed:0
1618959365205,1357,selenium_view_kanban_board,Success,True
.test_1_selenium_view_kanban_board,Total:332 Passed:332 Failed:0
1618959365844,636,selenium_view_dashboard,Success,True
.test_1_selenium_view_dashboard,Total:333 Passed:333 Failed:0
1618959366614,767,selenium_view_issue,Success,True
.test_1_selenium_view_issue,Total:334 Passed:334 Failed:0
1618959367113,497,selenium_project_summary,Success,True
.test_1_selenium_view_project_summary,Total:335 Passed:335 Failed:0
1618959367504,389,selenium_log_out,Success,True
.test_2_selenium_z_log_out,Total:336 Passed:336 Failed:0


=============================== warnings summary ===============================
../../usr/local/lib/python3.8/dist-packages/_pytest/config/__init__.py:1114
  /usr/local/lib/python3.8/dist-packages/_pytest/config/__init__.py:1114: PytestAssertRewriteWarning: Module already imported so cannot be rewritten: apiritif
    self._mark_plugins_for_rewrite(hook)

-- Docs: https://docs.pytest.org/en/stable/warnings.html
======================== 14 passed, 1 warning in 15.46s ========================
============================= test session starts ==============================
platform linux -- Python 3.8.5, pytest-6.2.1, py-1.10.0, pluggy-0.13.1
rootdir: /dc-app-performance-toolkit/app
plugins: apiritif-0.9.6
collected 14 items

selenium_ui/jira_ui.py get driver from global
1618959367700,118,selenium_login:open_login_page,Success,True
1618959369023,1322,selenium_login:login_and_view_dashboard,Success,True
1618959369023,1440,selenium_login,Success,True
.test_0_selenium_a_login,Total:337 Passed:337 Failed:0
1618959369440,262,selenium_browse_projects_list,Success,True
.test_1_selenium_browse_projects_list,Total:338 Passed:338 Failed:0
1618959369775,332,selenium_browse_boards_list,Success,True
.test_1_selenium_browse_boards_list,Total:339 Passed:339 Failed:0
1618959370649,864,selenium_create_issue:open_quick_create,Success,True
1618959371890,624,selenium_create_issue:fill_and_submit_issue_form:submit_issue_form,Success,True
1618959371890,1240,selenium_create_issue:fill_and_submit_issue_form,Success,True
1618959371890,2104,selenium_create_issue,Success,True
.test_1_selenium_create_issue,Total:340 Passed:340 Failed:0
1618959372655,750,selenium_edit_issue:open_edit_issue_form,Success,True
1618959373579,601,selenium_edit_issue:save_edit_issue_form,Success,True
1618959373579,1674,selenium_edit_issue,Success,True
.test_1_selenium_edit_issue,Total:341 Passed:341 Failed:0
1618959373930,350,selenium_save_comment:open_comment_form,Success,True
1618959374987,874,selenium_save_comment:submit_form,Success,True
1618959374988,1407,selenium_save_comment,Success,True
.test_1_selenium_save_comment,Total:342 Passed:342 Failed:0
1618959376577,1587,selenium_search_jql,Success,True
.test_1_selenium_search_jql,Total:343 Passed:343 Failed:0
1618959377575,996,selenium_view_scrum_board_backlog,Success,True
.test_1_selenium_view_backlog_for_scrum_board,Total:344 Passed:344 Failed:0
1618959378400,821,selenium_view_scrum_board,Success,True
.test_1_selenium_view_scrum_board,Total:345 Passed:345 Failed:0
1618959379118,716,selenium_view_kanban_board,Success,True
.test_1_selenium_view_kanban_board,Total:346 Passed:346 Failed:0
1618959379536,415,selenium_view_dashboard,Success,True
.test_1_selenium_view_dashboard,Total:347 Passed:347 Failed:0
1618959380347,809,selenium_view_issue,Success,True
.test_1_selenium_view_issue,Total:348 Passed:348 Failed:0
1618959380832,483,selenium_project_summary,Success,True
.test_1_selenium_view_project_summary,Total:349 Passed:349 Failed:0
1618959381212,378,selenium_log_out,Success,True
.test_2_selenium_z_log_out,Total:350 Passed:350 Failed:0


=============================== warnings summary ===============================
../../usr/local/lib/python3.8/dist-packages/_pytest/config/__init__.py:1114
  /usr/local/lib/python3.8/dist-packages/_pytest/config/__init__.py:1114: PytestAssertRewriteWarning: Module already imported so cannot be rewritten: apiritif
    self._mark_plugins_for_rewrite(hook)

-- Docs: https://docs.pytest.org/en/stable/warnings.html
======================== 14 passed, 1 warning in 13.64s ========================
============================= test session starts ==============================
platform linux -- Python 3.8.5, pytest-6.2.1, py-1.10.0, pluggy-0.13.1
rootdir: /dc-app-performance-toolkit/app
plugins: apiritif-0.9.6
collected 14 items

selenium_ui/jira_ui.py get driver from global
1618959381386,120,selenium_login:open_login_page,Success,True
1618959382828,1441,selenium_login:login_and_view_dashboard,Success,True
1618959382828,1564,selenium_login,Success,True
.test_0_selenium_a_login,Total:351 Passed:351 Failed:0
1618959383116,260,selenium_browse_projects_list,Success,True
.test_1_selenium_browse_projects_list,Total:352 Passed:352 Failed:0
1618959383405,286,selenium_browse_boards_list,Success,True
.test_1_selenium_browse_boards_list,Total:353 Passed:353 Failed:0
1618959384295,880,selenium_create_issue:open_quick_create,Success,True
1618959385569,637,selenium_create_issue:fill_and_submit_issue_form:submit_issue_form,Success,True
1618959385569,1273,selenium_create_issue:fill_and_submit_issue_form,Success,True
1618959385569,2154,selenium_create_issue,Success,True
.test_1_selenium_create_issue,Total:354 Passed:354 Failed:0
1618959386135,535,selenium_edit_issue:open_edit_issue_form,Success,True
1618959387278,635,selenium_edit_issue:save_edit_issue_form,Success,True
1618959387278,1679,selenium_edit_issue,Success,True
.test_1_selenium_edit_issue,Total:355 Passed:355 Failed:0
1618959387793,513,selenium_save_comment:open_comment_form,Success,True
1618959388765,833,selenium_save_comment:submit_form,Success,True
1618959388765,1485,selenium_save_comment,Success,True
.test_1_selenium_save_comment,Total:356 Passed:356 Failed:0
1618959390266,1499,selenium_search_jql,Success,True
.test_1_selenium_search_jql,Total:357 Passed:357 Failed:0
1618959391122,854,selenium_view_scrum_board_backlog,Success,True
.test_1_selenium_view_backlog_for_scrum_board,Total:358 Passed:358 Failed:0
1618959391937,813,selenium_view_scrum_board,Success,True
.test_1_selenium_view_scrum_board,Total:359 Passed:359 Failed:0
1618959392357,417,selenium_view_kanban_board,Success,True
.test_1_selenium_view_kanban_board,Total:360 Passed:360 Failed:0
1618959392660,301,selenium_view_dashboard,Success,True
.test_1_selenium_view_dashboard,Total:361 Passed:361 Failed:0
1618959393331,669,selenium_view_issue,Success,True
.test_1_selenium_view_issue,Total:362 Passed:362 Failed:0
1618959394002,669,selenium_project_summary,Success,True
.test_1_selenium_view_project_summary,Total:363 Passed:363 Failed:0
1618959394322,318,selenium_log_out,Success,True
.test_2_selenium_z_log_out,Total:364 Passed:364 Failed:0


=============================== warnings summary ===============================
../../usr/local/lib/python3.8/dist-packages/_pytest/config/__init__.py:1114
  /usr/local/lib/python3.8/dist-packages/_pytest/config/__init__.py:1114: PytestAssertRewriteWarning: Module already imported so cannot be rewritten: apiritif
    self._mark_plugins_for_rewrite(hook)

[...]
.test_1_selenium_view_backlog_for_scrum_board,Total:2584 Passed:2584 Failed:0
1618961617205,805,selenium_view_scrum_board,Success,True
.test_1_selenium_view_scrum_board,Total:2585 Passed:2585 Failed:0
1618961618087,880,selenium_view_kanban_board,Success,True
.test_1_selenium_view_kanban_board,Total:2586 Passed:2586 Failed:0
1618961618338,249,selenium_view_dashboard,Success,True
.test_1_selenium_view_dashboard,Total:2587 Passed:2587 Failed:0
1618961618954,613,selenium_view_issue,Success,True
.test_1_selenium_view_issue,Total:2588 Passed:2588 Failed:0
1618961619565,609,selenium_project_summary,Success,True
.test_1_selenium_view_project_summary,Total:2589 Passed:2589 Failed:0
1618961619973,406,selenium_log_out,Success,True
.test_2_selenium_z_log_out,Total:2590 Passed:2590 Failed:0


=============================== warnings summary ===============================
../../usr/local/lib/python3.8/dist-packages/_pytest/config/__init__.py:1114
  /usr/local/lib/python3.8/dist-packages/_pytest/config/__init__.py:1114: PytestAssertRewriteWarning: Module already imported so cannot be rewritten: apiritif
    self._mark_plugins_for_rewrite(hook)

-- Docs: https://docs.pytest.org/en/stable/warnings.html
======================== 14 passed, 1 warning in 13.27s ========================
============================= test session starts ==============================
platform linux -- Python 3.8.5, pytest-6.2.1, py-1.10.0, pluggy-0.13.1
rootdir: /dc-app-performance-toolkit/app
plugins: apiritif-0.9.6
collected 14 items

selenium_ui/jira_ui.py get driver from global
1618961620138,117,selenium_login:open_login_page,Success,True
1618961620761,622,selenium_login:login_and_view_dashboard,Success,True
1618961620761,740,selenium_login,Success,True
.test_0_selenium_a_login,Total:2591 Passed:2591 Failed:0
1618961621064,291,selenium_browse_projects_list,Success,True
.test_1_selenium_browse_projects_list,Total:2592 Passed:2592 Failed:0
1618961621356,290,selenium_browse_boards_list,Success,True
.test_1_selenium_browse_boards_list,Total:2593 Passed:2593 Failed:0
1618961622237,870,selenium_create_issue:open_quick_create,Success,True
1618961623605,629,selenium_create_issue:fill_and_submit_issue_form:submit_issue_form,Success,True
1618961623605,1368,selenium_create_issue:fill_and_submit_issue_form,Success,True
1618961623605,2239,selenium_create_issue,Success,True
.test_1_selenium_create_issue,Total:2594 Passed:2594 Failed:0
1618961624278,658,selenium_edit_issue:open_edit_issue_form,Success,True
1618961625302,631,selenium_edit_issue:save_edit_issue_form,Success,True
1618961625302,1683,selenium_edit_issue,Success,True
.test_1_selenium_edit_issue,Total:2595 Passed:2595 Failed:0
1618961625714,409,selenium_save_comment:open_comment_form,Success,True
1618961626653,753,selenium_save_comment:submit_form,Success,True
1618961626653,1348,selenium_save_comment,Success,True
.test_1_selenium_save_comment,Total:2596 Passed:2596 Failed:0
1618961628154,1499,selenium_search_jql,Success,True
.test_1_selenium_search_jql,Total:2597 Passed:2597 Failed:0
1618961629651,1495,selenium_view_scrum_board_backlog,Success,True
.test_1_selenium_view_backlog_for_scrum_board,Total:2598 Passed:2598 Failed:0
1618961630503,850,selenium_view_scrum_board,Success,True
.test_1_selenium_view_scrum_board,Total:2599 Passed:2599 Failed:0
1618961631429,924,selenium_view_kanban_board,Success,True
.test_1_selenium_view_kanban_board,Total:2600 Passed:2600 Failed:0
1618961631956,524,selenium_view_dashboard,Success,True
.test_1_selenium_view_dashboard,Total:2601 Passed:2601 Failed:0
1618961632619,660,selenium_view_issue,Success,True
.test_1_selenium_view_issue,Total:2602 Passed:2602 Failed:0
1618961633242,621,selenium_project_summary,Success,True
.test_1_selenium_view_project_summary,Total:2603 Passed:2603 Failed:0
1618961633562,318,selenium_log_out,Success,True
.test_2_selenium_z_log_out,Total:2604 Passed:2604 Failed:0


=============================== warnings summary ===============================
../../usr/local/lib/python3.8/dist-packages/_pytest/config/__init__.py:1114
  /usr/local/lib/python3.8/dist-packages/_pytest/config/__init__.py:1114: PytestAssertRewriteWarning: Module already imported so cannot be rewritten: apiritif
    self._mark_plugins_for_rewrite(hook)

-- Docs: https://docs.pytest.org/en/stable/warnings.html
======================== 14 passed, 1 warning in 13.55s ========================
============================= test session starts ==============================
platform linux -- Python 3.8.5, pytest-6.2.1, py-1.10.0, pluggy-0.13.1
rootdir: /dc-app-performance-toolkit/app
plugins: apiritif-0.9.6
collected 14 items

selenium_ui/jira_ui.py get driver from global
1618961633745,132,selenium_login:open_login_page,Success,True
1618961634346,600,selenium_login:login_and_view_dashboard,Success,True
1618961634346,734,selenium_login,Success,True
.test_0_selenium_a_login,Total:2605 Passed:2605 Failed:0
1618961634656,298,selenium_browse_projects_list,Success,True
.test_1_selenium_browse_projects_list,Total:2606 Passed:2606 Failed:0
1618961634942,284,selenium_browse_boards_list,Success,True
.test_1_selenium_browse_boards_list,Total:2607 Passed:2607 Failed:0
1618961635930,978,selenium_create_issue:open_quick_create,Success,True
1618961637177,636,selenium_create_issue:fill_and_submit_issue_form:submit_issue_form,Success,True
1618961637177,1246,selenium_create_issue:fill_and_submit_issue_form,Success,True
1618961637177,2225,selenium_create_issue,Success,True
.test_1_selenium_create_issue,Total:2608 Passed:2608 Failed:0
1618961637764,576,selenium_edit_issue:open_edit_issue_form,Success,True
1618961639017,712,selenium_edit_issue:save_edit_issue_form,Success,True
1618961639017,1830,selenium_edit_issue,Success,True
.test_1_selenium_edit_issue,Total:2609 Passed:2609 Failed:0
1618961639433,414,selenium_save_comment:open_comment_form,Success,True
1618961640497,883,selenium_save_comment:submit_form,Success,True
1618961640498,1478,selenium_save_comment,Success,True
.test_1_selenium_save_comment,Total:2610 Passed:2610 Failed:0
1618961642000,1501,selenium_search_jql,Success,True
.test_1_selenium_search_jql,Total:2611 Passed:2611 Failed:0
1618961643010,1008,selenium_view_scrum_board_backlog,Success,True
.test_1_selenium_view_backlog_for_scrum_board,Total:2612 Passed:2612 Failed:0
1618961643816,804,selenium_view_scrum_board,Success,True
.test_1_selenium_view_scrum_board,Total:2613 Passed:2613 Failed:0
1618961644750,932,selenium_view_kanban_board,Success,True
.test_1_selenium_view_kanban_board,Total:2614 Passed:2614 Failed:0
1618961645028,276,selenium_view_dashboard,Success,True
.test_1_selenium_view_dashboard,Total:2615 Passed:2615 Failed:0
1618961645758,728,selenium_view_issue,Success,True
.test_1_selenium_view_issue,Total:2616 Passed:2616 Failed:0
1618961646362,602,selenium_project_summary,Success,True
.test_1_selenium_view_project_summary,Total:2617 Passed:2617 Failed:0
1618961646734,370,selenium_log_out,Success,True
.test_2_selenium_z_log_out,Total:2618 Passed:2618 Failed:0


=============================== warnings summary ===============================
../../usr/local/lib/python3.8/dist-packages/_pytest/config/__init__.py:1114
  /usr/local/lib/python3.8/dist-packages/_pytest/config/__init__.py:1114: PytestAssertRewriteWarning: Module already imported so cannot be rewritten: apiritif
    self._mark_plugins_for_rewrite(hook)

-- Docs: https://docs.pytest.org/en/stable/warnings.html
======================== 14 passed, 1 warning in 13.13s ========================
============================= test session starts ==============================
platform linux -- Python 3.8.5, pytest-6.2.1, py-1.10.0, pluggy-0.13.1
rootdir: /dc-app-performance-toolkit/app
plugins: apiritif-0.9.6
collected 14 items

selenium_ui/jira_ui.py get driver from global
1618961646914,121,selenium_login:open_login_page,Success,True
1618961647499,584,selenium_login:login_and_view_dashboard,Success,True
1618961647499,706,selenium_login,Success,True
.test_0_selenium_a_login,Total:2619 Passed:2619 Failed:0
1618961647814,303,selenium_browse_projects_list,Success,True
.test_1_selenium_browse_projects_list,Total:2620 Passed:2620 Failed:0
1618961648118,302,selenium_browse_boards_list,Success,True
.test_1_selenium_browse_boards_list,Total:2621 Passed:2621 Failed:0
1618961648958,830,selenium_create_issue:open_quick_create,Success,True
1618961650235,631,selenium_create_issue:fill_and_submit_issue_form:submit_issue_form,Success,True
1618961650236,1277,selenium_create_issue:fill_and_submit_issue_form,Success,True
1618961650236,2108,selenium_create_issue,Success,True
.test_1_selenium_create_issue,Total:2622 Passed:2622 Failed:0
1618961650965,719,selenium_edit_issue:open_edit_issue_form,Success,True
1618961651988,620,selenium_edit_issue:save_edit_issue_form,Success,True
1618961651988,1741,selenium_edit_issue,Success,True
.test_1_selenium_edit_issue,Total:2623 Passed:2623 Failed:0
1618961652485,494,selenium_save_comment:open_comment_form,Success,True
1618961653489,847,selenium_save_comment:submit_form,Success,True
1618961653489,1499,selenium_save_comment,Success,True
.test_1_selenium_save_comment,Total:2624 Passed:2624 Failed:0
1618961655053,1561,selenium_search_jql,Success,True
.test_1_selenium_search_jql,Total:2625 Passed:2625 Failed:0
1618961655881,827,selenium_view_scrum_board_backlog,Success,True
.test_1_selenium_view_backlog_for_scrum_board,Total:2626 Passed:2626 Failed:0
1618961656704,821,selenium_view_scrum_board,Success,True
.test_1_selenium_view_scrum_board,Total:2627 Passed:2627 Failed:0
1618961657304,598,selenium_view_kanban_board,Success,True
.test_1_selenium_view_kanban_board,Total:2628 Passed:2628 Failed:0
1618961657604,299,selenium_view_dashboard,Success,True
.test_1_selenium_view_dashboard,Total:2629 Passed:2629 Failed:0
1618961658239,633,selenium_view_issue,Success,True
.test_1_selenium_view_issue,Total:2630 Passed:2630 Failed:0
1618961658859,618,selenium_project_summary,Success,True
.test_1_selenium_view_project_summary,Total:2631 Passed:2631 Failed:0
1618961659235,374,selenium_log_out,Success,True
.test_2_selenium_z_log_out,Total:2632 Passed:2632 Failed:0


=============================== warnings summary ===============================
../../usr/local/lib/python3.8/dist-packages/_pytest/config/__init__.py:1114
  /usr/local/lib/python3.8/dist-packages/_pytest/config/__init__.py:1114: PytestAssertRewriteWarning: Module already imported so cannot be rewritten: apiritif
    self._mark_plugins_for_rewrite(hook)

-- Docs: https://docs.pytest.org/en/stable/warnings.html
======================== 14 passed, 1 warning in 12.45s ========================
============================= test session starts ==============================
platform linux -- Python 3.8.5, pytest-6.2.1, py-1.10.0, pluggy-0.13.1
rootdir: /dc-app-performance-toolkit/app
plugins: apiritif-0.9.6
collected 14 items

selenium_ui/jira_ui.py get driver from global
1618961659464,116,selenium_login:open_login_page,Success,True
1618961660943,1478,selenium_login:login_and_view_dashboard,Success,True
1618961660943,1595,selenium_login,Success,True
.test_0_selenium_a_login,Total:2633 Passed:2633 Failed:0
1618961661222,256,selenium_browse_projects_list,Success,True
.test_1_selenium_browse_projects_list,Total:2634 Passed:2634 Failed:0
1618961662015,791,selenium_browse_boards_list,Success,True
.test_1_selenium_browse_boards_list,Total:2635 Passed:2635 Failed:0
1618961662902,876,selenium_create_issue:open_quick_create,Success,True
1618961664129,625,selenium_create_issue:fill_and_submit_issue_form:submit_issue_form,Success,True
1618961664129,1226,selenium_create_issue:fill_and_submit_issue_form,Success,True
1618961664129,2103,selenium_create_issue,Success,True
.test_1_selenium_create_issue,Total:2636 Passed:2636 Failed:0
1618961664687,548,selenium_edit_issue:open_edit_issue_form,Success,True
1618961665929,680,selenium_edit_issue:save_edit_issue_form,Success,True
1618961665930,1791,selenium_edit_issue,Success,True
.test_1_selenium_edit_issue,Total:2637 Passed:2637 Failed:0
1618961666355,423,selenium_save_comment:open_comment_form,Success,True
1618961667420,871,selenium_save_comment:submit_form,Success,True
1618961667421,1489,selenium_save_comment,Success,True
.test_1_selenium_save_comment,Total:2638 Passed:2638 Failed:0
1618961668778,1355,selenium_search_jql,Success,True
.test_1_selenium_search_jql,Total:2639 Passed:2639 Failed:0
1618961670275,1495,selenium_view_scrum_board_backlog,Success,True
.test_1_selenium_view_backlog_for_scrum_board,Total:2640 Passed:2640 Failed:0
1618961671198,920,selenium_view_scrum_board,Success,True
.test_1_selenium_view_scrum_board,Total:2641 Passed:2641 Failed:0
1618961672164,964,selenium_view_kanban_board,Success,True
.test_1_selenium_view_kanban_board,Total:2642 Passed:2642 Failed:0
1618961672674,508,selenium_view_dashboard,Success,True
.test_1_selenium_view_dashboard,Total:2643 Passed:2643 Failed:0
1618961673412,735,selenium_view_issue,Success,True
.test_1_selenium_view_issue,Total:2644 Passed:2644 Failed:0
1618961673995,581,selenium_project_summary,Success,True
.test_1_selenium_view_project_summary,Total:2645 Passed:2645 Failed:0
1618961674349,352,selenium_log_out,Success,True
.test_2_selenium_z_log_out,Total:2646 Passed:2646 Failed:0


=============================== warnings summary ===============================
../../usr/local/lib/python3.8/dist-packages/_pytest/config/__init__.py:1114
  /usr/local/lib/python3.8/dist-packages/_pytest/config/__init__.py:1114: PytestAssertRewriteWarning: Module already imported so cannot be rewritten: apiritif
    self._mark_plugins_for_rewrite(hook)

-- Docs: https://docs.pytest.org/en/stable/warnings.html
======================== 14 passed, 1 warning in 15.01s ========================
============================= test session starts ==============================
platform linux -- Python 3.8.5, pytest-6.2.1, py-1.10.0, pluggy-0.13.1
rootdir: /dc-app-performance-toolkit/app
plugins: apiritif-0.9.6
collected 14 items

selenium_ui/jira_ui.py get driver from global
1618961674532,135,selenium_login:open_login_page,Success,True
1618961675245,713,selenium_login:login_and_view_dashboard,Success,True
1618961675245,849,selenium_login,Success,True
.test_0_selenium_a_login,Total:2647 Passed:2647 Failed:0
1618961675568,310,selenium_browse_projects_list,Success,True
.test_1_selenium_browse_projects_list,Total:2648 Passed:2648 Failed:0
1618961675872,302,selenium_browse_boards_list,Success,True
.test_1_selenium_browse_boards_list,Total:2649 Passed:2649 Failed:0
1618961676770,887,selenium_create_issue:open_quick_create,Success,True
1618961678015,627,selenium_create_issue:fill_and_submit_issue_form:submit_issue_form,Success,True
1618961678015,1245,selenium_create_issue:fill_and_submit_issue_form,Success,True
1618961678015,2132,selenium_create_issue,Success,True
.test_1_selenium_create_issue,Total:2650 Passed:2650 Failed:0
1618961678589,564,selenium_edit_issue:open_edit_issue_form,Success,True
1618961679831,689,selenium_edit_issue:save_edit_issue_form,Success,True
1618961679831,1806,selenium_edit_issue,Success,True
.test_1_selenium_edit_issue,Total:2651 Passed:2651 Failed:0
1618961680363,530,selenium_save_comment:open_comment_form,Success,True
1618961681262,781,selenium_save_comment:submit_form,Success,True
1618961681262,1429,selenium_save_comment,Success,True
.test_1_selenium_save_comment,Total:2652 Passed:2652 Failed:0
1618961682714,1450,selenium_search_jql,Success,True
.test_1_selenium_search_jql,Total:2653 Passed:2653 Failed:0
1618961684290,1574,selenium_view_scrum_board_backlog,Success,True
.test_1_selenium_view_backlog_for_scrum_board,Total:2654 Passed:2654 Failed:0
1618961685097,805,selenium_view_scrum_board,Success,True
.test_1_selenium_view_scrum_board,Total:2655 Passed:2655 Failed:0
1618961686146,1047,selenium_view_kanban_board,Success,True
.test_1_selenium_view_kanban_board,Total:2656 Passed:2656 Failed:0
1618961686438,290,selenium_view_dashboard,Success,True
.test_1_selenium_view_dashboard,Total:2657 Passed:2657 Failed:0
1618961687120,679,selenium_view_issue,Success,True
.test_1_selenium_view_issue,Total:2658 Passed:2658 Failed:0
1618961687590,467,selenium_project_summary,Success,True
.test_1_selenium_view_project_summary,Total:2659 Passed:2659 Failed:0
1618961688069,477,selenium_log_out,Success,True
.test_2_selenium_z_log_out,Total:2660 Passed:2660 Failed:0


=============================== warnings summary ===============================
../../usr/local/lib/python3.8/dist-packages/_pytest/config/__init__.py:1114
  /usr/local/lib/python3.8/dist-packages/_pytest/config/__init__.py:1114: PytestAssertRewriteWarning: Module already imported so cannot be rewritten: apiritif
    self._mark_plugins_for_rewrite(hook)

-- Docs: https://docs.pytest.org/en/stable/warnings.html
======================== 14 passed, 1 warning in 13.68s ========================
============================= test session starts ==============================
platform linux -- Python 3.8.5, pytest-6.2.1, py-1.10.0, pluggy-0.13.1
rootdir: /dc-app-performance-toolkit/app
plugins: apiritif-0.9.6
collected 14 items

selenium_ui/jira_ui.py get driver from global
1618961688298,179,selenium_login:open_login_page,Success,True
1618961689712,1414,selenium_login:login_and_view_dashboard,Success,True
1618961689713,1593,selenium_login,Success,True
.test_0_selenium_a_login,Total:2661 Passed:2661 Failed:0
1618961690007,271,selenium_browse_projects_list,Success,True
.test_1_selenium_browse_projects_list,Total:2662 Passed:2662 Failed:0
1618961690303,293,selenium_browse_boards_list,Success,True
.test_1_selenium_browse_boards_list,Total:2663 Passed:2663 Failed:0
1618961691236,923,selenium_create_issue:open_quick_create,Success,True
1618961692510,622,selenium_create_issue:fill_and_submit_issue_form:submit_issue_form,Success,True
1618961692510,1273,selenium_create_issue:fill_and_submit_issue_form,Success,True
1618961692510,2197,selenium_create_issue,Success,True
.test_1_selenium_create_issue,Total:2664 Passed:2664 Failed:0
1618961693315,795,selenium_edit_issue:open_edit_issue_form,Success,True
1618961694336,688,selenium_edit_issue:save_edit_issue_form,Success,True
1618961694336,1816,selenium_edit_issue,Success,True
.test_1_selenium_edit_issue,Total:2665 Passed:2665 Failed:0
1618961694716,378,selenium_save_comment:open_comment_form,Success,True
1618961695861,961,selenium_save_comment:submit_form,Success,True
1618961695861,1523,selenium_save_comment,Success,True
.test_1_selenium_save_comment,Total:2666 Passed:2666 Failed:0
1618961697279,1416,selenium_search_jql,Success,True
.test_1_selenium_search_jql,Total:2667 Passed:2667 Failed:0
1618961698317,1037,selenium_view_scrum_board_backlog,Success,True
.test_1_selenium_view_backlog_for_scrum_board,Total:2668 Passed:2668 Failed:0
1618961699148,828,selenium_view_scrum_board,Success,True
.test_1_selenium_view_scrum_board,Total:2669 Passed:2669 Failed:0
1618961700172,1022,selenium_view_kanban_board,Success,True
.test_1_selenium_view_kanban_board,Total:2670 Passed:2670 Failed:0
1618961700448,275,selenium_view_dashboard,Success,True
.test_1_selenium_view_dashboard,Total:2671 Passed:2671 Failed:0
1618961701202,751,selenium_view_issue,Success,True
.test_1_selenium_view_issue,Total:2672 Passed:2672 Failed:0
1618961701763,559,selenium_project_summary,Success,True
.test_1_selenium_view_project_summary,Total:2673 Passed:2673 Failed:0
1618961702247,482,selenium_log_out,Success,True
.test_2_selenium_z_log_out,Total:2674 Passed:2674 Failed:0


=============================== warnings summary ===============================
../../usr/local/lib/python3.8/dist-packages/_pytest/config/__init__.py:1114
  /usr/local/lib/python3.8/dist-packages/_pytest/config/__init__.py:1114: PytestAssertRewriteWarning: Module already imported so cannot be rewritten: apiritif
    self._mark_plugins_for_rewrite(hook)

-- Docs: https://docs.pytest.org/en/stable/warnings.html
======================== 14 passed, 1 warning in 14.14s ========================
