============================= test session starts ==============================
platform linux -- Python 3.8.5, pytest-6.2.1, py-1.10.0, pluggy-0.13.1
rootdir: /dc-app-performance-toolkit/app
plugins: apiritif-0.9.6
collected 8 items

selenium_ui/confluence_ui.py first driver inits
1619152155838,1126,selenium_login:open_login_page,Success,True
1619152156753,833,selenium_login:login_and_view_dashboard,Success,True
1619152156754,2041,selenium_login,Success,True
.test_0_selenium_a_login,Total:1 Passed:1 Failed:0
1619152158099,1327,selenium_view_page,Success,True
.test_1_selenium_view_page,Total:2 Passed:2 Failed:0
1619152160415,2315,selenium_create_page:open_create_page_editor,Success,True
1619152161316,733,selenium_create_page:save_created_page,Success,True
1619152161316,3215,selenium_create_page,Success,True
.test_1_selenium_create_page,Total:3 Passed:3 Failed:0
1619152164045,2727,selenium_edit_page:open_create_page_editor,Success,True
1619152164987,917,selenium_edit_page:save_edited_page,Success,True
1619152164987,3669,selenium_edit_page,Success,True
.test_1_selenium_edit_page,Total:4 Passed:4 Failed:0
1619152166255,652,selenium_create_comment:write_comment,Success,True
1619152166396,141,selenium_create_comment:save_comment,Success,True
1619152166397,1408,selenium_create_comment,Success,True
.test_1_selenium_create_comment,Total:5 Passed:5 Failed:0
1619152167599,1200,selenium_view_blog,Success,True
.test_1_selenium_view_blog,Total:6 Passed:6 Failed:0
1619152167810,210,selenium_view_dashboard,Success,True
.test_1_selenium_view_dashboard,Total:7 Passed:7 Failed:0
1619152167977,164,selenium_log_out,Success,True
.test_2_selenium_z_log_out,Total:8 Passed:8 Failed:0


=============================== warnings summary ===============================
../../usr/local/lib/python3.8/dist-packages/_pytest/config/__init__.py:1114
  /usr/local/lib/python3.8/dist-packages/_pytest/config/__init__.py:1114: PytestAssertRewriteWarning: Module already imported so cannot be rewritten: apiritif
    self._mark_plugins_for_rewrite(hook)

-- Docs: https://docs.pytest.org/en/stable/warnings.html
======================== 8 passed, 1 warning in 14.42s =========================
============================= test session starts ==============================
platform linux -- Python 3.8.5, pytest-6.2.1, py-1.10.0, pluggy-0.13.1
rootdir: /dc-app-performance-toolkit/app
plugins: apiritif-0.9.6
collected 8 items

selenium_ui/confluence_ui.py get driver from global
1619152168132,108,selenium_login:open_login_page,Success,True
1619152168510,295,selenium_login:login_and_view_dashboard,Success,True
1619152168510,485,selenium_login,Success,True
.test_0_selenium_a_login,Total:9 Passed:9 Failed:0
1619152168957,430,selenium_view_page,Success,True
.test_1_selenium_view_page,Total:10 Passed:10 Failed:0
1619152169692,734,selenium_create_page:open_create_page_editor,Success,True
1619152170467,659,selenium_create_page:save_created_page,Success,True
1619152170467,1508,selenium_create_page,Success,True
.test_1_selenium_create_page,Total:11 Passed:11 Failed:0
1619152171511,1042,selenium_edit_page:open_create_page_editor,Success,True
1619152172250,718,selenium_edit_page:save_edited_page,Success,True
1619152172250,1781,selenium_edit_page,Success,True
.test_1_selenium_edit_page,Total:12 Passed:12 Failed:0
1619152173189,638,selenium_create_comment:write_comment,Success,True
1619152173338,148,selenium_create_comment:save_comment,Success,True
1619152173338,1086,selenium_create_comment,Success,True
.test_1_selenium_create_comment,Total:13 Passed:13 Failed:0
1619152173854,514,selenium_view_blog,Success,True
.test_1_selenium_view_blog,Total:14 Passed:14 Failed:0
1619152174037,181,selenium_view_dashboard,Success,True
.test_1_selenium_view_dashboard,Total:15 Passed:15 Failed:0
1619152174166,127,selenium_log_out,Success,True
.test_2_selenium_z_log_out,Total:16 Passed:16 Failed:0


=============================== warnings summary ===============================
../../usr/local/lib/python3.8/dist-packages/_pytest/config/__init__.py:1114
  /usr/local/lib/python3.8/dist-packages/_pytest/config/__init__.py:1114: PytestAssertRewriteWarning: Module already imported so cannot be rewritten: apiritif
    self._mark_plugins_for_rewrite(hook)

-- Docs: https://docs.pytest.org/en/stable/warnings.html
========================= 8 passed, 1 warning in 6.15s =========================
============================= test session starts ==============================
platform linux -- Python 3.8.5, pytest-6.2.1, py-1.10.0, pluggy-0.13.1
rootdir: /dc-app-performance-toolkit/app
plugins: apiritif-0.9.6
collected 8 items

selenium_ui/confluence_ui.py get driver from global
1619152174322,110,selenium_login:open_login_page,Success,True
1619152174701,297,selenium_login:login_and_view_dashboard,Success,True
1619152174701,490,selenium_login,Success,True
.test_0_selenium_a_login,Total:17 Passed:17 Failed:0
1619152175132,413,selenium_view_page,Success,True
.test_1_selenium_view_page,Total:18 Passed:18 Failed:0
1619152175856,722,selenium_create_page:open_create_page_editor,Success,True
1619152176588,608,selenium_create_page:save_created_page,Success,True
1619152176588,1454,selenium_create_page,Success,True
.test_1_selenium_create_page,Total:19 Passed:19 Failed:0
1619152178702,2112,selenium_edit_page:open_create_page_editor,Success,True
1619152179411,688,selenium_edit_page:save_edited_page,Success,True
1619152179411,2821,selenium_edit_page,Success,True
.test_1_selenium_edit_page,Total:20 Passed:20 Failed:0
1619152180416,634,selenium_create_comment:write_comment,Success,True
1619152180556,139,selenium_create_comment:save_comment,Success,True
1619152180556,1143,selenium_create_comment,Success,True
.test_1_selenium_create_comment,Total:21 Passed:21 Failed:0
1619152181210,652,selenium_view_blog,Success,True
.test_1_selenium_view_blog,Total:22 Passed:22 Failed:0
1619152181408,196,selenium_view_dashboard,Success,True
.test_1_selenium_view_dashboard,Total:23 Passed:23 Failed:0
1619152181532,123,selenium_log_out,Success,True
.test_2_selenium_z_log_out,Total:24 Passed:24 Failed:0


=============================== warnings summary ===============================
../../usr/local/lib/python3.8/dist-packages/_pytest/config/__init__.py:1114
  /usr/local/lib/python3.8/dist-packages/_pytest/config/__init__.py:1114: PytestAssertRewriteWarning: Module already imported so cannot be rewritten: apiritif
    self._mark_plugins_for_rewrite(hook)

-- Docs: https://docs.pytest.org/en/stable/warnings.html
========================= 8 passed, 1 warning in 7.33s =========================
============================= test session starts ==============================
platform linux -- Python 3.8.5, pytest-6.2.1, py-1.10.0, pluggy-0.13.1
rootdir: /dc-app-performance-toolkit/app
plugins: apiritif-0.9.6
collected 8 items

selenium_ui/confluence_ui.py get driver from global
1619152181694,117,selenium_login:open_login_page,Success,True
1619152182110,333,selenium_login:login_and_view_dashboard,Success,True
1619152182110,533,selenium_login,Success,True
.test_0_selenium_a_login,Total:25 Passed:25 Failed:0
1619152184031,1892,selenium_view_page,Success,True
.test_1_selenium_view_page,Total:26 Passed:26 Failed:0
1619152184811,777,selenium_create_page:open_create_page_editor,Success,True
1619152185594,663,selenium_create_page:save_created_page,Success,True
1619152185594,1561,selenium_create_page,Success,True
.test_1_selenium_create_page,Total:27 Passed:27 Failed:0
1619152188391,2796,selenium_edit_page:open_create_page_editor,Success,True
1619152189391,978,selenium_edit_page:save_edited_page,Success,True
1619152189391,3795,selenium_edit_page,Success,True
.test_1_selenium_edit_page,Total:28 Passed:28 Failed:0
1619152190633,752,selenium_create_comment:write_comment,Success,True
1619152190778,145,selenium_create_comment:save_comment,Success,True
1619152190779,1386,selenium_create_comment,Success,True
.test_1_selenium_create_comment,Total:29 Passed:29 Failed:0
1619152191471,690,selenium_view_blog,Success,True
.test_1_selenium_view_blog,Total:30 Passed:30 Failed:0
1619152191723,250,selenium_view_dashboard,Success,True
.test_1_selenium_view_dashboard,Total:31 Passed:31 Failed:0
1619152191843,118,selenium_log_out,Success,True
.test_2_selenium_z_log_out,Total:32 Passed:32 Failed:0


=============================== warnings summary ===============================
../../usr/local/lib/python3.8/dist-packages/_pytest/config/__init__.py:1114
  /usr/local/lib/python3.8/dist-packages/_pytest/config/__init__.py:1114: PytestAssertRewriteWarning: Module already imported so cannot be rewritten: apiritif
    self._mark_plugins_for_rewrite(hook)

-- Docs: https://docs.pytest.org/en/stable/warnings.html
======================== 8 passed, 1 warning in 10.28s =========================
============================= test session starts ==============================
platform linux -- Python 3.8.5, pytest-6.2.1, py-1.10.0, pluggy-0.13.1
rootdir: /dc-app-performance-toolkit/app
plugins: apiritif-0.9.6
collected 8 items

selenium_ui/confluence_ui.py get driver from global
1619152191992,103,selenium_login:open_login_page,Success,True
1619152192390,318,selenium_login:login_and_view_dashboard,Success,True
1619152192390,502,selenium_login,Success,True
.test_0_selenium_a_login,Total:33 Passed:33 Failed:0
1619152193121,706,selenium_view_page,Success,True
.test_1_selenium_view_page,Total:34 Passed:34 Failed:0
1619152193852,729,selenium_create_page:open_create_page_editor,Success,True
1619152194620,617,selenium_create_page:save_created_page,Success,True
1619152194620,1497,selenium_create_page,Success,True
.test_1_selenium_create_page,Total:35 Passed:35 Failed:0
1619152196507,1885,selenium_edit_page:open_create_page_editor,Success,True
1619152197757,1228,selenium_edit_page:save_edited_page,Success,True
1619152197757,3135,selenium_edit_page,Success,True
.test_1_selenium_edit_page,Total:36 Passed:36 Failed:0
1619152198704,352,selenium_create_comment:write_comment,Success,True
1619152198861,157,selenium_create_comment:save_comment,Success,True
1619152198861,1103,selenium_create_comment,Success,True
.test_1_selenium_create_comment,Total:37 Passed:37 Failed:0
1619152199393,529,selenium_view_blog,Success,True
.test_1_selenium_view_blog,Total:38 Passed:38 Failed:0
1619152199638,244,selenium_view_dashboard,Success,True
.test_1_selenium_view_dashboard,Total:39 Passed:39 Failed:0
1619152199758,118,selenium_log_out,Success,True
.test_2_selenium_z_log_out,Total:40 Passed:40 Failed:0


=============================== warnings summary ===============================
../../usr/local/lib/python3.8/dist-packages/_pytest/config/__init__.py:1114
  /usr/local/lib/python3.8/dist-packages/_pytest/config/__init__.py:1114: PytestAssertRewriteWarning: Module already imported so cannot be rewritten: apiritif
    self._mark_plugins_for_rewrite(hook)

-- Docs: https://docs.pytest.org/en/stable/warnings.html
========================= 8 passed, 1 warning in 7.88s =========================
============================= test session starts ==============================
platform linux -- Python 3.8.5, pytest-6.2.1, py-1.10.0, pluggy-0.13.1
rootdir: /dc-app-performance-toolkit/app
plugins: apiritif-0.9.6
collected 8 items

selenium_ui/confluence_ui.py get driver from global
1619152199906,103,selenium_login:open_login_page,Success,True
1619152200318,327,selenium_login:login_and_view_dashboard,Success,True
1619152200318,515,selenium_login,Success,True
.test_0_selenium_a_login,Total:41 Passed:41 Failed:0
1619152200888,540,selenium_view_page,Success,True
.test_1_selenium_view_page,Total:42 Passed:42 Failed:0
1619152201758,868,selenium_create_page:open_create_page_editor,Success,True
1619152202507,628,selenium_create_page:save_created_page,Success,True
1619152202507,1618,selenium_create_page,Success,True
.test_1_selenium_create_page,Total:43 Passed:43 Failed:0
1619152204698,2188,selenium_edit_page:open_create_page_editor,Success,True
1619152205434,713,selenium_edit_page:save_edited_page,Success,True
1619152205434,2925,selenium_edit_page,Success,True
.test_1_selenium_edit_page,Total:44 Passed:44 Failed:0
1619152206500,766,selenium_create_comment:write_comment,Success,True
1619152206665,164,selenium_create_comment:save_comment,Success,True
1619152206665,1229,selenium_create_comment,Success,True
.test_1_selenium_create_comment,Total:45 Passed:45 Failed:0
1619152207165,498,selenium_view_blog,Success,True
.test_1_selenium_view_blog,Total:46 Passed:46 Failed:0
1619152207413,246,selenium_view_dashboard,Success,True
.test_1_selenium_view_dashboard,Total:47 Passed:47 Failed:0
1619152207536,121,selenium_log_out,Success,True
.test_2_selenium_z_log_out,Total:48 Passed:48 Failed:0


=============================== warnings summary ===============================
../../usr/local/lib/python3.8/dist-packages/_pytest/config/__init__.py:1114
  /usr/local/lib/python3.8/dist-packages/_pytest/config/__init__.py:1114: PytestAssertRewriteWarning: Module already imported so cannot be rewritten: apiritif
    self._mark_plugins_for_rewrite(hook)

-- Docs: https://docs.pytest.org/en/stable/warnings.html
========================= 8 passed, 1 warning in 7.74s =========================
============================= test session starts ==============================
platform linux -- Python 3.8.5, pytest-6.2.1, py-1.10.0, pluggy-0.13.1
rootdir: /dc-app-performance-toolkit/app
plugins: apiritif-0.9.6
collected 8 items

selenium_ui/confluence_ui.py get driver from global
1619152207684,102,selenium_login:open_login_page,Success,True
1619152208088,316,selenium_login:login_and_view_dashboard,Success,True
1619152208088,506,selenium_login,Success,True
.test_0_selenium_a_login,Total:49 Passed:49 Failed:0
1619152208509,396,selenium_view_page,Success,True
.test_1_selenium_view_page,Total:50 Passed:50 Failed:0
1619152209313,802,selenium_create_page:open_create_page_editor,Success,True
1619152210092,606,selenium_create_page:save_created_page,Success,True
1619152210093,1582,selenium_create_page,Success,True
.test_1_selenium_create_page,Total:51 Passed:51 Failed:0
1619152211206,1112,selenium_edit_page:open_create_page_editor,Success,True
1619152211944,716,selenium_edit_page:save_edited_page,Success,True
1619152211944,1850,selenium_edit_page,Success,True
.test_1_selenium_edit_page,Total:52 Passed:52 Failed:0
1619152212645,300,selenium_create_comment:write_comment,Success,True
1619152213322,676,selenium_create_comment:save_comment,Success,True
1619152213322,1376,selenium_create_comment,Success,True
.test_1_selenium_create_comment,Total:53 Passed:53 Failed:0
1619152214000,676,selenium_view_blog,Success,True
.test_1_selenium_view_blog,Total:54 Passed:54 Failed:0
1619152214285,282,selenium_view_dashboard,Success,True
.test_1_selenium_view_dashboard,Total:55 Passed:55 Failed:0
1619152214404,118,selenium_log_out,Success,True
.test_2_selenium_z_log_out,Total:56 Passed:56 Failed:0


=============================== warnings summary ===============================
../../usr/local/lib/python3.8/dist-packages/_pytest/config/__init__.py:1114
  /usr/local/lib/python3.8/dist-packages/_pytest/config/__init__.py:1114: PytestAssertRewriteWarning: Module already imported so cannot be rewritten: apiritif
    self._mark_plugins_for_rewrite(hook)

-- Docs: https://docs.pytest.org/en/stable/warnings.html
========================= 8 passed, 1 warning in 6.83s =========================
============================= test session starts ==============================
platform linux -- Python 3.8.5, pytest-6.2.1, py-1.10.0, pluggy-0.13.1
rootdir: /dc-app-performance-toolkit/app
plugins: apiritif-0.9.6
collected 8 items

selenium_ui/confluence_ui.py get driver from global
1619152214558,109,selenium_login:open_login_page,Success,True
1619152214969,326,selenium_login:login_and_view_dashboard,Success,True
1619152214969,520,selenium_login,Success,True
.test_0_selenium_a_login,Total:57 Passed:57 Failed:0
1619152215612,613,selenium_view_page,Success,True
.test_1_selenium_view_page,Total:58 Passed:58 Failed:0
1619152216452,839,selenium_create_page:open_create_page_editor,Success,True
1619152217196,619,selenium_create_page:save_created_page,Success,True
1619152217196,1582,selenium_create_page,Success,True
.test_1_selenium_create_page,Total:59 Passed:59 Failed:0
1619152219464,2266,selenium_edit_page:open_create_page_editor,Success,True
1619152220313,828,selenium_edit_page:save_edited_page,Success,True
1619152220313,3116,selenium_edit_page,Success,True
.test_1_selenium_edit_page,Total:60 Passed:60 Failed:0
1619152221213,350,selenium_create_comment:write_comment,Success,True
1619152221832,619,selenium_create_comment:save_comment,Success,True
1619152221832,1517,selenium_create_comment,Success,True
.test_1_selenium_create_comment,Total:61 Passed:61 Failed:0
1619152222526,692,selenium_view_blog,Success,True
.test_1_selenium_view_blog,Total:62 Passed:62 Failed:0
1619152222776,248,selenium_view_dashboard,Success,True
.test_1_selenium_view_dashboard,Total:63 Passed:63 Failed:0
1619152222900,122,selenium_log_out,Success,True
.test_2_selenium_z_log_out,Total:64 Passed:64 Failed:0


=============================== warnings summary ===============================
../../usr/local/lib/python3.8/dist-packages/_pytest/config/__init__.py:1114
  /usr/local/lib/python3.8/dist-packages/_pytest/config/__init__.py:1114: PytestAssertRewriteWarning: Module already imported so cannot be rewritten: apiritif
    self._mark_plugins_for_rewrite(hook)

-- Docs: https://docs.pytest.org/en/stable/warnings.html
========================= 8 passed, 1 warning in 8.46s =========================
============================= test session starts ==============================
platform linux -- Python 3.8.5, pytest-6.2.1, py-1.10.0, pluggy-0.13.1
rootdir: /dc-app-performance-toolkit/app
plugins: apiritif-0.9.6
collected 8 items

selenium_ui/confluence_ui.py get driver from global
1619152223049,103,selenium_login:open_login_page,Success,True
1619152223459,323,selenium_login:login_and_view_dashboard,Success,True
1619152223459,514,selenium_login,Success,True
.test_0_selenium_a_login,Total:65 Passed:65 Failed:0
1619152224067,589,selenium_view_page,Success,True
.test_1_selenium_view_page,Total:66 Passed:66 Failed:0
1619152224838,770,selenium_create_page:open_create_page_editor,Success,True
1619152225565,604,selenium_create_page:save_created_page,Success,True
1619152225565,1496,selenium_create_page,Success,True
.test_1_selenium_create_page,Total:67 Passed:67 Failed:0
1619152227773,2207,selenium_edit_page:open_create_page_editor,Success,True
1619152228551,726,selenium_edit_page:save_edited_page,Success,True
1619152228551,2984,selenium_edit_page,Success,True
.test_1_selenium_edit_page,Total:68 Passed:68 Failed:0
1619152229723,807,selenium_create_comment:write_comment,Success,True
1619152229867,144,selenium_create_comment:save_comment,Success,True
1619152229868,1315,selenium_create_comment,Success,True
.test_1_selenium_create_comment,Total:69 Passed:69 Failed:0
1619152230398,528,selenium_view_blog,Success,True
.test_1_selenium_view_blog,Total:70 Passed:70 Failed:0
1619152230644,244,selenium_view_dashboard,Success,True
.test_1_selenium_view_dashboard,Total:71 Passed:71 Failed:0
1619152230773,127,selenium_log_out,Success,True
.test_2_selenium_z_log_out,Total:72 Passed:72 Failed:0


=============================== warnings summary ===============================
../../usr/local/lib/python3.8/dist-packages/_pytest/config/__init__.py:1114
  /usr/local/lib/python3.8/dist-packages/_pytest/config/__init__.py:1114: PytestAssertRewriteWarning: Module already imported so cannot be rewritten: apiritif
    self._mark_plugins_for_rewrite(hook)

-- Docs: https://docs.pytest.org/en/stable/warnings.html
========================= 8 passed, 1 warning in 7.84s =========================
============================= test session starts ==============================
platform linux -- Python 3.8.5, pytest-6.2.1, py-1.10.0, pluggy-0.13.1
rootdir: /dc-app-performance-toolkit/app
plugins: apiritif-0.9.6
collected 8 items

selenium_ui/confluence_ui.py get driver from global
1619152230929,110,selenium_login:open_login_page,Success,True
1619152231343,328,selenium_login:login_and_view_dashboard,Success,True
1619152231343,524,selenium_login,Success,True
.test_0_selenium_a_login,Total:73 Passed:73 Failed:0
1619152232077,711,selenium_view_page,Success,True
.test_1_selenium_view_page,Total:74 Passed:74 Failed:0
1619152232901,822,selenium_create_page:open_create_page_editor,Success,True
1619152233633,608,selenium_create_page:save_created_page,Success,True
1619152233633,1555,selenium_create_page,Success,True
.test_1_selenium_create_page,Total:75 Passed:75 Failed:0
1619152234785,1150,selenium_edit_page:open_create_page_editor,Success,True
1619152235663,856,selenium_edit_page:save_edited_page,Success,True
1619152235663,2028,selenium_edit_page,Success,True
.test_1_selenium_edit_page,Total:76 Passed:76 Failed:0
1619152236672,371,selenium_create_comment:write_comment,Success,True
1619152237334,661,selenium_create_comment:save_comment,Success,True
1619152237334,1669,selenium_create_comment,Success,True
.test_1_selenium_create_comment,Total:77 Passed:77 Failed:0
1619152237932,596,selenium_view_blog,Success,True
.test_1_selenium_view_blog,Total:78 Passed:78 Failed:0
1619152238289,354,selenium_view_dashboard,Success,True
.test_1_selenium_view_dashboard,Total:79 Passed:79 Failed:0
1619152238419,129,selenium_log_out,Success,True
.test_2_selenium_z_log_out,Total:80 Passed:80 Failed:0


=============================== warnings summary ===============================
../../usr/local/lib/python3.8/dist-packages/_pytest/config/__init__.py:1114
  /usr/local/lib/python3.8/dist-packages/_pytest/config/__init__.py:1114: PytestAssertRewriteWarning: Module already imported so cannot be rewritten: apiritif
    self._mark_plugins_for_rewrite(hook)

-- Docs: https://docs.pytest.org/en/stable/warnings.html
========================= 8 passed, 1 warning in 7.61s =========================
============================= test session starts ==============================
platform linux -- Python 3.8.5, pytest-6.2.1, py-1.10.0, pluggy-0.13.1
rootdir: /dc-app-performance-toolkit/app
plugins: apiritif-0.9.6
collected 8 items

selenium_ui/confluence_ui.py get driver from global
1619152238566,101,selenium_login:open_login_page,Success,True
1619152238962,308,selenium_login:login_and_view_dashboard,Success,True
1619152238962,497,selenium_login,Success,True
.test_0_selenium_a_login,Total:81 Passed:81 Failed:0
1619152239535,547,selenium_view_page,Success,True
.test_1_selenium_view_page,Total:82 Passed:82 Failed:0
1619152240407,869,selenium_create_page:open_create_page_editor,Success,True
1619152241176,651,selenium_create_page:save_created_page,Success,True
1619152241176,1639,selenium_create_page,Success,True
.test_1_selenium_create_page,Total:83 Passed:83 Failed:0
1619152242246,1069,selenium_edit_page:open_create_page_editor,Success,True
1619152242977,709,selenium_edit_page:save_edited_page,Success,True
1619152242977,1799,selenium_edit_page,Success,True
.test_1_selenium_edit_page,Total:84 Passed:84 Failed:0
1619152244143,842,selenium_create_comment:write_comment,Success,True
1619152244766,622,selenium_create_comment:save_comment,Success,True
1619152244766,1788,selenium_create_comment,Success,True
.test_1_selenium_create_comment,Total:85 Passed:85 Failed:0
1619152245357,589,selenium_view_blog,Success,True
.test_1_selenium_view_blog,Total:86 Passed:86 Failed:0
1619152245612,253,selenium_view_dashboard,Success,True
.test_1_selenium_view_dashboard,Total:87 Passed:87 Failed:0
1619152245729,115,selenium_log_out,Success,True
.test_2_selenium_z_log_out,Total:88 Passed:88 Failed:0


=============================== warnings summary ===============================
../../usr/local/lib/python3.8/dist-packages/_pytest/config/__init__.py:1114
  /usr/local/lib/python3.8/dist-packages/_pytest/config/__init__.py:1114: PytestAssertRewriteWarning: Module already imported so cannot be rewritten: apiritif
    self._mark_plugins_for_rewrite(hook)

-- Docs: https://docs.pytest.org/en/stable/warnings.html
========================= 8 passed, 1 warning in 7.27s =========================
============================= test session starts ==============================
platform linux -- Python 3.8.5, pytest-6.2.1, py-1.10.0, pluggy-0.13.1
rootdir: /dc-app-performance-toolkit/app
plugins: apiritif-0.9.6
collected 8 items

selenium_ui/confluence_ui.py get driver from global
1619152245883,108,selenium_login:open_login_page,Success,True
1619152246308,340,selenium_login:login_and_view_dashboard,Success,True
1619152246308,534,selenium_login,Success,True
.test_0_selenium_a_login,Total:89 Passed:89 Failed:0
1619152246894,555,selenium_view_page,Success,True
.test_1_selenium_view_page,Total:90 Passed:90 Failed:0
1619152247740,844,selenium_create_page:open_create_page_editor,Success,True
1619152248525,626,selenium_create_page:save_created_page,Success,True
1619152248525,1630,selenium_create_page,Success,True
.test_1_selenium_create_page,Total:91 Passed:91 Failed:0
1619152249779,1252,selenium_edit_page:open_create_page_editor,Success,True
1619152250585,783,selenium_edit_page:save_edited_page,Success,True
1619152250585,2058,selenium_edit_page,Success,True
.test_1_selenium_edit_page,Total:92 Passed:92 Failed:0
1619152251759,813,selenium_create_comment:write_comment,Success,True
1619152252384,624,selenium_create_comment:save_comment,Success,True
1619152252384,1797,selenium_create_comment,Success,True
.test_1_selenium_create_comment,Total:93 Passed:93 Failed:0
1619152253078,692,selenium_view_blog,Success,True
.test_1_selenium_view_blog,Total:94 Passed:94 Failed:0
1619152253354,274,selenium_view_dashboard,Success,True
.test_1_selenium_view_dashboard,Total:95 Passed:95 Failed:0
1619152253476,120,selenium_log_out,Success,True
.test_2_selenium_z_log_out,Total:96 Passed:96 Failed:0


=============================== warnings summary ===============================
../../usr/local/lib/python3.8/dist-packages/_pytest/config/__init__.py:1114
  /usr/local/lib/python3.8/dist-packages/_pytest/config/__init__.py:1114: PytestAssertRewriteWarning: Module already imported so cannot be rewritten: apiritif
    self._mark_plugins_for_rewrite(hook)

-- Docs: https://docs.pytest.org/en/stable/warnings.html
========================= 8 passed, 1 warning in 7.71s =========================
============================= test session starts ==============================
platform linux -- Python 3.8.5, pytest-6.2.1, py-1.10.0, pluggy-0.13.1
rootdir: /dc-app-performance-toolkit/app
plugins: apiritif-0.9.6
collected 8 items

selenium_ui/confluence_ui.py get driver from global
1619152253631,108,selenium_login:open_login_page,Success,True
1619152254023,306,selenium_login:login_and_view_dashboard,Success,True
1619152254023,501,selenium_login,Success,True
.test_0_selenium_a_login,Total:97 Passed:97 Failed:0
1619152254418,376,selenium_view_page,Success,True
.test_1_selenium_view_page,Total:98 Passed:98 Failed:0
1619152255124,704,selenium_create_page:open_create_page_editor,Success,True
1619152255846,608,selenium_create_page:save_created_page,Success,True
1619152255846,1427,selenium_create_page,Success,True
.test_1_selenium_create_page,Total:99 Passed:99 Failed:0
1619152257900,2052,selenium_edit_page:open_create_page_editor,Success,True
1619152258638,713,selenium_edit_page:save_edited_page,Success,True
1619152258638,2790,selenium_edit_page,Success,True
.test_1_selenium_edit_page,Total:100 Passed:100 Failed:0
1619152259567,630,selenium_create_comment:write_comment,Success,True
1619152260230,662,selenium_create_comment:save_comment,Success,True
1619152260230,1590,selenium_create_comment,Success,True
.test_1_selenium_create_comment,Total:101 Passed:101 Failed:0
1619152261348,1116,selenium_view_blog,Success,True
.test_1_selenium_view_blog,Total:102 Passed:102 Failed:0
1619152261542,192,selenium_view_dashboard,Success,True
.test_1_selenium_view_dashboard,Total:103 Passed:103 Failed:0
1619152261661,117,selenium_log_out,Success,True
.test_2_selenium_z_log_out,Total:104 Passed:104 Failed:0


=============================== warnings summary ===============================
../../usr/local/lib/python3.8/dist-packages/_pytest/config/__init__.py:1114
  /usr/local/lib/python3.8/dist-packages/_pytest/config/__init__.py:1114: PytestAssertRewriteWarning: Module already imported so cannot be rewritten: apiritif
    self._mark_plugins_for_rewrite(hook)

-- Docs: https://docs.pytest.org/en/stable/warnings.html
========================= 8 passed, 1 warning in 8.15s =========================
============================= test session starts ==============================
platform linux -- Python 3.8.5, pytest-6.2.1, py-1.10.0, pluggy-0.13.1
rootdir: /dc-app-performance-toolkit/app
plugins: apiritif-0.9.6
collected 8 items

selenium_ui/confluence_ui.py get driver from global
1619152261819,112,selenium_login:open_login_page,Success,True
1619152262238,334,selenium_login:login_and_view_dashboard,Success,True
1619152262238,531,selenium_login,Success,True
.test_0_selenium_a_login,Total:105 Passed:105 Failed:0
1619152263040,767,selenium_view_page,Success,True
.test_1_selenium_view_page,Total:106 Passed:106 Failed:0
1619152263877,834,selenium_create_page:open_create_page_editor,Success,True
1619152264656,613,selenium_create_page:save_created_page,Success,True
1619152264656,1614,selenium_create_page,Success,True
.test_1_selenium_create_page,Total:107 Passed:107 Failed:0
1619152265705,1046,selenium_edit_page:open_create_page_editor,Success,True
1619152266695,968,selenium_edit_page:save_edited_page,Success,True
1619152266696,2038,selenium_edit_page,Success,True
.test_1_selenium_edit_page,Total:108 Passed:108 Failed:0
1619152267772,351,selenium_create_comment:write_comment,Success,True
1619152267929,156,selenium_create_comment:save_comment,Success,True
1619152267929,1231,selenium_create_comment,Success,True
.test_1_selenium_create_comment,Total:109 Passed:109 Failed:0
1619152268479,549,selenium_view_blog,Success,True
.test_1_selenium_view_blog,Total:110 Passed:110 Failed:0
1619152268731,250,selenium_view_dashboard,Success,True
.test_1_selenium_view_dashboard,Total:111 Passed:111 Failed:0
1619152268853,119,selenium_log_out,Success,True
.test_2_selenium_z_log_out,Total:112 Passed:112 Failed:0


=============================== warnings summary ===============================
../../usr/local/lib/python3.8/dist-packages/_pytest/config/__init__.py:1114
  /usr/local/lib/python3.8/dist-packages/_pytest/config/__init__.py:1114: PytestAssertRewriteWarning: Module already imported so cannot be rewritten: apiritif
    self._mark_plugins_for_rewrite(hook)

-- Docs: https://docs.pytest.org/en/stable/warnings.html
========================= 8 passed, 1 warning in 7.16s =========================
============================= test session starts ==============================
platform linux -- Python 3.8.5, pytest-6.2.1, py-1.10.0, pluggy-0.13.1
rootdir: /dc-app-performance-toolkit/app
plugins: apiritif-0.9.6
collected 8 items

selenium_ui/confluence_ui.py get driver from global
1619152269011,110,selenium_login:open_login_page,Success,True
1619152269435,337,selenium_login:login_and_view_dashboard,Success,True
1619152269435,534,selenium_login,Success,True
.test_0_selenium_a_login,Total:113 Passed:113 Failed:0
1619152269855,394,selenium_view_page,Success,True
.test_1_selenium_view_page,Total:114 Passed:114 Failed:0
1619152270712,855,selenium_create_page:open_create_page_editor,Success,True
1619152271463,626,selenium_create_page:save_created_page,Success,True
1619152271463,1606,selenium_create_page,Success,True
.test_1_selenium_create_page,Total:115 Passed:115 Failed:0
1619152273617,2152,selenium_edit_page:open_create_page_editor,Success,True
1619152274350,711,selenium_edit_page:save_edited_page,Success,True
1619152274350,2885,selenium_edit_page,Success,True
.test_1_selenium_edit_page,Total:116 Passed:116 Failed:0
1619152275486,809,selenium_create_comment:write_comment,Success,True
1619152275650,163,selenium_create_comment:save_comment,Success,True
1619152275650,1298,selenium_create_comment,Success,True
.test_1_selenium_create_comment,Total:117 Passed:117 Failed:0
1619152276329,677,selenium_view_blog,Success,True
.test_1_selenium_view_blog,Total:118 Passed:118 Failed:0
1619152276583,253,selenium_view_dashboard,Success,True
.test_1_selenium_view_dashboard,Total:119 Passed:119 Failed:0
1619152276707,121,selenium_log_out,Success,True
.test_2_selenium_z_log_out,Total:120 Passed:120 Failed:0


=============================== warnings summary ===============================
../../usr/local/lib/python3.8/dist-packages/_pytest/config/__init__.py:1114
  /usr/local/lib/python3.8/dist-packages/_pytest/config/__init__.py:1114: PytestAssertRewriteWarning: Module already imported so cannot be rewritten: apiritif
    self._mark_plugins_for_rewrite(hook)

-- Docs: https://docs.pytest.org/en/stable/warnings.html
========================= 8 passed, 1 warning in 7.82s =========================
============================= test session starts ==============================
platform linux -- Python 3.8.5, pytest-6.2.1, py-1.10.0, pluggy-0.13.1
rootdir: /dc-app-performance-toolkit/app
plugins: apiritif-0.9.6
collected 8 items

selenium_ui/confluence_ui.py get driver from global
1619152276868,114,selenium_login:open_login_page,Success,True
1619152277249,294,selenium_login:login_and_view_dashboard,Success,True
1619152277249,496,selenium_login,Success,True
.test_0_selenium_a_login,Total:121 Passed:121 Failed:0
1619152277961,646,selenium_view_page,Success,True
.test_1_selenium_view_page,Total:122 Passed:122 Failed:0
1619152278878,914,selenium_create_page:open_create_page_editor,Success,True
1619152279600,599,selenium_create_page:save_created_page,Success,True
1619152279601,1637,selenium_create_page,Success,True
.test_1_selenium_create_page,Total:123 Passed:123 Failed:0
1619152281673,2070,selenium_edit_page:open_create_page_editor,Success,True
1619152282614,920,selenium_edit_page:save_edited_page,Success,True
1619152282614,3012,selenium_edit_page,Success,True
.test_1_selenium_edit_page,Total:124 Passed:124 Failed:0
1619152283545,375,selenium_create_comment:write_comment,Success,True
1619152283724,178,selenium_create_comment:save_comment,Success,True
1619152283724,1108,selenium_create_comment,Success,True
.test_1_selenium_create_comment,Total:125 Passed:125 Failed:0
1619152284279,553,selenium_view_blog,Success,True
.test_1_selenium_view_blog,Total:126 Passed:126 Failed:0
1619152284533,251,selenium_view_dashboard,Success,True
.test_1_selenium_view_dashboard,Total:127 Passed:127 Failed:0
1619152284661,126,selenium_log_out,Success,True
.test_2_selenium_z_log_out,Total:128 Passed:128 Failed:0


=============================== warnings summary ===============================
../../usr/local/lib/python3.8/dist-packages/_pytest/config/__init__.py:1114
  /usr/local/lib/python3.8/dist-packages/_pytest/config/__init__.py:1114: PytestAssertRewriteWarning: Module already imported so cannot be rewritten: apiritif
    self._mark_plugins_for_rewrite(hook)

-- Docs: https://docs.pytest.org/en/stable/warnings.html
========================= 8 passed, 1 warning in 7.92s =========================
============================= test session starts ==============================
platform linux -- Python 3.8.5, pytest-6.2.1, py-1.10.0, pluggy-0.13.1
rootdir: /dc-app-performance-toolkit/app
plugins: apiritif-0.9.6
collected 8 items

selenium_ui/confluence_ui.py get driver from global
1619152284815,109,selenium_login:open_login_page,Success,True
1619152285231,331,selenium_login:login_and_view_dashboard,Success,True
1619152285231,525,selenium_login,Success,True
.test_0_selenium_a_login,Total:129 Passed:129 Failed:0
1619152285650,391,selenium_view_page,Success,True
.test_1_selenium_view_page,Total:130 Passed:130 Failed:0
1619152286471,818,selenium_create_page:open_create_page_editor,Success,True
1619152287241,606,selenium_create_page:save_created_page,Success,True
1619152287241,1589,selenium_create_page,Success,True
.test_1_selenium_create_page,Total:131 Passed:131 Failed:0
1619152288271,1028,selenium_edit_page:open_create_page_editor,Success,True
1619152288983,691,selenium_edit_page:save_edited_page,Success,True
1619152288984,1740,selenium_edit_page,Success,True
.test_1_selenium_edit_page,Total:132 Passed:132 Failed:0
1619152290147,790,selenium_create_comment:write_comment,Success,True
1619152290312,164,selenium_create_comment:save_comment,Success,True
1619152290312,1326,selenium_create_comment,Success,True
.test_1_selenium_create_comment,Total:133 Passed:133 Failed:0
1619152291034,720,selenium_view_blog,Success,True
.test_1_selenium_view_blog,Total:134 Passed:134 Failed:0
1619152291421,385,selenium_view_dashboard,Success,True
.test_1_selenium_view_dashboard,Total:135 Passed:135 Failed:0
1619152291550,127,selenium_log_out,Success,True
.test_2_selenium_z_log_out,Total:136 Passed:136 Failed:0


=============================== warnings summary ===============================
../../usr/local/lib/python3.8/dist-packages/_pytest/config/__init__.py:1114
  /usr/local/lib/python3.8/dist-packages/_pytest/config/__init__.py:1114: PytestAssertRewriteWarning: Module already imported so cannot be rewritten: apiritif
    self._mark_plugins_for_rewrite(hook)

-- Docs: https://docs.pytest.org/en/stable/warnings.html
========================= 8 passed, 1 warning in 6.85s =========================
============================= test session starts ==============================
platform linux -- Python 3.8.5, pytest-6.2.1, py-1.10.0, pluggy-0.13.1
rootdir: /dc-app-performance-toolkit/app
plugins: apiritif-0.9.6
collected 8 items

selenium_ui/confluence_ui.py get driver from global
1619152291702,106,selenium_login:open_login_page,Success,True
1619152292119,326,selenium_login:login_and_view_dashboard,Success,True
1619152292119,523,selenium_login,Success,True
.test_0_selenium_a_login,Total:137 Passed:137 Failed:0
1619152292671,523,selenium_view_page,Success,True
.test_1_selenium_view_page,Total:138 Passed:138 Failed:0
1619152293464,790,selenium_create_page:open_create_page_editor,Success,True
1619152294207,622,selenium_create_page:save_created_page,Success,True
1619152294208,1534,selenium_create_page,Success,True
.test_1_selenium_create_page,Total:139 Passed:139 Failed:0
1619152295308,1098,selenium_edit_page:open_create_page_editor,Success,True
1619152296052,721,selenium_edit_page:save_edited_page,Success,True
1619152296052,1843,selenium_edit_page,Success,True
.test_1_selenium_edit_page,Total:140 Passed:140 Failed:0
1619152297210,816,selenium_create_comment:write_comment,Success,True
1619152297358,147,selenium_create_comment:save_comment,Success,True
1619152297358,1304,selenium_create_comment,Success,True
.test_1_selenium_create_comment,Total:141 Passed:141 Failed:0
1619152297981,621,selenium_view_blog,Success,True
.test_1_selenium_view_blog,Total:142 Passed:142 Failed:0
1619152298335,352,selenium_view_dashboard,Success,True
.test_1_selenium_view_dashboard,Total:143 Passed:143 Failed:0
1619152298459,122,selenium_log_out,Success,True
.test_2_selenium_z_log_out,Total:144 Passed:144 Failed:0


=============================== warnings summary ===============================
../../usr/local/lib/python3.8/dist-packages/_pytest/config/__init__.py:1114
  /usr/local/lib/python3.8/dist-packages/_pytest/config/__init__.py:1114: PytestAssertRewriteWarning: Module already imported so cannot be rewritten: apiritif
    self._mark_plugins_for_rewrite(hook)

-- Docs: https://docs.pytest.org/en/stable/warnings.html
========================= 8 passed, 1 warning in 6.87s =========================
============================= test session starts ==============================
platform linux -- Python 3.8.5, pytest-6.2.1, py-1.10.0, pluggy-0.13.1
rootdir: /dc-app-performance-toolkit/app
plugins: apiritif-0.9.6
collected 8 items

selenium_ui/confluence_ui.py get driver from global
1619152298609,106,selenium_login:open_login_page,Success,True
1619152299055,356,selenium_login:login_and_view_dashboard,Success,True
1619152299055,552,selenium_login,Success,True
.test_0_selenium_a_login,Total:145 Passed:145 Failed:0
1619152299847,771,selenium_view_page,Success,True
.test_1_selenium_view_page,Total:146 Passed:146 Failed:0
1619152300650,801,selenium_create_page:open_create_page_editor,Success,True
1619152301447,630,selenium_create_page:save_created_page,Success,True
1619152301448,1599,selenium_create_page,Success,True
.test_1_selenium_create_page,Total:147 Passed:147 Failed:0
1619152303096,1646,selenium_edit_page:open_create_page_editor,Success,True
1619152304011,893,selenium_edit_page:save_edited_page,Success,True
1619152304011,2562,selenium_edit_page,Success,True
.test_1_selenium_edit_page,Total:148 Passed:148 Failed:0
1619152305376,775,selenium_create_comment:write_comment,Success,True
1619152305523,147,selenium_create_comment:save_comment,Success,True
1619152305523,1510,selenium_create_comment,Success,True
.test_1_selenium_create_comment,Total:149 Passed:149 Failed:0
1619152306071,546,selenium_view_blog,Success,True
.test_1_selenium_view_blog,Total:150 Passed:150 Failed:0
1619152306323,250,selenium_view_dashboard,Success,True
.test_1_selenium_view_dashboard,Total:151 Passed:151 Failed:0
1619152306452,127,selenium_log_out,Success,True
.test_2_selenium_z_log_out,Total:152 Passed:152 Failed:0


=============================== warnings summary ===============================
../../usr/local/lib/python3.8/dist-packages/_pytest/config/__init__.py:1114
  /usr/local/lib/python3.8/dist-packages/_pytest/config/__init__.py:1114: PytestAssertRewriteWarning: Module already imported so cannot be rewritten: apiritif
    self._mark_plugins_for_rewrite(hook)

-- Docs: https://docs.pytest.org/en/stable/warnings.html
========================= 8 passed, 1 warning in 7.96s =========================
============================= test session starts ==============================
platform linux -- Python 3.8.5, pytest-6.2.1, py-1.10.0, pluggy-0.13.1
rootdir: /dc-app-performance-toolkit/app
plugins: apiritif-0.9.6
collected 8 items

selenium_ui/confluence_ui.py get driver from global
1619152306612,114,selenium_login:open_login_page,Success,True
1619152307040,335,selenium_login:login_and_view_dashboard,Success,True
1619152307040,543,selenium_login,Success,True
.test_0_selenium_a_login,Total:153 Passed:153 Failed:0
1619152307721,651,selenium_view_page,Success,True
.test_1_selenium_view_page,Total:154 Passed:154 Failed:0
1619152308662,940,selenium_create_page:open_create_page_editor,Success,True
1619152309389,600,selenium_create_page:save_created_page,Success,True
1619152309389,1666,selenium_create_page,Success,True
.test_1_selenium_create_page,Total:155 Passed:155 Failed:0
1619152311641,2250,selenium_edit_page:open_create_page_editor,Success,True
1619152312544,866,selenium_edit_page:save_edited_page,Success,True
1619152312544,3153,selenium_edit_page,Success,True
.test_1_selenium_edit_page,Total:156 Passed:156 Failed:0
1619152313532,411,selenium_create_comment:write_comment,Success,True
1619152314213,680,selenium_create_comment:save_comment,Success,True
1619152314213,1667,selenium_create_comment,Success,True
.test_1_selenium_create_comment,Total:157 Passed:157 Failed:0
1619152314853,638,selenium_view_blog,Success,True
.test_1_selenium_view_blog,Total:158 Passed:158 Failed:0
1619152315167,312,selenium_view_dashboard,Success,True
.test_1_selenium_view_dashboard,Total:159 Passed:159 Failed:0
1619152315290,121,selenium_log_out,Success,True
.test_2_selenium_z_log_out,Total:160 Passed:160 Failed:0


=============================== warnings summary ===============================
../../usr/local/lib/python3.8/dist-packages/_pytest/config/__init__.py:1114
  /usr/local/lib/python3.8/dist-packages/_pytest/config/__init__.py:1114: PytestAssertRewriteWarning: Module already imported so cannot be rewritten: apiritif
    self._mark_plugins_for_rewrite(hook)

-- Docs: https://docs.pytest.org/en/stable/warnings.html
========================= 8 passed, 1 warning in 8.80s =========================
============================= test session starts ==============================
platform linux -- Python 3.8.5, pytest-6.2.1, py-1.10.0, pluggy-0.13.1
rootdir: /dc-app-performance-toolkit/app
plugins: apiritif-0.9.6
collected 8 items

selenium_ui/confluence_ui.py get driver from global
1619152315443,108,selenium_login:open_login_page,Success,True
1619152315860,335,selenium_login:login_and_view_dashboard,Success,True
1619152315860,525,selenium_login,Success,True
.test_0_selenium_a_login,Total:161 Passed:161 Failed:0
1619152316259,373,selenium_view_page,Success,True
.test_1_selenium_view_page,Total:162 Passed:162 Failed:0
1619152317152,891,selenium_create_page:open_create_page_editor,Success,True
1619152317928,649,selenium_create_page:save_created_page,Success,True
1619152317928,1667,selenium_create_page,Success,True
.test_1_selenium_create_page,Total:163 Passed:163 Failed:0
1619152318985,1055,selenium_edit_page:open_create_page_editor,Success,True
1619152319733,726,selenium_edit_page:save_edited_page,Success,True
1619152319733,1804,selenium_edit_page,Success,True
.test_1_selenium_edit_page,Total:164 Passed:164 Failed:0
1619152320760,724,selenium_create_comment:write_comment,Success,True
1619152320911,150,selenium_create_comment:save_comment,Success,True
1619152320911,1176,selenium_create_comment,Success,True
.test_1_selenium_create_comment,Total:165 Passed:165 Failed:0
1619152321503,589,selenium_view_blog,Success,True
.test_1_selenium_view_blog,Total:166 Passed:166 Failed:0
1619152321821,316,selenium_view_dashboard,Success,True
.test_1_selenium_view_dashboard,Total:167 Passed:167 Failed:0
1619152321939,116,selenium_log_out,Success,True
.test_2_selenium_z_log_out,Total:168 Passed:168 Failed:0


=============================== warnings summary ===============================
../../usr/local/lib/python3.8/dist-packages/_pytest/config/__init__.py:1114
  /usr/local/lib/python3.8/dist-packages/_pytest/config/__init__.py:1114: PytestAssertRewriteWarning: Module already imported so cannot be rewritten: apiritif
    self._mark_plugins_for_rewrite(hook)

-- Docs: https://docs.pytest.org/en/stable/warnings.html
========================= 8 passed, 1 warning in 6.61s =========================
============================= test session starts ==============================
platform linux -- Python 3.8.5, pytest-6.2.1, py-1.10.0, pluggy-0.13.1
rootdir: /dc-app-performance-toolkit/app
plugins: apiritif-0.9.6
collected 8 items

selenium_ui/confluence_ui.py get driver from global
1619152322094,109,selenium_login:open_login_page,Success,True
1619152322485,308,selenium_login:login_and_view_dashboard,Success,True
1619152322485,499,selenium_login,Success,True
.test_0_selenium_a_login,Total:169 Passed:169 Failed:0
1619152322933,430,selenium_view_page,Success,True
.test_1_selenium_view_page,Total:170 Passed:170 Failed:0
1619152323805,869,selenium_create_page:open_create_page_editor,Success,True
1619152324552,617,selenium_create_page:save_created_page,Success,True
1619152324552,1617,selenium_create_page,Success,True
.test_1_selenium_create_page,Total:171 Passed:171 Failed:0
1619152326231,1677,selenium_edit_page:open_create_page_editor,Success,True
1619152327046,793,selenium_edit_page:save_edited_page,Success,True
1619152327046,2493,selenium_edit_page,Success,True
.test_1_selenium_edit_page,Total:172 Passed:172 Failed:0
1619152328146,708,selenium_create_comment:write_comment,Success,True
1619152328310,163,selenium_create_comment:save_comment,Success,True
1619152328310,1262,selenium_create_comment,Success,True
.test_1_selenium_create_comment,Total:173 Passed:173 Failed:0
1619152328884,572,selenium_view_blog,Success,True
.test_1_selenium_view_blog,Total:174 Passed:174 Failed:0
1619152329134,247,selenium_view_dashboard,Success,True
.test_1_selenium_view_dashboard,Total:175 Passed:175 Failed:0
1619152329252,117,selenium_log_out,Success,True
.test_2_selenium_z_log_out,Total:176 Passed:176 Failed:0


=============================== warnings summary ===============================
../../usr/local/lib/python3.8/dist-packages/_pytest/config/__init__.py:1114
  /usr/local/lib/python3.8/dist-packages/_pytest/config/__init__.py:1114: PytestAssertRewriteWarning: Module already imported so cannot be rewritten: apiritif
    self._mark_plugins_for_rewrite(hook)

-- Docs: https://docs.pytest.org/en/stable/warnings.html
========================= 8 passed, 1 warning in 7.28s =========================
============================= test session starts ==============================
platform linux -- Python 3.8.5, pytest-6.2.1, py-1.10.0, pluggy-0.13.1
rootdir: /dc-app-performance-toolkit/app
plugins: apiritif-0.9.6
collected 8 items

selenium_ui/confluence_ui.py get driver from global
1619152329400,104,selenium_login:open_login_page,Success,True
1619152329802,317,selenium_login:login_and_view_dashboard,Success,True
1619152329802,506,selenium_login,Success,True
.test_0_selenium_a_login,Total:177 Passed:177 Failed:0
1619152330421,588,selenium_view_page,Success,True
.test_1_selenium_view_page,Total:178 Passed:178 Failed:0
1619152331217,794,selenium_create_page:open_create_page_editor,Success,True
1619152332019,649,selenium_create_page:save_created_page,Success,True
1619152332019,1596,selenium_create_page,Success,True
.test_1_selenium_create_page,Total:179 Passed:179 Failed:0
1619152333110,1089,selenium_edit_page:open_create_page_editor,Success,True
1619152333944,811,selenium_edit_page:save_edited_page,Success,True
1619152333944,1923,selenium_edit_page,Success,True
.test_1_selenium_edit_page,Total:180 Passed:180 Failed:0
1619152335140,808,selenium_create_comment:write_comment,Success,True
1619152335763,622,selenium_create_comment:save_comment,Success,True
1619152335763,1818,selenium_create_comment,Success,True
.test_1_selenium_create_comment,Total:181 Passed:181 Failed:0
1619152336400,635,selenium_view_blog,Success,True
.test_1_selenium_view_blog,Total:182 Passed:182 Failed:0
1619152336726,324,selenium_view_dashboard,Success,True
.test_1_selenium_view_dashboard,Total:183 Passed:183 Failed:0
1619152336845,117,selenium_log_out,Success,True
.test_2_selenium_z_log_out,Total:184 Passed:184 Failed:0


=============================== warnings summary ===============================
../../usr/local/lib/python3.8/dist-packages/_pytest/config/__init__.py:1114
  /usr/local/lib/python3.8/dist-packages/_pytest/config/__init__.py:1114: PytestAssertRewriteWarning: Module already imported so cannot be rewritten: apiritif
    self._mark_plugins_for_rewrite(hook)

-- Docs: https://docs.pytest.org/en/stable/warnings.html
========================= 8 passed, 1 warning in 7.56s =========================
============================= test session starts ==============================
platform linux -- Python 3.8.5, pytest-6.2.1, py-1.10.0, pluggy-0.13.1
rootdir: /dc-app-performance-toolkit/app
plugins: apiritif-0.9.6
collected 8 items

selenium_ui/confluence_ui.py get driver from global
1619152336997,105,selenium_login:open_login_page,Success,True
1619152337424,343,selenium_login:login_and_view_dashboard,Success,True
1619152337424,533,selenium_login,Success,True
.test_0_selenium_a_login,Total:185 Passed:185 Failed:0
1619152337968,524,selenium_view_page,Success,True
.test_1_selenium_view_page,Total:186 Passed:186 Failed:0
1619152338777,808,selenium_create_page:open_create_page_editor,Success,True
1619152339502,603,selenium_create_page:save_created_page,Success,True
1619152339502,1532,selenium_create_page,Success,True
.test_1_selenium_create_page,Total:187 Passed:187 Failed:0
1619152341605,2102,selenium_edit_page:open_create_page_editor,Success,True
1619152342317,690,selenium_edit_page:save_edited_page,Success,True
1619152342317,2813,selenium_edit_page,Success,True
.test_1_selenium_edit_page,Total:188 Passed:188 Failed:0
1619152343329,702,selenium_create_comment:write_comment,Success,True
1619152343493,163,selenium_create_comment:save_comment,Success,True
1619152343493,1174,selenium_create_comment,Success,True
.test_1_selenium_create_comment,Total:189 Passed:189 Failed:0
1619152344236,742,selenium_view_blog,Success,True
.test_1_selenium_view_blog,Total:190 Passed:190 Failed:0
1619152344547,309,selenium_view_dashboard,Success,True
.test_1_selenium_view_dashboard,Total:191 Passed:191 Failed:0
1619152344667,118,selenium_log_out,Success,True
.test_2_selenium_z_log_out,Total:192 Passed:192 Failed:0


=============================== warnings summary ===============================
../../usr/local/lib/python3.8/dist-packages/_pytest/config/__init__.py:1114
  /usr/local/lib/python3.8/dist-packages/_pytest/config/__init__.py:1114: PytestAssertRewriteWarning: Module already imported so cannot be rewritten: apiritif
    self._mark_plugins_for_rewrite(hook)

-- Docs: https://docs.pytest.org/en/stable/warnings.html
========================= 8 passed, 1 warning in 7.78s =========================
============================= test session starts ==============================
platform linux -- Python 3.8.5, pytest-6.2.1, py-1.10.0, pluggy-0.13.1
rootdir: /dc-app-performance-toolkit/app
plugins: apiritif-0.9.6
collected 8 items

selenium_ui/confluence_ui.py get driver from global
1619152344818,107,selenium_login:open_login_page,Success,True
1619152345223,321,selenium_login:login_and_view_dashboard,Success,True
1619152345223,512,selenium_login,Success,True
.test_0_selenium_a_login,Total:193 Passed:193 Failed:0
1619152345786,544,selenium_view_page,Success,True
.test_1_selenium_view_page,Total:194 Passed:194 Failed:0
1619152346624,836,selenium_create_page:open_create_page_editor,Success,True
1619152347535,785,selenium_create_page:save_created_page,Success,True
1619152347535,1747,selenium_create_page,Success,True
.test_1_selenium_create_page,Total:195 Passed:195 Failed:0
1619152349710,2172,selenium_edit_page:open_create_page_editor,Success,True
1619152350487,756,selenium_edit_page:save_edited_page,Success,True
1619152350487,2950,selenium_edit_page,Success,True
.test_1_selenium_edit_page,Total:196 Passed:196 Failed:0
1619152351661,806,selenium_create_comment:write_comment,Success,True
1619152351806,144,selenium_create_comment:save_comment,Success,True
1619152351806,1318,selenium_create_comment,Success,True
.test_1_selenium_create_comment,Total:197 Passed:197 Failed:0
1619152352374,566,selenium_view_blog,Success,True
.test_1_selenium_view_blog,Total:198 Passed:198 Failed:0
1619152352700,323,selenium_view_dashboard,Success,True
.test_1_selenium_view_dashboard,Total:199 Passed:199 Failed:0
1619152352825,123,selenium_log_out,Success,True
.test_2_selenium_z_log_out,Total:200 Passed:200 Failed:0


=============================== warnings summary ===============================
../../usr/local/lib/python3.8/dist-packages/_pytest/config/__init__.py:1114
  /usr/local/lib/python3.8/dist-packages/_pytest/config/__init__.py:1114: PytestAssertRewriteWarning: Module already imported so cannot be rewritten: apiritif
    self._mark_plugins_for_rewrite(hook)

-- Docs: https://docs.pytest.org/en/stable/warnings.html
========================= 8 passed, 1 warning in 8.12s =========================
============================= test session starts ==============================
platform linux -- Python 3.8.5, pytest-6.2.1, py-1.10.0, pluggy-0.13.1
rootdir: /dc-app-performance-toolkit/app
plugins: apiritif-0.9.6
collected 8 items

selenium_ui/confluence_ui.py get driver from global
1619152353011,105,selenium_login:open_login_page,Success,True
1619152353417,319,selenium_login:login_and_view_dashboard,Success,True
1619152353417,512,selenium_login,Success,True
.test_0_selenium_a_login,Total:201 Passed:201 Failed:0
1619152353851,409,selenium_view_page,Success,True
.test_1_selenium_view_page,Total:202 Passed:202 Failed:0
1619152354670,817,selenium_create_page:open_create_page_editor,Success,True
1619152355457,617,selenium_create_page:save_created_page,Success,True
1619152355457,1603,selenium_create_page,Success,True
.test_1_selenium_create_page,Total:203 Passed:203 Failed:0
1619152356579,1120,selenium_edit_page:open_create_page_editor,Success,True
1619152357348,747,selenium_edit_page:save_edited_page,Success,True
1619152357348,1889,selenium_edit_page,Success,True
.test_1_selenium_edit_page,Total:204 Passed:204 Failed:0
1619152358055,356,selenium_create_comment:write_comment,Success,True
1619152358727,671,selenium_create_comment:save_comment,Success,True
1619152358727,1377,selenium_create_comment,Success,True
.test_1_selenium_create_comment,Total:205 Passed:205 Failed:0
1619152359187,458,selenium_view_blog,Success,True
.test_1_selenium_view_blog,Total:206 Passed:206 Failed:0
1619152359526,337,selenium_view_dashboard,Success,True
.test_1_selenium_view_dashboard,Total:207 Passed:207 Failed:0
1619152359642,114,selenium_log_out,Success,True
.test_2_selenium_z_log_out,Total:208 Passed:208 Failed:0


=============================== warnings summary ===============================
../../usr/local/lib/python3.8/dist-packages/_pytest/config/__init__.py:1114
  /usr/local/lib/python3.8/dist-packages/_pytest/config/__init__.py:1114: PytestAssertRewriteWarning: Module already imported so cannot be rewritten: apiritif
    self._mark_plugins_for_rewrite(hook)

-- Docs: https://docs.pytest.org/en/stable/warnings.html
========================= 8 passed, 1 warning in 6.75s =========================
============================= test session starts ==============================
platform linux -- Python 3.8.5, pytest-6.2.1, py-1.10.0, pluggy-0.13.1
rootdir: /dc-app-performance-toolkit/app
plugins: apiritif-0.9.6
collected 8 items

selenium_ui/confluence_ui.py get driver from global
1619152359795,108,selenium_login:open_login_page,Success,True
1619152360191,316,selenium_login:login_and_view_dashboard,Success,True
1619152360191,504,selenium_login,Success,True
.test_0_selenium_a_login,Total:209 Passed:209 Failed:0
1619152360624,414,selenium_view_page,Success,True
.test_1_selenium_view_page,Total:210 Passed:210 Failed:0
1619152361420,793,selenium_create_page:open_create_page_editor,Success,True
1619152362183,623,selenium_create_page:save_created_page,Success,True
1619152362183,1556,selenium_create_page,Success,True
.test_1_selenium_create_page,Total:211 Passed:211 Failed:0
1619152363260,1075,selenium_edit_page:open_create_page_editor,Success,True
1619152363986,705,selenium_edit_page:save_edited_page,Success,True
1619152363986,1802,selenium_edit_page,Success,True
.test_1_selenium_edit_page,Total:212 Passed:212 Failed:0
1619152365139,813,selenium_create_comment:write_comment,Success,True
1619152365798,659,selenium_create_comment:save_comment,Success,True
1619152365799,1811,selenium_create_comment,Success,True
.test_1_selenium_create_comment,Total:213 Passed:213 Failed:0
1619152366409,608,selenium_view_blog,Success,True
.test_1_selenium_view_blog,Total:214 Passed:214 Failed:0
1619152366725,314,selenium_view_dashboard,Success,True
.test_1_selenium_view_dashboard,Total:215 Passed:215 Failed:0
1619152366845,118,selenium_log_out,Success,True
.test_2_selenium_z_log_out,Total:216 Passed:216 Failed:0


=============================== warnings summary ===============================
../../usr/local/lib/python3.8/dist-packages/_pytest/config/__init__.py:1114
  /usr/local/lib/python3.8/dist-packages/_pytest/config/__init__.py:1114: PytestAssertRewriteWarning: Module already imported so cannot be rewritten: apiritif
    self._mark_plugins_for_rewrite(hook)

-- Docs: https://docs.pytest.org/en/stable/warnings.html
========================= 8 passed, 1 warning in 7.17s =========================
============================= test session starts ==============================
platform linux -- Python 3.8.5, pytest-6.2.1, py-1.10.0, pluggy-0.13.1
rootdir: /dc-app-performance-toolkit/app
plugins: apiritif-0.9.6
collected 8 items

selenium_ui/confluence_ui.py get driver from global
1619152366992,101,selenium_login:open_login_page,Success,True
1619152367391,317,selenium_login:login_and_view_dashboard,Success,True
1619152367391,501,selenium_login,Success,True
.test_0_selenium_a_login,Total:217 Passed:217 Failed:0
1619152367999,574,selenium_view_page,Success,True
.test_1_selenium_view_page,Total:218 Passed:218 Failed:0
1619152368820,818,selenium_create_page:open_create_page_editor,Success,True
1619152369559,615,selenium_create_page:save_created_page,Success,True
1619152369559,1557,selenium_create_page,Success,True
.test_1_selenium_create_page,Total:219 Passed:219 Failed:0
1619152370611,1050,selenium_edit_page:open_create_page_editor,Success,True
1619152371317,683,selenium_edit_page:save_edited_page,Success,True
1619152371317,1756,selenium_edit_page,Success,True
.test_1_selenium_edit_page,Total:220 Passed:220 Failed:0
1619152372455,810,selenium_create_comment:write_comment,Success,True
1619152372611,155,selenium_create_comment:save_comment,Success,True
1619152372611,1292,selenium_create_comment,Success,True
.test_1_selenium_create_comment,Total:221 Passed:221 Failed:0
1619152373302,690,selenium_view_blog,Success,True
.test_1_selenium_view_blog,Total:222 Passed:222 Failed:0
1619152373569,265,selenium_view_dashboard,Success,True
.test_1_selenium_view_dashboard,Total:223 Passed:223 Failed:0
1619152373689,117,selenium_log_out,Success,True
.test_2_selenium_z_log_out,Total:224 Passed:224 Failed:0


=============================== warnings summary ===============================
../../usr/local/lib/python3.8/dist-packages/_pytest/config/__init__.py:1114
  /usr/local/lib/python3.8/dist-packages/_pytest/config/__init__.py:1114: PytestAssertRewriteWarning: Module already imported so cannot be rewritten: apiritif
    self._mark_plugins_for_rewrite(hook)

-- Docs: https://docs.pytest.org/en/stable/warnings.html
========================= 8 passed, 1 warning in 6.81s =========================
============================= test session starts ==============================
platform linux -- Python 3.8.5, pytest-6.2.1, py-1.10.0, pluggy-0.13.1
rootdir: /dc-app-performance-toolkit/app
plugins: apiritif-0.9.6
collected 8 items

selenium_ui/confluence_ui.py get driver from global
1619152373838,105,selenium_login:open_login_page,Success,True
1619152374235,314,selenium_login:login_and_view_dashboard,Success,True
1619152374235,502,selenium_login,Success,True
.test_0_selenium_a_login,Total:225 Passed:225 Failed:0
1619152375033,769,selenium_view_page,Success,True
.test_1_selenium_view_page,Total:226 Passed:226 Failed:0
1619152375859,824,selenium_create_page:open_create_page_editor,Success,True
1619152376584,608,selenium_create_page:save_created_page,Success,True
1619152376584,1550,selenium_create_page,Success,True
.test_1_selenium_create_page,Total:227 Passed:227 Failed:0
1619152377618,1032,selenium_edit_page:open_create_page_editor,Success,True
1619152378531,891,selenium_edit_page:save_edited_page,Success,True
1619152378531,1944,selenium_edit_page,Success,True
.test_1_selenium_edit_page,Total:228 Passed:228 Failed:0
1619152379644,312,selenium_create_comment:write_comment,Success,True
1619152379808,163,selenium_create_comment:save_comment,Success,True
1619152379808,1276,selenium_create_comment,Success,True
.test_1_selenium_create_comment,Total:229 Passed:229 Failed:0
1619152380302,491,selenium_view_blog,Success,True
.test_1_selenium_view_blog,Total:230 Passed:230 Failed:0
1619152380538,234,selenium_view_dashboard,Success,True
.test_1_selenium_view_dashboard,Total:231 Passed:231 Failed:0
1619152380654,115,selenium_log_out,Success,True
.test_2_selenium_z_log_out,Total:232 Passed:232 Failed:0


=============================== warnings summary ===============================
../../usr/local/lib/python3.8/dist-packages/_pytest/config/__init__.py:1114
  /usr/local/lib/python3.8/dist-packages/_pytest/config/__init__.py:1114: PytestAssertRewriteWarning: Module already imported so cannot be rewritten: apiritif
    self._mark_plugins_for_rewrite(hook)

-- Docs: https://docs.pytest.org/en/stable/warnings.html
========================= 8 passed, 1 warning in 6.93s =========================
============================= test session starts ==============================
platform linux -- Python 3.8.5, pytest-6.2.1, py-1.10.0, pluggy-0.13.1
rootdir: /dc-app-performance-toolkit/app
plugins: apiritif-0.9.6
collected 8 items

selenium_ui/confluence_ui.py get driver from global
1619152380799,101,selenium_login:open_login_page,Success,True
1619152381183,297,selenium_login:login_and_view_dashboard,Success,True
1619152381183,485,selenium_login,Success,True
.test_0_selenium_a_login,Total:233 Passed:233 Failed:0
1619152381778,573,selenium_view_page,Success,True
.test_1_selenium_view_page,Total:234 Passed:234 Failed:0
1619152382617,837,selenium_create_page:open_create_page_editor,Success,True
1619152383354,616,selenium_create_page:save_created_page,Success,True
1619152383355,1575,selenium_create_page,Success,True
.test_1_selenium_create_page,Total:235 Passed:235 Failed:0
1619152384473,1116,selenium_edit_page:open_create_page_editor,Success,True
1619152385266,772,selenium_edit_page:save_edited_page,Success,True
1619152385266,1910,selenium_edit_page,Success,True
.test_1_selenium_edit_page,Total:236 Passed:236 Failed:0
1619152386358,790,selenium_create_comment:write_comment,Success,True
1619152386976,618,selenium_create_comment:save_comment,Success,True
1619152386977,1708,selenium_create_comment,Success,True
.test_1_selenium_create_comment,Total:237 Passed:237 Failed:0
1619152387473,495,selenium_view_blog,Success,True
.test_1_selenium_view_blog,Total:238 Passed:238 Failed:0
1619152387726,251,selenium_view_dashboard,Success,True
.test_1_selenium_view_dashboard,Total:239 Passed:239 Failed:0
1619152387843,115,selenium_log_out,Success,True
.test_2_selenium_z_log_out,Total:240 Passed:240 Failed:0


=============================== warnings summary ===============================
../../usr/local/lib/python3.8/dist-packages/_pytest/config/__init__.py:1114
  /usr/local/lib/python3.8/dist-packages/_pytest/config/__init__.py:1114: PytestAssertRewriteWarning: Module already imported so cannot be rewritten: apiritif
    self._mark_plugins_for_rewrite(hook)

-- Docs: https://docs.pytest.org/en/stable/warnings.html
========================= 8 passed, 1 warning in 7.15s =========================
============================= test session starts ==============================
platform linux -- Python 3.8.5, pytest-6.2.1, py-1.10.0, pluggy-0.13.1
rootdir: /dc-app-performance-toolkit/app
plugins: apiritif-0.9.6
collected 8 items

selenium_ui/confluence_ui.py get driver from global
1619152387994,106,selenium_login:open_login_page,Success,True
1619152388396,319,selenium_login:login_and_view_dashboard,Success,True
1619152388396,508,selenium_login,Success,True
.test_0_selenium_a_login,Total:241 Passed:241 Failed:0
1619152389087,658,selenium_view_page,Success,True
.test_1_selenium_view_page,Total:242 Passed:242 Failed:0
1619152389922,832,selenium_create_page:open_create_page_editor,Success,True
1619152390692,610,selenium_create_page:save_created_page,Success,True
1619152390692,1603,selenium_create_page,Success,True
.test_1_selenium_create_page,Total:243 Passed:243 Failed:0
1619152393344,2650,selenium_edit_page:open_create_page_editor,Success,True
1619152394240,875,selenium_edit_page:save_edited_page,Success,True
1619152394241,3547,selenium_edit_page,Success,True
.test_1_selenium_edit_page,Total:244 Passed:244 Failed:0
1619152395576,770,selenium_create_comment:write_comment,Success,True
1619152396237,660,selenium_create_comment:save_comment,Success,True
1619152396237,1994,selenium_create_comment,Success,True
.test_1_selenium_create_comment,Total:245 Passed:245 Failed:0
1619152396770,531,selenium_view_blog,Success,True
.test_1_selenium_view_blog,Total:246 Passed:246 Failed:0
1619152397084,312,selenium_view_dashboard,Success,True
.test_1_selenium_view_dashboard,Total:247 Passed:247 Failed:0
1619152397201,116,selenium_log_out,Success,True
.test_2_selenium_z_log_out,Total:248 Passed:248 Failed:0


=============================== warnings summary ===============================
../../usr/local/lib/python3.8/dist-packages/_pytest/config/__init__.py:1114
  /usr/local/lib/python3.8/dist-packages/_pytest/config/__init__.py:1114: PytestAssertRewriteWarning: Module already imported so cannot be rewritten: apiritif
    self._mark_plugins_for_rewrite(hook)

-- Docs: https://docs.pytest.org/en/stable/warnings.html
========================= 8 passed, 1 warning in 9.32s =========================
============================= test session starts ==============================
platform linux -- Python 3.8.5, pytest-6.2.1, py-1.10.0, pluggy-0.13.1
rootdir: /dc-app-performance-toolkit/app
plugins: apiritif-0.9.6
collected 8 items

selenium_ui/confluence_ui.py get driver from global
1619152397356,110,selenium_login:open_login_page,Success,True
1619152397717,279,selenium_login:login_and_view_dashboard,Success,True
1619152397717,472,selenium_login,Success,True
.test_0_selenium_a_login,Total:249 Passed:249 Failed:0
1619152398398,618,selenium_view_page,Success,True
.test_1_selenium_view_page,Total:250 Passed:250 Failed:0
1619152399290,889,selenium_create_page:open_create_page_editor,Success,True
1619152400010,598,selenium_create_page:save_created_page,Success,True
1619152400010,1609,selenium_create_page,Success,True
.test_1_selenium_create_page,Total:251 Passed:251 Failed:0
1619152401433,1421,selenium_edit_page:open_create_page_editor,Success,True
1619152402346,892,selenium_edit_page:save_edited_page,Success,True
1619152402346,2335,selenium_edit_page,Success,True
.test_1_selenium_edit_page,Total:252 Passed:252 Failed:0
1619152403268,361,selenium_create_comment:write_comment,Success,True
1619152403440,171,selenium_create_comment:save_comment,Success,True
1619152403440,1092,selenium_create_comment,Success,True
.test_1_selenium_create_comment,Total:253 Passed:253 Failed:0
1619152404060,618,selenium_view_blog,Success,True
.test_1_selenium_view_blog,Total:254 Passed:254 Failed:0
1619152404306,244,selenium_view_dashboard,Success,True
.test_1_selenium_view_dashboard,Total:255 Passed:255 Failed:0
1619152404423,115,selenium_log_out,Success,True
.test_2_selenium_z_log_out,Total:256 Passed:256 Failed:0


=============================== warnings summary ===============================
../../usr/local/lib/python3.8/dist-packages/_pytest/config/__init__.py:1114
  /usr/local/lib/python3.8/dist-packages/_pytest/config/__init__.py:1114: PytestAssertRewriteWarning: Module already imported so cannot be rewritten: apiritif
    self._mark_plugins_for_rewrite(hook)

-- Docs: https://docs.pytest.org/en/stable/warnings.html
========================= 8 passed, 1 warning in 7.19s =========================
============================= test session starts ==============================
platform linux -- Python 3.8.5, pytest-6.2.1, py-1.10.0, pluggy-0.13.1
rootdir: /dc-app-performance-toolkit/app
plugins: apiritif-0.9.6
collected 8 items

selenium_ui/confluence_ui.py get driver from global
1619152404568,100,selenium_login:open_login_page,Success,True
1619152404979,325,selenium_login:login_and_view_dashboard,Success,True
1619152404979,511,selenium_login,Success,True
.test_0_selenium_a_login,Total:257 Passed:257 Failed:0
1619152405392,390,selenium_view_page,Success,True
.test_1_selenium_view_page,Total:258 Passed:258 Failed:0
1619152406167,773,selenium_create_page:open_create_page_editor,Success,True
1619152406893,601,selenium_create_page:save_created_page,Success,True
1619152406893,1499,selenium_create_page,Success,True
.test_1_selenium_create_page,Total:259 Passed:259 Failed:0
1619152409079,2184,selenium_edit_page:open_create_page_editor,Success,True
1619152409822,716,selenium_edit_page:save_edited_page,Success,True
1619152409822,2927,selenium_edit_page,Success,True
.test_1_selenium_edit_page,Total:260 Passed:260 Failed:0
1619152410882,770,selenium_create_comment:write_comment,Success,True
1619152411032,150,selenium_create_comment:save_comment,Success,True
1619152411033,1209,selenium_create_comment,Success,True
.test_1_selenium_create_comment,Total:261 Passed:261 Failed:0
1619152411528,494,selenium_view_blog,Success,True
.test_1_selenium_view_blog,Total:262 Passed:262 Failed:0
1619152411784,254,selenium_view_dashboard,Success,True
.test_1_selenium_view_dashboard,Total:263 Passed:263 Failed:0
1619152411913,127,selenium_log_out,Success,True
.test_2_selenium_z_log_out,Total:264 Passed:264 Failed:0


=============================== warnings summary ===============================
../../usr/local/lib/python3.8/dist-packages/_pytest/config/__init__.py:1114
  /usr/local/lib/python3.8/dist-packages/_pytest/config/__init__.py:1114: PytestAssertRewriteWarning: Module already imported so cannot be rewritten: apiritif
    self._mark_plugins_for_rewrite(hook)

-- Docs: https://docs.pytest.org/en/stable/warnings.html
========================= 8 passed, 1 warning in 7.45s =========================
============================= test session starts ==============================
platform linux -- Python 3.8.5, pytest-6.2.1, py-1.10.0, pluggy-0.13.1
rootdir: /dc-app-performance-toolkit/app
plugins: apiritif-0.9.6
collected 8 items

selenium_ui/confluence_ui.py get driver from global
1619152412067,108,selenium_login:open_login_page,Success,True
1619152412415,265,selenium_login:login_and_view_dashboard,Success,True
1619152412415,456,selenium_login,Success,True
.test_0_selenium_a_login,Total:265 Passed:265 Failed:0
1619152412787,354,selenium_view_page,Success,True
.test_1_selenium_view_page,Total:266 Passed:266 Failed:0
1619152413491,703,selenium_create_page:open_create_page_editor,Success,True
1619152414228,620,selenium_create_page:save_created_page,Success,True
1619152414228,1440,selenium_create_page,Success,True
.test_1_selenium_create_page,Total:267 Passed:267 Failed:0
1619152415267,1037,selenium_edit_page:open_create_page_editor,Success,True
1619152415947,659,selenium_edit_page:save_edited_page,Success,True
1619152415947,1717,selenium_edit_page,Success,True
.test_1_selenium_edit_page,Total:268 Passed:268 Failed:0
1619152416892,631,selenium_create_comment:write_comment,Success,True
1619152417048,156,selenium_create_comment:save_comment,Success,True
1619152417049,1100,selenium_create_comment,Success,True
.test_1_selenium_create_comment,Total:269 Passed:269 Failed:0
1619152417629,578,selenium_view_blog,Success,True
.test_1_selenium_view_blog,Total:270 Passed:270 Failed:0
1619152417821,190,selenium_view_dashboard,Success,True
.test_1_selenium_view_dashboard,Total:271 Passed:271 Failed:0
1619152417941,118,selenium_log_out,Success,True
.test_2_selenium_z_log_out,Total:272 Passed:272 Failed:0


=============================== warnings summary ===============================
../../usr/local/lib/python3.8/dist-packages/_pytest/config/__init__.py:1114
  /usr/local/lib/python3.8/dist-packages/_pytest/config/__init__.py:1114: PytestAssertRewriteWarning: Module already imported so cannot be rewritten: apiritif
    self._mark_plugins_for_rewrite(hook)

-- Docs: https://docs.pytest.org/en/stable/warnings.html
========================= 8 passed, 1 warning in 5.99s =========================
============================= test session starts ==============================
platform linux -- Python 3.8.5, pytest-6.2.1, py-1.10.0, pluggy-0.13.1
rootdir: /dc-app-performance-toolkit/app
plugins: apiritif-0.9.6
collected 8 items

selenium_ui/confluence_ui.py get driver from global
1619152418095,108,selenium_login:open_login_page,Success,True
1619152418492,313,selenium_login:login_and_view_dashboard,Success,True
1619152418492,505,selenium_login,Success,True
.test_0_selenium_a_login,Total:273 Passed:273 Failed:0
1619152419083,561,selenium_view_page,Success,True
.test_1_selenium_view_page,Total:274 Passed:274 Failed:0
1619152419861,776,selenium_create_page:open_create_page_editor,Success,True
1619152420597,612,selenium_create_page:save_created_page,Success,True
1619152420597,1512,selenium_create_page,Success,True
.test_1_selenium_create_page,Total:275 Passed:275 Failed:0
1619152421826,1228,selenium_edit_page:open_create_page_editor,Success,True
1619152422594,746,selenium_edit_page:save_edited_page,Success,True
1619152422594,1996,selenium_edit_page,Success,True
.test_1_selenium_edit_page,Total:276 Passed:276 Failed:0
1619152423329,370,selenium_create_comment:write_comment,Success,True
1619152423490,160,selenium_create_comment:save_comment,Success,True
1619152423490,894,selenium_create_comment,Success,True
.test_1_selenium_create_comment,Total:277 Passed:277 Failed:0
1619152424276,784,selenium_view_blog,Success,True
.test_1_selenium_view_blog,Total:278 Passed:278 Failed:0
1619152424531,254,selenium_view_dashboard,Success,True
.test_1_selenium_view_dashboard,Total:279 Passed:279 Failed:0
1619152424655,122,selenium_log_out,Success,True
.test_2_selenium_z_log_out,Total:280 Passed:280 Failed:0


=============================== warnings summary ===============================
../../usr/local/lib/python3.8/dist-packages/_pytest/config/__init__.py:1114
  /usr/local/lib/python3.8/dist-packages/_pytest/config/__init__.py:1114: PytestAssertRewriteWarning: Module already imported so cannot be rewritten: apiritif
    self._mark_plugins_for_rewrite(hook)

-- Docs: https://docs.pytest.org/en/stable/warnings.html
========================= 8 passed, 1 warning in 6.68s =========================
============================= test session starts ==============================
platform linux -- Python 3.8.5, pytest-6.2.1, py-1.10.0, pluggy-0.13.1
rootdir: /dc-app-performance-toolkit/app
plugins: apiritif-0.9.6
collected 8 items

selenium_ui/confluence_ui.py get driver from global
1619152424809,110,selenium_login:open_login_page,Success,True
1619152425201,309,selenium_login:login_and_view_dashboard,Success,True
1619152425201,502,selenium_login,Success,True
.test_0_selenium_a_login,Total:281 Passed:281 Failed:0
1619152425761,527,selenium_view_page,Success,True
.test_1_selenium_view_page,Total:282 Passed:282 Failed:0
1619152426565,802,selenium_create_page:open_create_page_editor,Success,True
1619152427332,614,selenium_create_page:save_created_page,Success,True
1619152427332,1569,selenium_create_page,Success,True
.test_1_selenium_create_page,Total:283 Passed:283 Failed:0
1619152428440,1106,selenium_edit_page:open_create_page_editor,Success,True
1619152429225,764,selenium_edit_page:save_edited_page,Success,True
1619152429225,1891,selenium_edit_page,Success,True
.test_1_selenium_edit_page,Total:284 Passed:284 Failed:0
1619152429949,399,selenium_create_comment:write_comment,Success,True
1619152430629,680,selenium_create_comment:save_comment,Success,True
1619152430629,1403,selenium_create_comment,Success,True
.test_1_selenium_create_comment,Total:285 Passed:285 Failed:0
1619152431252,621,selenium_view_blog,Success,True
.test_1_selenium_view_blog,Total:286 Passed:286 Failed:0
1619152431560,305,selenium_view_dashboard,Success,True
.test_1_selenium_view_dashboard,Total:287 Passed:287 Failed:0
1619152431679,118,selenium_log_out,Success,True
.test_2_selenium_z_log_out,Total:288 Passed:288 Failed:0


=============================== warnings summary ===============================
../../usr/local/lib/python3.8/dist-packages/_pytest/config/__init__.py:1114
  /usr/local/lib/python3.8/dist-packages/_pytest/config/__init__.py:1114: PytestAssertRewriteWarning: Module already imported so cannot be rewritten: apiritif
    self._mark_plugins_for_rewrite(hook)

-- Docs: https://docs.pytest.org/en/stable/warnings.html
========================= 8 passed, 1 warning in 6.99s =========================
============================= test session starts ==============================
platform linux -- Python 3.8.5, pytest-6.2.1, py-1.10.0, pluggy-0.13.1
rootdir: /dc-app-performance-toolkit/app
plugins: apiritif-0.9.6
collected 8 items

selenium_ui/confluence_ui.py get driver from global
[...]
rootdir: /dc-app-performance-toolkit/app
plugins: apiritif-0.9.6
collected 8 items

selenium_ui/confluence_ui.py get driver from global
1619154790509,106,selenium_login:open_login_page,Success,True
1619154790912,320,selenium_login:login_and_view_dashboard,Success,True
1619154790912,509,selenium_login,Success,True
.test_0_selenium_a_login,Total:2745 Passed:2745 Failed:0
1619154791348,417,selenium_view_page,Success,True
.test_1_selenium_view_page,Total:2746 Passed:2746 Failed:0
1619154792158,808,selenium_create_page:open_create_page_editor,Success,True
1619154792915,605,selenium_create_page:save_created_page,Success,True
1619154792916,1566,selenium_create_page,Success,True
.test_1_selenium_create_page,Total:2747 Passed:2747 Failed:0
1619154795601,2683,selenium_edit_page:open_create_page_editor,Success,True
1619154796432,810,selenium_edit_page:save_edited_page,Success,True
1619154796432,3515,selenium_edit_page,Success,True
.test_1_selenium_edit_page,Total:2748 Passed:2748 Failed:0
1619154797632,830,selenium_create_comment:write_comment,Success,True
1619154797797,164,selenium_create_comment:save_comment,Success,True
1619154797797,1363,selenium_create_comment,Success,True
.test_1_selenium_create_comment,Total:2749 Passed:2749 Failed:0
1619154798346,547,selenium_view_blog,Success,True
.test_1_selenium_view_blog,Total:2750 Passed:2750 Failed:0
1619154798675,327,selenium_view_dashboard,Success,True
.test_1_selenium_view_dashboard,Total:2751 Passed:2751 Failed:0
1619154798789,112,selenium_log_out,Success,True
.test_2_selenium_z_log_out,Total:2752 Passed:2752 Failed:0


=============================== warnings summary ===============================
../../usr/local/lib/python3.8/dist-packages/_pytest/config/__init__.py:1114
  /usr/local/lib/python3.8/dist-packages/_pytest/config/__init__.py:1114: PytestAssertRewriteWarning: Module already imported so cannot be rewritten: apiritif
    self._mark_plugins_for_rewrite(hook)

-- Docs: https://docs.pytest.org/en/stable/warnings.html
========================= 8 passed, 1 warning in 8.39s =========================
============================= test session starts ==============================
platform linux -- Python 3.8.5, pytest-6.2.1, py-1.10.0, pluggy-0.13.1
rootdir: /dc-app-performance-toolkit/app
plugins: apiritif-0.9.6
collected 8 items

selenium_ui/confluence_ui.py get driver from global
1619154798937,103,selenium_login:open_login_page,Success,True
1619154799333,311,selenium_login:login_and_view_dashboard,Success,True
1619154799334,500,selenium_login,Success,True
.test_0_selenium_a_login,Total:2753 Passed:2753 Failed:0
1619154800104,752,selenium_view_page,Success,True
.test_1_selenium_view_page,Total:2754 Passed:2754 Failed:0
1619154800901,795,selenium_create_page:open_create_page_editor,Success,True
1619154801659,605,selenium_create_page:save_created_page,Success,True
1619154801659,1553,selenium_create_page,Success,True
.test_1_selenium_create_page,Total:2755 Passed:2755 Failed:0
1619154802706,1045,selenium_edit_page:open_create_page_editor,Success,True
1619154803631,904,selenium_edit_page:save_edited_page,Success,True
1619154803631,1970,selenium_edit_page,Success,True
.test_1_selenium_edit_page,Total:2756 Passed:2756 Failed:0
1619154804707,401,selenium_create_comment:write_comment,Success,True
1619154804859,151,selenium_create_comment:save_comment,Success,True
1619154804859,1226,selenium_create_comment,Success,True
.test_1_selenium_create_comment,Total:2757 Passed:2757 Failed:0
1619154805557,696,selenium_view_blog,Success,True
.test_1_selenium_view_blog,Total:2758 Passed:2758 Failed:0
1619154805876,317,selenium_view_dashboard,Success,True
.test_1_selenium_view_dashboard,Total:2759 Passed:2759 Failed:0
1619154805999,122,selenium_log_out,Success,True
.test_2_selenium_z_log_out,Total:2760 Passed:2760 Failed:0


=============================== warnings summary ===============================
../../usr/local/lib/python3.8/dist-packages/_pytest/config/__init__.py:1114
  /usr/local/lib/python3.8/dist-packages/_pytest/config/__init__.py:1114: PytestAssertRewriteWarning: Module already imported so cannot be rewritten: apiritif
    self._mark_plugins_for_rewrite(hook)

-- Docs: https://docs.pytest.org/en/stable/warnings.html
========================= 8 passed, 1 warning in 7.17s =========================
============================= test session starts ==============================
platform linux -- Python 3.8.5, pytest-6.2.1, py-1.10.0, pluggy-0.13.1
rootdir: /dc-app-performance-toolkit/app
plugins: apiritif-0.9.6
collected 8 items

selenium_ui/confluence_ui.py get driver from global
1619154806206,103,selenium_login:open_login_page,Success,True
1619154806599,309,selenium_login:login_and_view_dashboard,Success,True
1619154806599,496,selenium_login,Success,True
.test_0_selenium_a_login,Total:2761 Passed:2761 Failed:0
1619154807244,626,selenium_view_page,Success,True
.test_1_selenium_view_page,Total:2762 Passed:2762 Failed:0
1619154808123,878,selenium_create_page:open_create_page_editor,Success,True
1619154808859,606,selenium_create_page:save_created_page,Success,True
1619154808859,1614,selenium_create_page,Success,True
.test_1_selenium_create_page,Total:2763 Passed:2763 Failed:0
1619154811347,2486,selenium_edit_page:open_create_page_editor,Success,True
1619154812281,913,selenium_edit_page:save_edited_page,Success,True
1619154812281,3420,selenium_edit_page,Success,True
.test_1_selenium_edit_page,Total:2764 Passed:2764 Failed:0
1619154813136,333,selenium_create_comment:write_comment,Success,True
1619154813289,152,selenium_create_comment:save_comment,Success,True
1619154813289,1007,selenium_create_comment,Success,True
.test_1_selenium_create_comment,Total:2765 Passed:2765 Failed:0
1619154813879,588,selenium_view_blog,Success,True
.test_1_selenium_view_blog,Total:2766 Passed:2766 Failed:0
1619154814223,342,selenium_view_dashboard,Success,True
.test_1_selenium_view_dashboard,Total:2767 Passed:2767 Failed:0
1619154814358,132,selenium_log_out,Success,True
.test_2_selenium_z_log_out,Total:2768 Passed:2768 Failed:0


=============================== warnings summary ===============================
../../usr/local/lib/python3.8/dist-packages/_pytest/config/__init__.py:1114
  /usr/local/lib/python3.8/dist-packages/_pytest/config/__init__.py:1114: PytestAssertRewriteWarning: Module already imported so cannot be rewritten: apiritif
    self._mark_plugins_for_rewrite(hook)

-- Docs: https://docs.pytest.org/en/stable/warnings.html
========================= 8 passed, 1 warning in 8.26s =========================
============================= test session starts ==============================
platform linux -- Python 3.8.5, pytest-6.2.1, py-1.10.0, pluggy-0.13.1
rootdir: /dc-app-performance-toolkit/app
plugins: apiritif-0.9.6
collected 8 items

selenium_ui/confluence_ui.py get driver from global
1619154814511,108,selenium_login:open_login_page,Success,True
1619154814919,325,selenium_login:login_and_view_dashboard,Success,True
1619154814919,516,selenium_login,Success,True
.test_0_selenium_a_login,Total:2769 Passed:2769 Failed:0
1619154815390,450,selenium_view_page,Success,True
.test_1_selenium_view_page,Total:2770 Passed:2770 Failed:0
1619154816224,833,selenium_create_page:open_create_page_editor,Success,True
1619154816945,597,selenium_create_page:save_created_page,Success,True
1619154816946,1554,selenium_create_page,Success,True
.test_1_selenium_create_page,Total:2771 Passed:2771 Failed:0
1619154819092,2145,selenium_edit_page:open_create_page_editor,Success,True
1619154819896,780,selenium_edit_page:save_edited_page,Success,True
1619154819896,2949,selenium_edit_page,Success,True
.test_1_selenium_edit_page,Total:2772 Passed:2772 Failed:0
1619154821066,787,selenium_create_comment:write_comment,Success,True
1619154821231,164,selenium_create_comment:save_comment,Success,True
1619154821231,1333,selenium_create_comment,Success,True
.test_1_selenium_create_comment,Total:2773 Passed:2773 Failed:0
1619154822447,1214,selenium_view_blog,Success,True
.test_1_selenium_view_blog,Total:2774 Passed:2774 Failed:0
1619154822757,307,selenium_view_dashboard,Success,True
.test_1_selenium_view_dashboard,Total:2775 Passed:2775 Failed:0
1619154822880,122,selenium_log_out,Success,True
.test_2_selenium_z_log_out,Total:2776 Passed:2776 Failed:0


=============================== warnings summary ===============================
../../usr/local/lib/python3.8/dist-packages/_pytest/config/__init__.py:1114
  /usr/local/lib/python3.8/dist-packages/_pytest/config/__init__.py:1114: PytestAssertRewriteWarning: Module already imported so cannot be rewritten: apiritif
    self._mark_plugins_for_rewrite(hook)

-- Docs: https://docs.pytest.org/en/stable/warnings.html
========================= 8 passed, 1 warning in 8.49s =========================
============================= test session starts ==============================
platform linux -- Python 3.8.5, pytest-6.2.1, py-1.10.0, pluggy-0.13.1
rootdir: /dc-app-performance-toolkit/app
plugins: apiritif-0.9.6
collected 8 items

selenium_ui/confluence_ui.py get driver from global
1619154823037,109,selenium_login:open_login_page,Success,True
1619154823453,332,selenium_login:login_and_view_dashboard,Success,True
1619154823453,526,selenium_login,Success,True
.test_0_selenium_a_login,Total:2777 Passed:2777 Failed:0
1619154823972,500,selenium_view_page,Success,True
.test_1_selenium_view_page,Total:2778 Passed:2778 Failed:0
1619154824885,911,selenium_create_page:open_create_page_editor,Success,True
1619154825604,597,selenium_create_page:save_created_page,Success,True
1619154825604,1630,selenium_create_page,Success,True
.test_1_selenium_create_page,Total:2779 Passed:2779 Failed:0
1619154827138,1532,selenium_edit_page:open_create_page_editor,Success,True
1619154827959,800,selenium_edit_page:save_edited_page,Success,True
1619154827959,2353,selenium_edit_page,Success,True
.test_1_selenium_edit_page,Total:2780 Passed:2780 Failed:0
1619154828918,396,selenium_create_comment:write_comment,Success,True
1619154829598,680,selenium_create_comment:save_comment,Success,True
1619154829598,1637,selenium_create_comment,Success,True
.test_1_selenium_create_comment,Total:2781 Passed:2781 Failed:0
1619154830237,637,selenium_view_blog,Success,True
.test_1_selenium_view_blog,Total:2782 Passed:2782 Failed:0
1619154830494,254,selenium_view_dashboard,Success,True
.test_1_selenium_view_dashboard,Total:2783 Passed:2783 Failed:0
1619154830611,115,selenium_log_out,Success,True
.test_2_selenium_z_log_out,Total:2784 Passed:2784 Failed:0


=============================== warnings summary ===============================
../../usr/local/lib/python3.8/dist-packages/_pytest/config/__init__.py:1114
  /usr/local/lib/python3.8/dist-packages/_pytest/config/__init__.py:1114: PytestAssertRewriteWarning: Module already imported so cannot be rewritten: apiritif
    self._mark_plugins_for_rewrite(hook)

-- Docs: https://docs.pytest.org/en/stable/warnings.html
========================= 8 passed, 1 warning in 7.69s =========================
============================= test session starts ==============================
platform linux -- Python 3.8.5, pytest-6.2.1, py-1.10.0, pluggy-0.13.1
rootdir: /dc-app-performance-toolkit/app
plugins: apiritif-0.9.6
collected 8 items

selenium_ui/confluence_ui.py get driver from global
1619154830765,109,selenium_login:open_login_page,Success,True
1619154831175,328,selenium_login:login_and_view_dashboard,Success,True
1619154831175,519,selenium_login,Success,True
.test_0_selenium_a_login,Total:2785 Passed:2785 Failed:0
1619154831599,395,selenium_view_page,Success,True
.test_1_selenium_view_page,Total:2786 Passed:2786 Failed:0
1619154832447,845,selenium_create_page:open_create_page_editor,Success,True
1619154833223,617,selenium_create_page:save_created_page,Success,True
1619154833223,1622,selenium_create_page,Success,True
.test_1_selenium_create_page,Total:2787 Passed:2787 Failed:0
1619154835446,2221,selenium_edit_page:open_create_page_editor,Success,True
1619154836137,670,selenium_edit_page:save_edited_page,Success,True
1619154836137,2912,selenium_edit_page,Success,True
.test_1_selenium_edit_page,Total:2788 Passed:2788 Failed:0
1619154836806,342,selenium_create_comment:write_comment,Success,True
1619154836959,152,selenium_create_comment:save_comment,Success,True
1619154836959,820,selenium_create_comment,Success,True
.test_1_selenium_create_comment,Total:2789 Passed:2789 Failed:0
1619154837512,551,selenium_view_blog,Success,True
.test_1_selenium_view_blog,Total:2790 Passed:2790 Failed:0
1619154837843,330,selenium_view_dashboard,Success,True
.test_1_selenium_view_dashboard,Total:2791 Passed:2791 Failed:0
1619154837957,112,selenium_log_out,Success,True
.test_2_selenium_z_log_out,Total:2792 Passed:2792 Failed:0


=============================== warnings summary ===============================
../../usr/local/lib/python3.8/dist-packages/_pytest/config/__init__.py:1114
  /usr/local/lib/python3.8/dist-packages/_pytest/config/__init__.py:1114: PytestAssertRewriteWarning: Module already imported so cannot be rewritten: apiritif
    self._mark_plugins_for_rewrite(hook)

-- Docs: https://docs.pytest.org/en/stable/warnings.html
========================= 8 passed, 1 warning in 7.31s =========================
============================= test session starts ==============================
platform linux -- Python 3.8.5, pytest-6.2.1, py-1.10.0, pluggy-0.13.1
rootdir: /dc-app-performance-toolkit/app
plugins: apiritif-0.9.6
collected 8 items

selenium_ui/confluence_ui.py get driver from global
1619154838108,106,selenium_login:open_login_page,Success,True
1619154838519,330,selenium_login:login_and_view_dashboard,Success,True
1619154838519,518,selenium_login,Success,True
.test_0_selenium_a_login,Total:2793 Passed:2793 Failed:0
1619154839122,584,selenium_view_page,Success,True
.test_1_selenium_view_page,Total:2794 Passed:2794 Failed:0
1619154839918,794,selenium_create_page:open_create_page_editor,Success,True
1619154840660,624,selenium_create_page:save_created_page,Success,True
1619154840660,1536,selenium_create_page,Success,True
.test_1_selenium_create_page,Total:2795 Passed:2795 Failed:0
1619154843014,2353,selenium_edit_page:open_create_page_editor,Success,True
1619154843826,789,selenium_edit_page:save_edited_page,Success,True
1619154843826,3164,selenium_edit_page,Success,True
.test_1_selenium_edit_page,Total:2796 Passed:2796 Failed:0
1619154844996,816,selenium_create_comment:write_comment,Success,True
1619154845656,659,selenium_create_comment:save_comment,Success,True
1619154845656,1828,selenium_create_comment,Success,True
.test_1_selenium_create_comment,Total:2797 Passed:2797 Failed:0
1619154846116,458,selenium_view_blog,Success,True
.test_1_selenium_view_blog,Total:2798 Passed:2798 Failed:0
1619154846422,304,selenium_view_dashboard,Success,True
.test_1_selenium_view_dashboard,Total:2799 Passed:2799 Failed:0
1619154846546,122,selenium_log_out,Success,True
.test_2_selenium_z_log_out,Total:2800 Passed:2800 Failed:0


=============================== warnings summary ===============================
../../usr/local/lib/python3.8/dist-packages/_pytest/config/__init__.py:1114
  /usr/local/lib/python3.8/dist-packages/_pytest/config/__init__.py:1114: PytestAssertRewriteWarning: Module already imported so cannot be rewritten: apiritif
    self._mark_plugins_for_rewrite(hook)

-- Docs: https://docs.pytest.org/en/stable/warnings.html
========================= 8 passed, 1 warning in 8.55s =========================
============================= test session starts ==============================
platform linux -- Python 3.8.5, pytest-6.2.1, py-1.10.0, pluggy-0.13.1
rootdir: /dc-app-performance-toolkit/app
plugins: apiritif-0.9.6
collected 8 items

selenium_ui/confluence_ui.py get driver from global
1619154846696,105,selenium_login:open_login_page,Success,True
1619154847089,308,selenium_login:login_and_view_dashboard,Success,True
1619154847089,498,selenium_login,Success,True
.test_0_selenium_a_login,Total:2801 Passed:2801 Failed:0
1619154847490,374,selenium_view_page,Success,True
.test_1_selenium_view_page,Total:2802 Passed:2802 Failed:0
1619154848356,864,selenium_create_page:open_create_page_editor,Success,True
1619154849075,600,selenium_create_page:save_created_page,Success,True
1619154849076,1584,selenium_create_page,Success,True
.test_1_selenium_create_page,Total:2803 Passed:2803 Failed:0
1619154850185,1107,selenium_edit_page:open_create_page_editor,Success,True
1619154850978,773,selenium_edit_page:save_edited_page,Success,True
1619154850979,1901,selenium_edit_page,Success,True
.test_1_selenium_edit_page,Total:2804 Passed:2804 Failed:0
1619154852117,804,selenium_create_comment:write_comment,Success,True
1619154852259,141,selenium_create_comment:save_comment,Success,True
1619154852259,1278,selenium_create_comment,Success,True
.test_1_selenium_create_comment,Total:2805 Passed:2805 Failed:0
1619154852880,620,selenium_view_blog,Success,True
.test_1_selenium_view_blog,Total:2806 Passed:2806 Failed:0
1619154853129,247,selenium_view_dashboard,Success,True
.test_1_selenium_view_dashboard,Total:2807 Passed:2807 Failed:0
1619154853251,120,selenium_log_out,Success,True
.test_2_selenium_z_log_out,Total:2808 Passed:2808 Failed:0


=============================== warnings summary ===============================
../../usr/local/lib/python3.8/dist-packages/_pytest/config/__init__.py:1114
  /usr/local/lib/python3.8/dist-packages/_pytest/config/__init__.py:1114: PytestAssertRewriteWarning: Module already imported so cannot be rewritten: apiritif
    self._mark_plugins_for_rewrite(hook)

-- Docs: https://docs.pytest.org/en/stable/warnings.html
========================= 8 passed, 1 warning in 6.67s =========================
============================= test session starts ==============================
platform linux -- Python 3.8.5, pytest-6.2.1, py-1.10.0, pluggy-0.13.1
rootdir: /dc-app-performance-toolkit/app
plugins: apiritif-0.9.6
collected 8 items

selenium_ui/confluence_ui.py get driver from global
1619154853403,107,selenium_login:open_login_page,Success,True
1619154853796,311,selenium_login:login_and_view_dashboard,Success,True
1619154853796,499,selenium_login,Success,True
.test_0_selenium_a_login,Total:2809 Passed:2809 Failed:0
1619154854269,447,selenium_view_page,Success,True
.test_1_selenium_view_page,Total:2810 Passed:2810 Failed:0
1619154855110,840,selenium_create_page:open_create_page_editor,Success,True
1619154855875,616,selenium_create_page:save_created_page,Success,True
1619154855875,1605,selenium_create_page,Success,True
.test_1_selenium_create_page,Total:2811 Passed:2811 Failed:0
1619154856963,1085,selenium_edit_page:open_create_page_editor,Success,True
1619154857789,804,selenium_edit_page:save_edited_page,Success,True
1619154857789,1912,selenium_edit_page,Success,True
.test_1_selenium_edit_page,Total:2812 Passed:2812 Failed:0
1619154858850,721,selenium_create_comment:write_comment,Success,True
1619154859527,676,selenium_create_comment:save_comment,Success,True
1619154859527,1736,selenium_create_comment,Success,True
.test_1_selenium_create_comment,Total:2813 Passed:2813 Failed:0
1619154860040,512,selenium_view_blog,Success,True
.test_1_selenium_view_blog,Total:2814 Passed:2814 Failed:0
1619154860356,313,selenium_view_dashboard,Success,True
.test_1_selenium_view_dashboard,Total:2815 Passed:2815 Failed:0
1619154860477,119,selenium_log_out,Success,True
.test_2_selenium_z_log_out,Total:2816 Passed:2816 Failed:0


=============================== warnings summary ===============================
../../usr/local/lib/python3.8/dist-packages/_pytest/config/__init__.py:1114
  /usr/local/lib/python3.8/dist-packages/_pytest/config/__init__.py:1114: PytestAssertRewriteWarning: Module already imported so cannot be rewritten: apiritif
    self._mark_plugins_for_rewrite(hook)

-- Docs: https://docs.pytest.org/en/stable/warnings.html
========================= 8 passed, 1 warning in 7.19s =========================
