============================= test session starts ==============================
platform linux -- Python 3.8.5, pytest-6.2.1, py-1.10.0, pluggy-0.13.1
rootdir: /dc-app-performance-toolkit/app
plugins: apiritif-0.9.6
collected 15 items

selenium_ui/bitbucket_ui.py first driver inits
1619153343386,1230,selenium_login:open_login_page,Success,True
1619153344202,696,selenium_login:login_get_started,Success,True
1619153344202,2046,selenium_login,Success,True
.test_0_selenium_a_login,Total:1 Passed:1 Failed:0
1619153346196,1992,selenium_view_dashboard,Success,True
.test_1_selenium_view_dashboard,Total:2 Passed:2 Failed:0
1619153360327,14115,selenium_create_pull_request:create_pull_request,Success,True
1619153360645,317,selenium_create_pull_request:merge_pull_request,Success,True
1619153361642,15430,selenium_create_pull_request,Success,True
.test_1_selenium_create_pull_request,Total:3 Passed:3 Failed:0
1619153362636,993,selenium_view_projects,Success,True
.test_1_selenium_view_projects,Total:4 Passed:4 Failed:0
1619153363162,524,selenium_view_project_repositories,Success,True
.test_1_selenium_view_project_repositories,Total:5 Passed:5 Failed:0
1619153363469,304,selenium_view_repository,Success,True
.test_1_selenium_view_repo,Total:6 Passed:6 Failed:0
1619153364346,875,selenium_view_list_pull_requests,Success,True
.test_1_selenium_view_list_pull_requests,Total:7 Passed:7 Failed:0
1619153365053,705,selenium_view_pull_request_overview,Success,True
.test_1_selenium_view_pull_request_overview,Total:8 Passed:8 Failed:0
1619153365564,510,selenium_view_pull_request_diff,Success,True
.test_1_selenium_view_pull_request_diff,Total:9 Passed:9 Failed:0
1619153366355,789,selenium_view_pull_request_commits,Success,True
.test_1_selenium_view_pull_request_commits,Total:10 Passed:10 Failed:0
1619153368783,2060,selenium_comment_pull_request_file,Success,True
.test_1_selenium_comment_pull_request_diff,Total:11 Passed:11 Failed:0
1619153370379,971,selenium_comment_pull_request_overview,Success,True
.test_1_selenium_comment_pull_request_overview,Total:12 Passed:12 Failed:0
1619153371279,897,selenium_view_branches,Success,True
.test_1_selenium_view_branches,Total:13 Passed:13 Failed:0
1619153372460,1179,selenium_view_commits,Success,True
.test_1_selenium_view_commits,Total:14 Passed:14 Failed:0
1619153372601,138,selenium_log_out,Success,True
.test_2_selenium_logout,Total:15 Passed:15 Failed:0


=============================== warnings summary ===============================
../../usr/local/lib/python3.8/dist-packages/_pytest/config/__init__.py:1114
  /usr/local/lib/python3.8/dist-packages/_pytest/config/__init__.py:1114: PytestAssertRewriteWarning: Module already imported so cannot be rewritten: apiritif
    self._mark_plugins_for_rewrite(hook)

-- Docs: https://docs.pytest.org/en/stable/warnings.html
======================== 15 passed, 1 warning in 31.59s ========================
============================= test session starts ==============================
platform linux -- Python 3.8.5, pytest-6.2.1, py-1.10.0, pluggy-0.13.1
rootdir: /dc-app-performance-toolkit/app
plugins: apiritif-0.9.6
collected 15 items

selenium_ui/bitbucket_ui.py get driver from global
1619153372806,144,selenium_login:open_login_page,Success,True
1619153373231,317,selenium_login:login_get_started,Success,True
1619153373231,569,selenium_login,Success,True
.test_0_selenium_a_login,Total:16 Passed:16 Failed:0
1619153374597,1364,selenium_view_dashboard,Success,True
.test_1_selenium_view_dashboard,Total:17 Passed:17 Failed:0
1619153381159,6550,selenium_create_pull_request:create_pull_request,Success,True
1619153381468,308,selenium_create_pull_request:merge_pull_request,Success,True
1619153382448,7839,selenium_create_pull_request,Success,True
.test_1_selenium_create_pull_request,Total:18 Passed:18 Failed:0
1619153382881,431,selenium_view_projects,Success,True
.test_1_selenium_view_projects,Total:19 Passed:19 Failed:0
1619153383112,229,selenium_view_project_repositories,Success,True
.test_1_selenium_view_project_repositories,Total:20 Passed:20 Failed:0
1619153383409,295,selenium_view_repository,Success,True
.test_1_selenium_view_repo,Total:21 Passed:21 Failed:0
1619153383735,324,selenium_view_list_pull_requests,Success,True
.test_1_selenium_view_list_pull_requests,Total:22 Passed:22 Failed:0
1619153384171,434,selenium_view_pull_request_overview,Success,True
.test_1_selenium_view_pull_request_overview,Total:23 Passed:23 Failed:0
1619153385794,1621,selenium_view_pull_request_diff,Success,True
.test_1_selenium_view_pull_request_diff,Total:24 Passed:24 Failed:0
1619153386221,426,selenium_view_pull_request_commits,Success,True
.test_1_selenium_view_pull_request_commits,Total:25 Passed:25 Failed:0
1619153388699,2111,selenium_comment_pull_request_file,Success,True
.test_1_selenium_comment_pull_request_diff,Total:26 Passed:26 Failed:0
1619153390124,887,selenium_comment_pull_request_overview,Success,True
.test_1_selenium_comment_pull_request_overview,Total:27 Passed:27 Failed:0
1619153390931,804,selenium_view_branches,Success,True
.test_1_selenium_view_branches,Total:28 Passed:28 Failed:0
1619153391519,587,selenium_view_commits,Success,True
.test_1_selenium_view_commits,Total:29 Passed:29 Failed:0
1619153391625,104,selenium_log_out,Success,True
.test_2_selenium_logout,Total:30 Passed:30 Failed:0


=============================== warnings summary ===============================
../../usr/local/lib/python3.8/dist-packages/_pytest/config/__init__.py:1114
  /usr/local/lib/python3.8/dist-packages/_pytest/config/__init__.py:1114: PytestAssertRewriteWarning: Module already imported so cannot be rewritten: apiritif
    self._mark_plugins_for_rewrite(hook)

-- Docs: https://docs.pytest.org/en/stable/warnings.html
======================== 15 passed, 1 warning in 18.97s ========================
============================= test session starts ==============================
platform linux -- Python 3.8.5, pytest-6.2.1, py-1.10.0, pluggy-0.13.1
rootdir: /dc-app-performance-toolkit/app
plugins: apiritif-0.9.6
collected 15 items

selenium_ui/bitbucket_ui.py get driver from global
1619153391784,112,selenium_login:open_login_page,Success,True
1619153392121,255,selenium_login:login_get_started,Success,True
1619153392121,450,selenium_login,Success,True
.test_0_selenium_a_login,Total:31 Passed:31 Failed:0
1619153392665,542,selenium_view_dashboard,Success,True
.test_1_selenium_view_dashboard,Total:32 Passed:32 Failed:0
1619153399860,7184,selenium_create_pull_request:create_pull_request,Success,True
1619153400155,294,selenium_create_pull_request:merge_pull_request,Success,True
1619153401166,8490,selenium_create_pull_request,Success,True
.test_1_selenium_create_pull_request,Total:33 Passed:33 Failed:0
1619153401568,400,selenium_view_projects,Success,True
.test_1_selenium_view_projects,Total:34 Passed:34 Failed:0
1619153401841,271,selenium_view_project_repositories,Success,True
.test_1_selenium_view_project_repositories,Total:35 Passed:35 Failed:0
1619153402178,336,selenium_view_repository,Success,True
.test_1_selenium_view_repo,Total:36 Passed:36 Failed:0
1619153402489,309,selenium_view_list_pull_requests,Success,True
.test_1_selenium_view_list_pull_requests,Total:37 Passed:37 Failed:0
1619153402962,470,selenium_view_pull_request_overview,Success,True
.test_1_selenium_view_pull_request_overview,Total:38 Passed:38 Failed:0
1619153404684,1720,selenium_view_pull_request_diff,Success,True
.test_1_selenium_view_pull_request_diff,Total:39 Passed:39 Failed:0
1619153405133,447,selenium_view_pull_request_commits,Success,True
.test_1_selenium_view_pull_request_commits,Total:40 Passed:40 Failed:0
1619153407768,2262,selenium_comment_pull_request_file,Success,True
.test_1_selenium_comment_pull_request_diff,Total:41 Passed:41 Failed:0
1619153409044,867,selenium_comment_pull_request_overview,Success,True
.test_1_selenium_comment_pull_request_overview,Total:42 Passed:42 Failed:0
1619153409866,820,selenium_view_branches,Success,True
.test_1_selenium_view_branches,Total:43 Passed:43 Failed:0
1619153410424,556,selenium_view_commits,Success,True
.test_1_selenium_view_commits,Total:44 Passed:44 Failed:0
1619153410518,92,selenium_log_out,Success,True
.test_2_selenium_logout,Total:45 Passed:45 Failed:0


=============================== warnings summary ===============================
../../usr/local/lib/python3.8/dist-packages/_pytest/config/__init__.py:1114
  /usr/local/lib/python3.8/dist-packages/_pytest/config/__init__.py:1114: PytestAssertRewriteWarning: Module already imported so cannot be rewritten: apiritif
    self._mark_plugins_for_rewrite(hook)

-- Docs: https://docs.pytest.org/en/stable/warnings.html
======================== 15 passed, 1 warning in 18.86s ========================
============================= test session starts ==============================
platform linux -- Python 3.8.5, pytest-6.2.1, py-1.10.0, pluggy-0.13.1
rootdir: /dc-app-performance-toolkit/app
plugins: apiritif-0.9.6
collected 15 items

selenium_ui/bitbucket_ui.py get driver from global
1619153410670,104,selenium_login:open_login_page,Success,True
1619153411034,279,selenium_login:login_get_started,Success,True
1619153411034,468,selenium_login,Success,True
.test_0_selenium_a_login,Total:46 Passed:46 Failed:0
1619153411394,358,selenium_view_dashboard,Success,True
.test_1_selenium_view_dashboard,Total:47 Passed:47 Failed:0
1619153418265,6860,selenium_create_pull_request:create_pull_request,Success,True
1619153418570,303,selenium_create_pull_request:merge_pull_request,Success,True
1619153419567,8161,selenium_create_pull_request,Success,True
.test_1_selenium_create_pull_request,Total:48 Passed:48 Failed:0
1619153419952,383,selenium_view_projects,Success,True
.test_1_selenium_view_projects,Total:49 Passed:49 Failed:0
1619153420154,200,selenium_view_project_repositories,Success,True
.test_1_selenium_view_project_repositories,Total:50 Passed:50 Failed:0
1619153420457,302,selenium_view_repository,Success,True
.test_1_selenium_view_repo,Total:51 Passed:51 Failed:0
1619153420751,292,selenium_view_list_pull_requests,Success,True
.test_1_selenium_view_list_pull_requests,Total:52 Passed:52 Failed:0
1619153421176,423,selenium_view_pull_request_overview,Success,True
.test_1_selenium_view_pull_request_overview,Total:53 Passed:53 Failed:0
1619153422878,1700,selenium_view_pull_request_diff,Success,True
.test_1_selenium_view_pull_request_diff,Total:54 Passed:54 Failed:0
1619153423254,375,selenium_view_pull_request_commits,Success,True
.test_1_selenium_view_pull_request_commits,Total:55 Passed:55 Failed:0
1619153425772,2168,selenium_comment_pull_request_file,Success,True
.test_1_selenium_comment_pull_request_diff,Total:56 Passed:56 Failed:0
1619153427267,885,selenium_comment_pull_request_overview,Success,True
.test_1_selenium_comment_pull_request_overview,Total:57 Passed:57 Failed:0
1619153428087,817,selenium_view_branches,Success,True
.test_1_selenium_view_branches,Total:58 Passed:58 Failed:0
1619153428675,587,selenium_view_commits,Success,True
.test_1_selenium_view_commits,Total:59 Passed:59 Failed:0
1619153428775,98,selenium_log_out,Success,True
.test_2_selenium_logout,Total:60 Passed:60 Failed:0


=============================== warnings summary ===============================
../../usr/local/lib/python3.8/dist-packages/_pytest/config/__init__.py:1114
  /usr/local/lib/python3.8/dist-packages/_pytest/config/__init__.py:1114: PytestAssertRewriteWarning: Module already imported so cannot be rewritten: apiritif
    self._mark_plugins_for_rewrite(hook)

-- Docs: https://docs.pytest.org/en/stable/warnings.html
======================== 15 passed, 1 warning in 18.22s ========================
============================= test session starts ==============================
platform linux -- Python 3.8.5, pytest-6.2.1, py-1.10.0, pluggy-0.13.1
rootdir: /dc-app-performance-toolkit/app
plugins: apiritif-0.9.6
collected 15 items

selenium_ui/bitbucket_ui.py get driver from global
1619153428925,103,selenium_login:open_login_page,Success,True
1619153429278,267,selenium_login:login_get_started,Success,True
1619153429278,456,selenium_login,Success,True
.test_0_selenium_a_login,Total:61 Passed:61 Failed:0
1619153430751,1472,selenium_view_dashboard,Success,True
.test_1_selenium_view_dashboard,Total:62 Passed:62 Failed:0
1619153437704,6939,selenium_create_pull_request:create_pull_request,Success,True
1619153438011,306,selenium_create_pull_request:merge_pull_request,Success,True
1619153438994,8229,selenium_create_pull_request,Success,True
.test_1_selenium_create_pull_request,Total:63 Passed:63 Failed:0
1619153439373,378,selenium_view_projects,Success,True
.test_1_selenium_view_projects,Total:64 Passed:64 Failed:0
1619153439587,212,selenium_view_project_repositories,Success,True
.test_1_selenium_view_project_repositories,Total:65 Passed:65 Failed:0
1619153439928,339,selenium_view_repository,Success,True
.test_1_selenium_view_repo,Total:66 Passed:66 Failed:0
1619153440225,295,selenium_view_list_pull_requests,Success,True
.test_1_selenium_view_list_pull_requests,Total:67 Passed:67 Failed:0
1619153440688,461,selenium_view_pull_request_overview,Success,True
.test_1_selenium_view_pull_request_overview,Total:68 Passed:68 Failed:0
1619153442403,1713,selenium_view_pull_request_diff,Success,True
.test_1_selenium_view_pull_request_diff,Total:69 Passed:69 Failed:0
1619153442774,369,selenium_view_pull_request_commits,Success,True
.test_1_selenium_view_pull_request_commits,Total:70 Passed:70 Failed:0
1619153445250,2106,selenium_comment_pull_request_file,Success,True
.test_1_selenium_comment_pull_request_diff,Total:71 Passed:71 Failed:0
1619153446715,939,selenium_comment_pull_request_overview,Success,True
.test_1_selenium_comment_pull_request_overview,Total:72 Passed:72 Failed:0
1619153447548,831,selenium_view_branches,Success,True
.test_1_selenium_view_branches,Total:73 Passed:73 Failed:0
1619153448105,554,selenium_view_commits,Success,True
.test_1_selenium_view_commits,Total:74 Passed:74 Failed:0
1619153448200,94,selenium_log_out,Success,True
.test_2_selenium_logout,Total:75 Passed:75 Failed:0


=============================== warnings summary ===============================
../../usr/local/lib/python3.8/dist-packages/_pytest/config/__init__.py:1114
  /usr/local/lib/python3.8/dist-packages/_pytest/config/__init__.py:1114: PytestAssertRewriteWarning: Module already imported so cannot be rewritten: apiritif
    self._mark_plugins_for_rewrite(hook)

-- Docs: https://docs.pytest.org/en/stable/warnings.html
======================== 15 passed, 1 warning in 19.39s ========================
============================= test session starts ==============================
platform linux -- Python 3.8.5, pytest-6.2.1, py-1.10.0, pluggy-0.13.1
rootdir: /dc-app-performance-toolkit/app
plugins: apiritif-0.9.6
collected 15 items

selenium_ui/bitbucket_ui.py get driver from global
1619153448348,100,selenium_login:open_login_page,Success,True
1619153448717,286,selenium_login:login_get_started,Success,True
1619153448717,469,selenium_login,Success,True
.test_0_selenium_a_login,Total:76 Passed:76 Failed:0
1619153450121,1402,selenium_view_dashboard,Success,True
.test_1_selenium_view_dashboard,Total:77 Passed:77 Failed:0
1619153456807,6675,selenium_create_pull_request:create_pull_request,Success,True
1619153457129,321,selenium_create_pull_request:merge_pull_request,Success,True
1619153458139,8006,selenium_create_pull_request,Success,True
.test_1_selenium_create_pull_request,Total:78 Passed:78 Failed:0
1619153458591,451,selenium_view_projects,Success,True
.test_1_selenium_view_projects,Total:79 Passed:79 Failed:0
1619153458796,203,selenium_view_project_repositories,Success,True
.test_1_selenium_view_project_repositories,Total:80 Passed:80 Failed:0
1619153459095,297,selenium_view_repository,Success,True
.test_1_selenium_view_repo,Total:81 Passed:81 Failed:0
1619153459380,283,selenium_view_list_pull_requests,Success,True
.test_1_selenium_view_list_pull_requests,Total:82 Passed:82 Failed:0
1619153459857,475,selenium_view_pull_request_overview,Success,True
.test_1_selenium_view_pull_request_overview,Total:83 Passed:83 Failed:0
1619153461262,1403,selenium_view_pull_request_diff,Success,True
.test_1_selenium_view_pull_request_diff,Total:84 Passed:84 Failed:0
1619153461879,615,selenium_view_pull_request_commits,Success,True
.test_1_selenium_view_pull_request_commits,Total:85 Passed:85 Failed:0
1619153464428,2217,selenium_comment_pull_request_file,Success,True
.test_1_selenium_comment_pull_request_diff,Total:86 Passed:86 Failed:0
1619153466039,849,selenium_comment_pull_request_overview,Success,True
.test_1_selenium_comment_pull_request_overview,Total:87 Passed:87 Failed:0
1619153466901,859,selenium_view_branches,Success,True
.test_1_selenium_view_branches,Total:88 Passed:88 Failed:0
1619153467474,571,selenium_view_commits,Success,True
.test_1_selenium_view_commits,Total:89 Passed:89 Failed:0
1619153467593,116,selenium_log_out,Success,True
.test_2_selenium_logout,Total:90 Passed:90 Failed:0


=============================== warnings summary ===============================
../../usr/local/lib/python3.8/dist-packages/_pytest/config/__init__.py:1114
  /usr/local/lib/python3.8/dist-packages/_pytest/config/__init__.py:1114: PytestAssertRewriteWarning: Module already imported so cannot be rewritten: apiritif
    self._mark_plugins_for_rewrite(hook)

-- Docs: https://docs.pytest.org/en/stable/warnings.html
======================== 15 passed, 1 warning in 19.36s ========================
============================= test session starts ==============================
platform linux -- Python 3.8.5, pytest-6.2.1, py-1.10.0, pluggy-0.13.1
rootdir: /dc-app-performance-toolkit/app
plugins: apiritif-0.9.6
collected 15 items

selenium_ui/bitbucket_ui.py get driver from global
1619153467803,140,selenium_login:open_login_page,Success,True
1619153468271,341,selenium_login:login_get_started,Success,True
1619153468271,608,selenium_login,Success,True
.test_0_selenium_a_login,Total:91 Passed:91 Failed:0
1619153469811,1537,selenium_view_dashboard,Success,True
.test_1_selenium_view_dashboard,Total:92 Passed:92 Failed:0
1619153476678,6854,selenium_create_pull_request:create_pull_request,Success,True
1619153476986,307,selenium_create_pull_request:merge_pull_request,Success,True
1619153477993,8168,selenium_create_pull_request,Success,True
.test_1_selenium_create_pull_request,Total:93 Passed:93 Failed:0
1619153478546,552,selenium_view_projects,Success,True
.test_1_selenium_view_projects,Total:94 Passed:94 Failed:0
1619153478752,204,selenium_view_project_repositories,Success,True
.test_1_selenium_view_project_repositories,Total:95 Passed:95 Failed:0
1619153479041,287,selenium_view_repository,Success,True
.test_1_selenium_view_repo,Total:96 Passed:96 Failed:0
1619153479324,281,selenium_view_list_pull_requests,Success,True
.test_1_selenium_view_list_pull_requests,Total:97 Passed:97 Failed:0
1619153479771,446,selenium_view_pull_request_overview,Success,True
.test_1_selenium_view_pull_request_overview,Total:98 Passed:98 Failed:0
1619153480598,825,selenium_view_pull_request_diff,Success,True
.test_1_selenium_view_pull_request_diff,Total:99 Passed:99 Failed:0
1619153481493,893,selenium_view_pull_request_commits,Success,True
.test_1_selenium_view_pull_request_commits,Total:100 Passed:100 Failed:0
1619153483957,2123,selenium_comment_pull_request_file,Success,True
.test_1_selenium_comment_pull_request_diff,Total:101 Passed:101 Failed:0
1619153485390,908,selenium_comment_pull_request_overview,Success,True
.test_1_selenium_comment_pull_request_overview,Total:102 Passed:102 Failed:0
1619153486248,856,selenium_view_branches,Success,True
.test_1_selenium_view_branches,Total:103 Passed:103 Failed:0
1619153486877,627,selenium_view_commits,Success,True
.test_1_selenium_view_commits,Total:104 Passed:104 Failed:0
1619153486980,101,selenium_log_out,Success,True
.test_2_selenium_logout,Total:105 Passed:105 Failed:0


=============================== warnings summary ===============================
../../usr/local/lib/python3.8/dist-packages/_pytest/config/__init__.py:1114
  /usr/local/lib/python3.8/dist-packages/_pytest/config/__init__.py:1114: PytestAssertRewriteWarning: Module already imported so cannot be rewritten: apiritif
    self._mark_plugins_for_rewrite(hook)

-- Docs: https://docs.pytest.org/en/stable/warnings.html
======================== 15 passed, 1 warning in 19.33s ========================
============================= test session starts ==============================
platform linux -- Python 3.8.5, pytest-6.2.1, py-1.10.0, pluggy-0.13.1
rootdir: /dc-app-performance-toolkit/app
plugins: apiritif-0.9.6
collected 15 items

selenium_ui/bitbucket_ui.py get driver from global
1619153487142,115,selenium_login:open_login_page,Success,True
1619153487509,284,selenium_login:login_get_started,Success,True
1619153487510,483,selenium_login,Success,True
.test_0_selenium_a_login,Total:106 Passed:106 Failed:0
1619153487862,350,selenium_view_dashboard,Success,True
.test_1_selenium_view_dashboard,Total:107 Passed:107 Failed:0
1619153494991,7118,selenium_create_pull_request:create_pull_request,Success,True
1619153495279,287,selenium_create_pull_request:merge_pull_request,Success,True
1619153496291,8417,selenium_create_pull_request,Success,True
.test_1_selenium_create_pull_request,Total:108 Passed:108 Failed:0
1619153496755,462,selenium_view_projects,Success,True
.test_1_selenium_view_projects,Total:109 Passed:109 Failed:0
1619153496966,209,selenium_view_project_repositories,Success,True
.test_1_selenium_view_project_repositories,Total:110 Passed:110 Failed:0
1619153497295,327,selenium_view_repository,Success,True
.test_1_selenium_view_repo,Total:111 Passed:111 Failed:0
1619153497596,300,selenium_view_list_pull_requests,Success,True
.test_1_selenium_view_list_pull_requests,Total:112 Passed:112 Failed:0
1619153498089,491,selenium_view_pull_request_overview,Success,True
.test_1_selenium_view_pull_request_overview,Total:113 Passed:113 Failed:0
1619153499554,1463,selenium_view_pull_request_diff,Success,True
.test_1_selenium_view_pull_request_diff,Total:114 Passed:114 Failed:0
1619153499993,438,selenium_view_pull_request_commits,Success,True
.test_1_selenium_view_pull_request_commits,Total:115 Passed:115 Failed:0
1619153502609,2240,selenium_comment_pull_request_file,Success,True
.test_1_selenium_comment_pull_request_diff,Total:116 Passed:116 Failed:0
1619153504207,921,selenium_comment_pull_request_overview,Success,True
.test_1_selenium_comment_pull_request_overview,Total:117 Passed:117 Failed:0
1619153505010,801,selenium_view_branches,Success,True
.test_1_selenium_view_branches,Total:118 Passed:118 Failed:0
1619153505628,616,selenium_view_commits,Success,True
.test_1_selenium_view_commits,Total:119 Passed:119 Failed:0
1619153505733,103,selenium_log_out,Success,True
.test_2_selenium_logout,Total:120 Passed:120 Failed:0


=============================== warnings summary ===============================
../../usr/local/lib/python3.8/dist-packages/_pytest/config/__init__.py:1114
  /usr/local/lib/python3.8/dist-packages/_pytest/config/__init__.py:1114: PytestAssertRewriteWarning: Module already imported so cannot be rewritten: apiritif
    self._mark_plugins_for_rewrite(hook)

-- Docs: https://docs.pytest.org/en/stable/warnings.html
======================== 15 passed, 1 warning in 18.72s ========================
============================= test session starts ==============================
platform linux -- Python 3.8.5, pytest-6.2.1, py-1.10.0, pluggy-0.13.1
rootdir: /dc-app-performance-toolkit/app
plugins: apiritif-0.9.6
collected 15 items

selenium_ui/bitbucket_ui.py get driver from global
1619153505885,104,selenium_login:open_login_page,Success,True
1619153506236,270,selenium_login:login_get_started,Success,True
1619153506237,455,selenium_login,Success,True
.test_0_selenium_a_login,Total:121 Passed:121 Failed:0
1619153508009,1770,selenium_view_dashboard,Success,True
.test_1_selenium_view_dashboard,Total:122 Passed:122 Failed:0
1619153516654,8633,selenium_create_pull_request:create_pull_request,Success,True
1619153516964,309,selenium_create_pull_request:merge_pull_request,Success,True
1619153518005,9984,selenium_create_pull_request,Success,True
.test_1_selenium_create_pull_request,Total:123 Passed:123 Failed:0
1619153518485,479,selenium_view_projects,Success,True
.test_1_selenium_view_projects,Total:124 Passed:124 Failed:0
1619153518706,218,selenium_view_project_repositories,Success,True
.test_1_selenium_view_project_repositories,Total:125 Passed:125 Failed:0
1619153519009,302,selenium_view_repository,Success,True
.test_1_selenium_view_repo,Total:126 Passed:126 Failed:0
1619153519331,320,selenium_view_list_pull_requests,Success,True
.test_1_selenium_view_list_pull_requests,Total:127 Passed:127 Failed:0
1619153519767,434,selenium_view_pull_request_overview,Success,True
.test_1_selenium_view_pull_request_overview,Total:128 Passed:128 Failed:0
1619153521822,2053,selenium_view_pull_request_diff,Success,True
.test_1_selenium_view_pull_request_diff,Total:129 Passed:129 Failed:0
1619153522271,447,selenium_view_pull_request_commits,Success,True
.test_1_selenium_view_pull_request_commits,Total:130 Passed:130 Failed:0
1619153525071,2372,selenium_comment_pull_request_file,Success,True
.test_1_selenium_comment_pull_request_diff,Total:131 Passed:131 Failed:0
1619153526537,921,selenium_comment_pull_request_overview,Success,True
.test_1_selenium_comment_pull_request_overview,Total:132 Passed:132 Failed:0
1619153527405,866,selenium_view_branches,Success,True
.test_1_selenium_view_branches,Total:133 Passed:133 Failed:0
1619153528002,595,selenium_view_commits,Success,True
.test_1_selenium_view_commits,Total:134 Passed:134 Failed:0
1619153528105,102,selenium_log_out,Success,True
.test_2_selenium_logout,Total:135 Passed:135 Failed:0


=============================== warnings summary ===============================
../../usr/local/lib/python3.8/dist-packages/_pytest/config/__init__.py:1114
  /usr/local/lib/python3.8/dist-packages/_pytest/config/__init__.py:1114: PytestAssertRewriteWarning: Module already imported so cannot be rewritten: apiritif
    self._mark_plugins_for_rewrite(hook)

-- Docs: https://docs.pytest.org/en/stable/warnings.html
======================== 15 passed, 1 warning in 22.34s ========================
============================= test session starts ==============================
platform linux -- Python 3.8.5, pytest-6.2.1, py-1.10.0, pluggy-0.13.1
rootdir: /dc-app-performance-toolkit/app
plugins: apiritif-0.9.6
collected 15 items

selenium_ui/bitbucket_ui.py get driver from global
1619153528259,106,selenium_login:open_login_page,Success,True
1619153528640,278,selenium_login:login_get_started,Success,True
1619153528640,487,selenium_login,Success,True
.test_0_selenium_a_login,Total:136 Passed:136 Failed:0
1619153529284,642,selenium_view_dashboard,Success,True
.test_1_selenium_view_dashboard,Total:137 Passed:137 Failed:0
1619153536253,6958,selenium_create_pull_request:create_pull_request,Success,True
1619153536545,291,selenium_create_pull_request:merge_pull_request,Success,True
1619153537550,8255,selenium_create_pull_request,Success,True
.test_1_selenium_create_pull_request,Total:138 Passed:138 Failed:0
1619153538051,499,selenium_view_projects,Success,True
.test_1_selenium_view_projects,Total:139 Passed:139 Failed:0
1619153538280,227,selenium_view_project_repositories,Success,True
.test_1_selenium_view_project_repositories,Total:140 Passed:140 Failed:0
1619153538606,324,selenium_view_repository,Success,True
.test_1_selenium_view_repo,Total:141 Passed:141 Failed:0
1619153538979,371,selenium_view_list_pull_requests,Success,True
.test_1_selenium_view_list_pull_requests,Total:142 Passed:142 Failed:0
1619153539508,527,selenium_view_pull_request_overview,Success,True
.test_1_selenium_view_pull_request_overview,Total:143 Passed:143 Failed:0
1619153540012,502,selenium_view_pull_request_diff,Success,True
.test_1_selenium_view_pull_request_diff,Total:144 Passed:144 Failed:0
1619153540416,402,selenium_view_pull_request_commits,Success,True
.test_1_selenium_view_pull_request_commits,Total:145 Passed:145 Failed:0
1619153543231,2441,selenium_comment_pull_request_file,Success,True
.test_1_selenium_comment_pull_request_diff,Total:146 Passed:146 Failed:0
1619153544757,919,selenium_comment_pull_request_overview,Success,True
.test_1_selenium_comment_pull_request_overview,Total:147 Passed:147 Failed:0
1619153545579,819,selenium_view_branches,Success,True
.test_1_selenium_view_branches,Total:148 Passed:148 Failed:0
1619153546165,584,selenium_view_commits,Success,True
.test_1_selenium_view_commits,Total:149 Passed:149 Failed:0
1619153546264,97,selenium_log_out,Success,True
.test_2_selenium_logout,Total:150 Passed:150 Failed:0


=============================== warnings summary ===============================
../../usr/local/lib/python3.8/dist-packages/_pytest/config/__init__.py:1114
  /usr/local/lib/python3.8/dist-packages/_pytest/config/__init__.py:1114: PytestAssertRewriteWarning: Module already imported so cannot be rewritten: apiritif
    self._mark_plugins_for_rewrite(hook)

-- Docs: https://docs.pytest.org/en/stable/warnings.html
======================== 15 passed, 1 warning in 18.12s ========================
============================= test session starts ==============================
platform linux -- Python 3.8.5, pytest-6.2.1, py-1.10.0, pluggy-0.13.1
rootdir: /dc-app-performance-toolkit/app
plugins: apiritif-0.9.6
collected 15 items

selenium_ui/bitbucket_ui.py get driver from global
1619153546417,102,selenium_login:open_login_page,Success,True
1619153546801,297,selenium_login:login_get_started,Success,True
1619153546802,487,selenium_login,Success,True
.test_0_selenium_a_login,Total:151 Passed:151 Failed:0
1619153547165,361,selenium_view_dashboard,Success,True
.test_1_selenium_view_dashboard,Total:152 Passed:152 Failed:0
1619153554369,7193,selenium_create_pull_request:create_pull_request,Success,True
1619153554686,316,selenium_create_pull_request:merge_pull_request,Success,True
1619153555751,8575,selenium_create_pull_request,Success,True
.test_1_selenium_create_pull_request,Total:153 Passed:153 Failed:0
1619153556195,443,selenium_view_projects,Success,True
.test_1_selenium_view_projects,Total:154 Passed:154 Failed:0
1619153556422,225,selenium_view_project_repositories,Success,True
.test_1_selenium_view_project_repositories,Total:155 Passed:155 Failed:0
1619153556772,349,selenium_view_repository,Success,True
.test_1_selenium_view_repo,Total:156 Passed:156 Failed:0
1619153557105,331,selenium_view_list_pull_requests,Success,True
.test_1_selenium_view_list_pull_requests,Total:157 Passed:157 Failed:0
1619153557568,461,selenium_view_pull_request_overview,Success,True
.test_1_selenium_view_pull_request_overview,Total:158 Passed:158 Failed:0
1619153558341,771,selenium_view_pull_request_diff,Success,True
.test_1_selenium_view_pull_request_diff,Total:159 Passed:159 Failed:0
1619153559152,809,selenium_view_pull_request_commits,Success,True
.test_1_selenium_view_pull_request_commits,Total:160 Passed:160 Failed:0
1619153561745,2225,selenium_comment_pull_request_file,Success,True
.test_1_selenium_comment_pull_request_diff,Total:161 Passed:161 Failed:0
1619153563176,861,selenium_comment_pull_request_overview,Success,True
.test_1_selenium_comment_pull_request_overview,Total:162 Passed:162 Failed:0
1619153564000,822,selenium_view_branches,Success,True
.test_1_selenium_view_branches,Total:163 Passed:163 Failed:0
1619153564578,576,selenium_view_commits,Success,True
.test_1_selenium_view_commits,Total:164 Passed:164 Failed:0
1619153564675,95,selenium_log_out,Success,True
.test_2_selenium_logout,Total:165 Passed:165 Failed:0


=============================== warnings summary ===============================
../../usr/local/lib/python3.8/dist-packages/_pytest/config/__init__.py:1114
  /usr/local/lib/python3.8/dist-packages/_pytest/config/__init__.py:1114: PytestAssertRewriteWarning: Module already imported so cannot be rewritten: apiritif
    self._mark_plugins_for_rewrite(hook)

-- Docs: https://docs.pytest.org/en/stable/warnings.html
======================== 15 passed, 1 warning in 18.37s ========================
============================= test session starts ==============================
platform linux -- Python 3.8.5, pytest-6.2.1, py-1.10.0, pluggy-0.13.1
rootdir: /dc-app-performance-toolkit/app
plugins: apiritif-0.9.6
collected 15 items

selenium_ui/bitbucket_ui.py get driver from global
1619153564830,107,selenium_login:open_login_page,Success,True
1619153565291,377,selenium_login:login_get_started,Success,True
1619153565292,569,selenium_login,Success,True
.test_0_selenium_a_login,Total:166 Passed:166 Failed:0
1619153566914,1620,selenium_view_dashboard,Success,True
.test_1_selenium_view_dashboard,Total:167 Passed:167 Failed:0
1619153573337,6412,selenium_create_pull_request:create_pull_request,Success,True
1619153573692,354,selenium_create_pull_request:merge_pull_request,Success,True
1619153574701,7775,selenium_create_pull_request,Success,True
.test_1_selenium_create_pull_request,Total:168 Passed:168 Failed:0
1619153575166,464,selenium_view_projects,Success,True
.test_1_selenium_view_projects,Total:169 Passed:169 Failed:0
1619153575356,189,selenium_view_project_repositories,Success,True
.test_1_selenium_view_project_repositories,Total:170 Passed:170 Failed:0
1619153576014,655,selenium_view_repository,Success,True
.test_1_selenium_view_repo,Total:171 Passed:171 Failed:0
1619153576359,344,selenium_view_list_pull_requests,Success,True
.test_1_selenium_view_list_pull_requests,Total:172 Passed:172 Failed:0
1619153576803,441,selenium_view_pull_request_overview,Success,True
.test_1_selenium_view_pull_request_overview,Total:173 Passed:173 Failed:0
1619153577586,781,selenium_view_pull_request_diff,Success,True
.test_1_selenium_view_pull_request_diff,Total:174 Passed:174 Failed:0
1619153578484,896,selenium_view_pull_request_commits,Success,True
.test_1_selenium_view_pull_request_commits,Total:175 Passed:175 Failed:0
1619153581422,2543,selenium_comment_pull_request_file,Success,True
.test_1_selenium_comment_pull_request_diff,Total:176 Passed:176 Failed:0
1619153583218,1040,selenium_comment_pull_request_overview,Success,True
.test_1_selenium_comment_pull_request_overview,Total:177 Passed:177 Failed:0
1619153584038,817,selenium_view_branches,Success,True
.test_1_selenium_view_branches,Total:178 Passed:178 Failed:0
1619153584774,735,selenium_view_commits,Success,True
.test_1_selenium_view_commits,Total:179 Passed:179 Failed:0
1619153584873,97,selenium_log_out,Success,True
.test_2_selenium_logout,Total:180 Passed:180 Failed:0


=============================== warnings summary ===============================
../../usr/local/lib/python3.8/dist-packages/_pytest/config/__init__.py:1114
  /usr/local/lib/python3.8/dist-packages/_pytest/config/__init__.py:1114: PytestAssertRewriteWarning: Module already imported so cannot be rewritten: apiritif
    self._mark_plugins_for_rewrite(hook)

-- Docs: https://docs.pytest.org/en/stable/warnings.html
======================== 15 passed, 1 warning in 20.16s ========================
============================= test session starts ==============================
platform linux -- Python 3.8.5, pytest-6.2.1, py-1.10.0, pluggy-0.13.1
rootdir: /dc-app-performance-toolkit/app
plugins: apiritif-0.9.6
collected 15 items

selenium_ui/bitbucket_ui.py get driver from global
1619153585042,100,selenium_login:open_login_page,Success,True
1619153585403,277,selenium_login:login_get_started,Success,True
1619153585404,462,selenium_login,Success,True
.test_0_selenium_a_login,Total:181 Passed:181 Failed:0
1619153587123,1717,selenium_view_dashboard,Success,True
.test_1_selenium_view_dashboard,Total:182 Passed:182 Failed:0
1619153594546,7411,selenium_create_pull_request:create_pull_request,Success,True
1619153594849,302,selenium_create_pull_request:merge_pull_request,Success,True
1619153595871,8736,selenium_create_pull_request,Success,True
.test_1_selenium_create_pull_request,Total:183 Passed:183 Failed:0
1619153596382,509,selenium_view_projects,Success,True
.test_1_selenium_view_projects,Total:184 Passed:184 Failed:0
1619153596612,228,selenium_view_project_repositories,Success,True
.test_1_selenium_view_project_repositories,Total:185 Passed:185 Failed:0
1619153596905,291,selenium_view_repository,Success,True
.test_1_selenium_view_repo,Total:186 Passed:186 Failed:0
1619153597186,279,selenium_view_list_pull_requests,Success,True
.test_1_selenium_view_list_pull_requests,Total:187 Passed:187 Failed:0
1619153597622,435,selenium_view_pull_request_overview,Success,True
.test_1_selenium_view_pull_request_overview,Total:188 Passed:188 Failed:0
1619153599380,1756,selenium_view_pull_request_diff,Success,True
.test_1_selenium_view_pull_request_diff,Total:189 Passed:189 Failed:0
1619153599772,390,selenium_view_pull_request_commits,Success,True
.test_1_selenium_view_pull_request_commits,Total:190 Passed:190 Failed:0
1619153602428,2282,selenium_comment_pull_request_file,Success,True
.test_1_selenium_comment_pull_request_diff,Total:191 Passed:191 Failed:0
1619153603880,942,selenium_comment_pull_request_overview,Success,True
.test_1_selenium_comment_pull_request_overview,Total:192 Passed:192 Failed:0
1619153604766,884,selenium_view_branches,Success,True
.test_1_selenium_view_branches,Total:193 Passed:193 Failed:0
1619153605303,535,selenium_view_commits,Success,True
.test_1_selenium_view_commits,Total:194 Passed:194 Failed:0
1619153605420,115,selenium_log_out,Success,True
.test_2_selenium_logout,Total:195 Passed:195 Failed:0


=============================== warnings summary ===============================
../../usr/local/lib/python3.8/dist-packages/_pytest/config/__init__.py:1114
  /usr/local/lib/python3.8/dist-packages/_pytest/config/__init__.py:1114: PytestAssertRewriteWarning: Module already imported so cannot be rewritten: apiritif
    self._mark_plugins_for_rewrite(hook)

-- Docs: https://docs.pytest.org/en/stable/warnings.html
======================== 15 passed, 1 warning in 20.49s ========================
============================= test session starts ==============================
platform linux -- Python 3.8.5, pytest-6.2.1, py-1.10.0, pluggy-0.13.1
rootdir: /dc-app-performance-toolkit/app
plugins: apiritif-0.9.6
collected 15 items

selenium_ui/bitbucket_ui.py get driver from global
1619153605572,105,selenium_login:open_login_page,Success,True
1619153605944,286,selenium_login:login_get_started,Success,True
1619153605944,477,selenium_login,Success,True
.test_0_selenium_a_login,Total:196 Passed:196 Failed:0
1619153606304,358,selenium_view_dashboard,Success,True
.test_1_selenium_view_dashboard,Total:197 Passed:197 Failed:0
1619153613096,6780,selenium_create_pull_request:create_pull_request,Success,True
1619153613432,335,selenium_create_pull_request:merge_pull_request,Success,True
1619153614448,8133,selenium_create_pull_request,Success,True
.test_1_selenium_create_pull_request,Total:198 Passed:198 Failed:0
1619153614932,482,selenium_view_projects,Success,True
.test_1_selenium_view_projects,Total:199 Passed:199 Failed:0
1619153615147,212,selenium_view_project_repositories,Success,True
.test_1_selenium_view_project_repositories,Total:200 Passed:200 Failed:0
1619153615437,289,selenium_view_repository,Success,True
.test_1_selenium_view_repo,Total:201 Passed:201 Failed:0
1619153615729,290,selenium_view_list_pull_requests,Success,True
.test_1_selenium_view_list_pull_requests,Total:202 Passed:202 Failed:0
1619153616164,433,selenium_view_pull_request_overview,Success,True
.test_1_selenium_view_pull_request_overview,Total:203 Passed:203 Failed:0
1619153616822,657,selenium_view_pull_request_diff,Success,True
.test_1_selenium_view_pull_request_diff,Total:204 Passed:204 Failed:0
1619153617796,972,selenium_view_pull_request_commits,Success,True
.test_1_selenium_view_pull_request_commits,Total:205 Passed:205 Failed:0
1619153620603,2434,selenium_comment_pull_request_file,Success,True
.test_1_selenium_comment_pull_request_diff,Total:206 Passed:206 Failed:0
1619153622133,942,selenium_comment_pull_request_overview,Success,True
.test_1_selenium_comment_pull_request_overview,Total:207 Passed:207 Failed:0
1619153623042,907,selenium_view_branches,Success,True
.test_1_selenium_view_branches,Total:208 Passed:208 Failed:0
1619153623620,576,selenium_view_commits,Success,True
.test_1_selenium_view_commits,Total:209 Passed:209 Failed:0
1619153623719,97,selenium_log_out,Success,True
.test_2_selenium_logout,Total:210 Passed:210 Failed:0


=============================== warnings summary ===============================
../../usr/local/lib/python3.8/dist-packages/_pytest/config/__init__.py:1114
  /usr/local/lib/python3.8/dist-packages/_pytest/config/__init__.py:1114: PytestAssertRewriteWarning: Module already imported so cannot be rewritten: apiritif
    self._mark_plugins_for_rewrite(hook)

-- Docs: https://docs.pytest.org/en/stable/warnings.html
======================== 15 passed, 1 warning in 18.26s ========================
============================= test session starts ==============================
platform linux -- Python 3.8.5, pytest-6.2.1, py-1.10.0, pluggy-0.13.1
rootdir: /dc-app-performance-toolkit/app
plugins: apiritif-0.9.6
collected 15 items

selenium_ui/bitbucket_ui.py get driver from global
1619153623876,108,selenium_login:open_login_page,Success,True
1619153624241,277,selenium_login:login_get_started,Success,True
1619153624241,473,selenium_login,Success,True
.test_0_selenium_a_login,Total:211 Passed:211 Failed:0
1619153624581,338,selenium_view_dashboard,Success,True
.test_1_selenium_view_dashboard,Total:212 Passed:212 Failed:0
1619153631250,6658,selenium_create_pull_request:create_pull_request,Success,True
1619153631558,308,selenium_create_pull_request:merge_pull_request,Success,True
1619153632581,7989,selenium_create_pull_request,Success,True
.test_1_selenium_create_pull_request,Total:213 Passed:213 Failed:0
1619153633078,495,selenium_view_projects,Success,True
.test_1_selenium_view_projects,Total:214 Passed:214 Failed:0
1619153633284,205,selenium_view_project_repositories,Success,True
.test_1_selenium_view_project_repositories,Total:215 Passed:215 Failed:0
1619153633580,294,selenium_view_repository,Success,True
.test_1_selenium_view_repo,Total:216 Passed:216 Failed:0
1619153633862,280,selenium_view_list_pull_requests,Success,True
.test_1_selenium_view_list_pull_requests,Total:217 Passed:217 Failed:0
1619153634294,431,selenium_view_pull_request_overview,Success,True
.test_1_selenium_view_pull_request_overview,Total:218 Passed:218 Failed:0
1619153636151,1854,selenium_view_pull_request_diff,Success,True
.test_1_selenium_view_pull_request_diff,Total:219 Passed:219 Failed:0
1619153636531,378,selenium_view_pull_request_commits,Success,True
.test_1_selenium_view_pull_request_commits,Total:220 Passed:220 Failed:0
1619153639148,2290,selenium_comment_pull_request_file,Success,True
.test_1_selenium_comment_pull_request_diff,Total:221 Passed:221 Failed:0
1619153640895,1145,selenium_comment_pull_request_overview,Success,True
.test_1_selenium_comment_pull_request_overview,Total:222 Passed:222 Failed:0
1619153641882,985,selenium_view_branches,Success,True
.test_1_selenium_view_branches,Total:223 Passed:223 Failed:0
1619153642513,629,selenium_view_commits,Success,True
.test_1_selenium_view_commits,Total:224 Passed:224 Failed:0
1619153642646,130,selenium_log_out,Success,True
.test_2_selenium_logout,Total:225 Passed:225 Failed:0


=============================== warnings summary ===============================
../../usr/local/lib/python3.8/dist-packages/_pytest/config/__init__.py:1114
  /usr/local/lib/python3.8/dist-packages/_pytest/config/__init__.py:1114: PytestAssertRewriteWarning: Module already imported so cannot be rewritten: apiritif
    self._mark_plugins_for_rewrite(hook)

-- Docs: https://docs.pytest.org/en/stable/warnings.html
======================== 15 passed, 1 warning in 18.89s ========================
============================= test session starts ==============================
platform linux -- Python 3.8.5, pytest-6.2.1, py-1.10.0, pluggy-0.13.1
rootdir: /dc-app-performance-toolkit/app
plugins: apiritif-0.9.6
collected 15 items

selenium_ui/bitbucket_ui.py get driver from global
1619153642863,144,selenium_login:open_login_page,Success,True
1619153643298,314,selenium_login:login_get_started,Success,True
1619153643298,579,selenium_login,Success,True
.test_0_selenium_a_login,Total:226 Passed:226 Failed:0
1619153645050,1750,selenium_view_dashboard,Success,True
.test_1_selenium_view_dashboard,Total:227 Passed:227 Failed:0
1619153652692,7630,selenium_create_pull_request:create_pull_request,Success,True
1619153653024,331,selenium_create_pull_request:merge_pull_request,Success,True
1619153654046,8983,selenium_create_pull_request,Success,True
.test_1_selenium_create_pull_request,Total:228 Passed:228 Failed:0
1619153654511,463,selenium_view_projects,Success,True
.test_1_selenium_view_projects,Total:229 Passed:229 Failed:0
1619153654719,206,selenium_view_project_repositories,Success,True
.test_1_selenium_view_project_repositories,Total:230 Passed:230 Failed:0
1619153655024,304,selenium_view_repository,Success,True
.test_1_selenium_view_repo,Total:231 Passed:231 Failed:0
1619153655341,315,selenium_view_list_pull_requests,Success,True
.test_1_selenium_view_list_pull_requests,Total:232 Passed:232 Failed:0
1619153656201,858,selenium_view_pull_request_overview,Success,True
.test_1_selenium_view_pull_request_overview,Total:233 Passed:233 Failed:0
1619153657730,1527,selenium_view_pull_request_diff,Success,True
.test_1_selenium_view_pull_request_diff,Total:234 Passed:234 Failed:0
1619153658202,469,selenium_view_pull_request_commits,Success,True
.test_1_selenium_view_pull_request_commits,Total:235 Passed:235 Failed:0
1619153660863,2334,selenium_comment_pull_request_file,Success,True
.test_1_selenium_comment_pull_request_diff,Total:236 Passed:236 Failed:0
1619153662307,930,selenium_comment_pull_request_overview,Success,True
.test_1_selenium_comment_pull_request_overview,Total:237 Passed:237 Failed:0
1619153663181,872,selenium_view_branches,Success,True
.test_1_selenium_view_branches,Total:238 Passed:238 Failed:0
1619153663731,548,selenium_view_commits,Success,True
.test_1_selenium_view_commits,Total:239 Passed:239 Failed:0
1619153663832,99,selenium_log_out,Success,True
.test_2_selenium_logout,Total:240 Passed:240 Failed:0


=============================== warnings summary ===============================
../../usr/local/lib/python3.8/dist-packages/_pytest/config/__init__.py:1114
  /usr/local/lib/python3.8/dist-packages/_pytest/config/__init__.py:1114: PytestAssertRewriteWarning: Module already imported so cannot be rewritten: apiritif
    self._mark_plugins_for_rewrite(hook)

-- Docs: https://docs.pytest.org/en/stable/warnings.html
======================== 15 passed, 1 warning in 21.13s ========================
============================= test session starts ==============================
platform linux -- Python 3.8.5, pytest-6.2.1, py-1.10.0, pluggy-0.13.1
rootdir: /dc-app-performance-toolkit/app
plugins: apiritif-0.9.6
collected 15 items

selenium_ui/bitbucket_ui.py get driver from global
1619153663984,105,selenium_login:open_login_page,Success,True
1619153664334,263,selenium_login:login_get_started,Success,True
1619153664334,454,selenium_login,Success,True
.test_0_selenium_a_login,Total:241 Passed:241 Failed:0
1619153665910,1574,selenium_view_dashboard,Success,True
.test_1_selenium_view_dashboard,Total:242 Passed:242 Failed:0
1619153673441,7519,selenium_create_pull_request:create_pull_request,Success,True
1619153673806,365,selenium_create_pull_request:merge_pull_request,Success,True
1619153675017,9096,selenium_create_pull_request,Success,True
.test_1_selenium_create_pull_request,Total:243 Passed:243 Failed:0
1619153675609,589,selenium_view_projects,Success,True
.test_1_selenium_view_projects,Total:244 Passed:244 Failed:0
1619153675840,229,selenium_view_project_repositories,Success,True
.test_1_selenium_view_project_repositories,Total:245 Passed:245 Failed:0
1619153676176,334,selenium_view_repository,Success,True
.test_1_selenium_view_repo,Total:246 Passed:246 Failed:0
1619153676465,287,selenium_view_list_pull_requests,Success,True
.test_1_selenium_view_list_pull_requests,Total:247 Passed:247 Failed:0
1619153676904,437,selenium_view_pull_request_overview,Success,True
.test_1_selenium_view_pull_request_overview,Total:248 Passed:248 Failed:0
1619153677652,745,selenium_view_pull_request_diff,Success,True
.test_1_selenium_view_pull_request_diff,Total:249 Passed:249 Failed:0
1619153678459,805,selenium_view_pull_request_commits,Success,True
.test_1_selenium_view_pull_request_commits,Total:250 Passed:250 Failed:0
1619153681175,2271,selenium_comment_pull_request_file,Success,True
.test_1_selenium_comment_pull_request_diff,Total:251 Passed:251 Failed:0
1619153682693,981,selenium_comment_pull_request_overview,Success,True
.test_1_selenium_comment_pull_request_overview,Total:252 Passed:252 Failed:0
1619153683533,837,selenium_view_branches,Success,True
.test_1_selenium_view_branches,Total:253 Passed:253 Failed:0
1619153684104,569,selenium_view_commits,Success,True
.test_1_selenium_view_commits,Total:254 Passed:254 Failed:0
1619153684212,106,selenium_log_out,Success,True
.test_2_selenium_logout,Total:255 Passed:255 Failed:0


=============================== warnings summary ===============================
../../usr/local/lib/python3.8/dist-packages/_pytest/config/__init__.py:1114
  /usr/local/lib/python3.8/dist-packages/_pytest/config/__init__.py:1114: PytestAssertRewriteWarning: Module already imported so cannot be rewritten: apiritif
    self._mark_plugins_for_rewrite(hook)

-- Docs: https://docs.pytest.org/en/stable/warnings.html
======================== 15 passed, 1 warning in 20.34s ========================
============================= test session starts ==============================
platform linux -- Python 3.8.5, pytest-6.2.1, py-1.10.0, pluggy-0.13.1
rootdir: /dc-app-performance-toolkit/app
plugins: apiritif-0.9.6
collected 15 items

selenium_ui/bitbucket_ui.py get driver from global
1619153684362,102,selenium_login:open_login_page,Success,True
1619153684737,291,selenium_login:login_get_started,Success,True
1619153684737,478,selenium_login,Success,True
.test_0_selenium_a_login,Total:256 Passed:256 Failed:0
1619153685067,328,selenium_view_dashboard,Success,True
.test_1_selenium_view_dashboard,Total:257 Passed:257 Failed:0
1619153691844,6765,selenium_create_pull_request:create_pull_request,Success,True
1619153692150,305,selenium_create_pull_request:merge_pull_request,Success,True
1619153693147,8068,selenium_create_pull_request,Success,True
.test_1_selenium_create_pull_request,Total:258 Passed:258 Failed:0
1619153693629,480,selenium_view_projects,Success,True
.test_1_selenium_view_projects,Total:259 Passed:259 Failed:0
1619153693851,221,selenium_view_project_repositories,Success,True
.test_1_selenium_view_project_repositories,Total:260 Passed:260 Failed:0
1619153694150,297,selenium_view_repository,Success,True
.test_1_selenium_view_repo,Total:261 Passed:261 Failed:0
1619153694465,313,selenium_view_list_pull_requests,Success,True
.test_1_selenium_view_list_pull_requests,Total:262 Passed:262 Failed:0
1619153694933,466,selenium_view_pull_request_overview,Success,True
.test_1_selenium_view_pull_request_overview,Total:263 Passed:263 Failed:0
1619153696665,1730,selenium_view_pull_request_diff,Success,True
.test_1_selenium_view_pull_request_diff,Total:264 Passed:264 Failed:0
1619153697090,423,selenium_view_pull_request_commits,Success,True
.test_1_selenium_view_pull_request_commits,Total:265 Passed:265 Failed:0
1619153699712,2241,selenium_comment_pull_request_file,Success,True
.test_1_selenium_comment_pull_request_diff,Total:266 Passed:266 Failed:0
1619153701389,1135,selenium_comment_pull_request_overview,Success,True
.test_1_selenium_comment_pull_request_overview,Total:267 Passed:267 Failed:0
1619153702227,836,selenium_view_branches,Success,True
.test_1_selenium_view_branches,Total:268 Passed:268 Failed:0
1619153702886,656,selenium_view_commits,Success,True
.test_1_selenium_view_commits,Total:269 Passed:269 Failed:0
1619153703029,141,selenium_log_out,Success,True
.test_2_selenium_logout,Total:270 Passed:270 Failed:0


=============================== warnings summary ===============================
../../usr/local/lib/python3.8/dist-packages/_pytest/config/__init__.py:1114
  /usr/local/lib/python3.8/dist-packages/_pytest/config/__init__.py:1114: PytestAssertRewriteWarning: Module already imported so cannot be rewritten: apiritif
    self._mark_plugins_for_rewrite(hook)

-- Docs: https://docs.pytest.org/en/stable/warnings.html
======================== 15 passed, 1 warning in 18.78s ========================
============================= test session starts ==============================
platform linux -- Python 3.8.5, pytest-6.2.1, py-1.10.0, pluggy-0.13.1
rootdir: /dc-app-performance-toolkit/app
plugins: apiritif-0.9.6
collected 15 items

selenium_ui/bitbucket_ui.py get driver from global
1619153703188,111,selenium_login:open_login_page,Success,True
1619153703627,329,selenium_login:login_get_started,Success,True
1619153703628,551,selenium_login,Success,True
.test_0_selenium_a_login,Total:271 Passed:271 Failed:0
1619153704223,593,selenium_view_dashboard,Success,True
.test_1_selenium_view_dashboard,Total:272 Passed:272 Failed:0
1619153711110,6874,selenium_create_pull_request:create_pull_request,Success,True
1619153711438,327,selenium_create_pull_request:merge_pull_request,Success,True
1619153712465,8230,selenium_create_pull_request,Success,True
.test_1_selenium_create_pull_request,Total:273 Passed:273 Failed:0
1619153712973,507,selenium_view_projects,Success,True
.test_1_selenium_view_projects,Total:274 Passed:274 Failed:0
1619153713188,213,selenium_view_project_repositories,Success,True
.test_1_selenium_view_project_repositories,Total:275 Passed:275 Failed:0
1619153713498,309,selenium_view_repository,Success,True
.test_1_selenium_view_repo,Total:276 Passed:276 Failed:0
1619153713803,303,selenium_view_list_pull_requests,Success,True
.test_1_selenium_view_list_pull_requests,Total:277 Passed:277 Failed:0
1619153714303,498,selenium_view_pull_request_overview,Success,True
.test_1_selenium_view_pull_request_overview,Total:278 Passed:278 Failed:0
1619153714994,689,selenium_view_pull_request_diff,Success,True
.test_1_selenium_view_pull_request_diff,Total:279 Passed:279 Failed:0
1619153715394,398,selenium_view_pull_request_commits,Success,True
.test_1_selenium_view_pull_request_commits,Total:280 Passed:280 Failed:0
1619153717989,2190,selenium_comment_pull_request_file,Success,True
.test_1_selenium_comment_pull_request_diff,Total:281 Passed:281 Failed:0
1619153719554,913,selenium_comment_pull_request_overview,Success,True
.test_1_selenium_comment_pull_request_overview,Total:282 Passed:282 Failed:0
1619153720358,802,selenium_view_branches,Success,True
.test_1_selenium_view_branches,Total:283 Passed:283 Failed:0
1619153720894,533,selenium_view_commits,Success,True
.test_1_selenium_view_commits,Total:284 Passed:284 Failed:0
1619153720995,100,selenium_log_out,Success,True
.test_2_selenium_logout,Total:285 Passed:285 Failed:0


=============================== warnings summary ===============================
../../usr/local/lib/python3.8/dist-packages/_pytest/config/__init__.py:1114
  /usr/local/lib/python3.8/dist-packages/_pytest/config/__init__.py:1114: PytestAssertRewriteWarning: Module already imported so cannot be rewritten: apiritif
    self._mark_plugins_for_rewrite(hook)

-- Docs: https://docs.pytest.org/en/stable/warnings.html
======================== 15 passed, 1 warning in 17.93s ========================
============================= test session starts ==============================
platform linux -- Python 3.8.5, pytest-6.2.1, py-1.10.0, pluggy-0.13.1
rootdir: /dc-app-performance-toolkit/app
plugins: apiritif-0.9.6
collected 15 items

selenium_ui/bitbucket_ui.py get driver from global
1619153721160,103,selenium_login:open_login_page,Success,True
1619153721536,289,selenium_login:login_get_started,Success,True
1619153721536,479,selenium_login,Success,True
.test_0_selenium_a_login,Total:286 Passed:286 Failed:0
1619153721883,344,selenium_view_dashboard,Success,True
.test_1_selenium_view_dashboard,Total:287 Passed:287 Failed:0
1619153728761,6866,selenium_create_pull_request:create_pull_request,Success,True
1619153729080,318,selenium_create_pull_request:merge_pull_request,Success,True
1619153730082,8187,selenium_create_pull_request,Success,True
.test_1_selenium_create_pull_request,Total:288 Passed:288 Failed:0
1619153730523,439,selenium_view_projects,Success,True
.test_1_selenium_view_projects,Total:289 Passed:289 Failed:0
1619153730750,225,selenium_view_project_repositories,Success,True
.test_1_selenium_view_project_repositories,Total:290 Passed:290 Failed:0
1619153731066,314,selenium_view_repository,Success,True
.test_1_selenium_view_repo,Total:291 Passed:291 Failed:0
1619153731390,322,selenium_view_list_pull_requests,Success,True
.test_1_selenium_view_list_pull_requests,Total:292 Passed:292 Failed:0
1619153731932,540,selenium_view_pull_request_overview,Success,True
.test_1_selenium_view_pull_request_overview,Total:293 Passed:293 Failed:0
1619153732797,863,selenium_view_pull_request_diff,Success,True
.test_1_selenium_view_pull_request_diff,Total:294 Passed:294 Failed:0
1619153733852,1054,selenium_view_pull_request_commits,Success,True
.test_1_selenium_view_pull_request_commits,Total:295 Passed:295 Failed:0
1619153736881,2666,selenium_comment_pull_request_file,Success,True
.test_1_selenium_comment_pull_request_diff,Total:296 Passed:296 Failed:0
1619153738501,959,selenium_comment_pull_request_overview,Success,True
.test_1_selenium_comment_pull_request_overview,Total:297 Passed:297 Failed:0
1619153739298,794,selenium_view_branches,Success,True
.test_1_selenium_view_branches,Total:298 Passed:298 Failed:0
1619153739888,588,selenium_view_commits,Success,True
.test_1_selenium_view_commits,Total:299 Passed:299 Failed:0
1619153739993,103,selenium_log_out,Success,True
.test_2_selenium_logout,Total:300 Passed:300 Failed:0


=============================== warnings summary ===============================
../../usr/local/lib/python3.8/dist-packages/_pytest/config/__init__.py:1114
  /usr/local/lib/python3.8/dist-packages/_pytest/config/__init__.py:1114: PytestAssertRewriteWarning: Module already imported so cannot be rewritten: apiritif
    self._mark_plugins_for_rewrite(hook)

-- Docs: https://docs.pytest.org/en/stable/warnings.html
======================== 15 passed, 1 warning in 18.95s ========================
============================= test session starts ==============================
platform linux -- Python 3.8.5, pytest-6.2.1, py-1.10.0, pluggy-0.13.1
rootdir: /dc-app-performance-toolkit/app
plugins: apiritif-0.9.6
collected 15 items

selenium_ui/bitbucket_ui.py get driver from global
1619153740155,114,selenium_login:open_login_page,Success,True
1619153740521,280,selenium_login:login_get_started,Success,True
1619153740521,481,selenium_login,Success,True
.test_0_selenium_a_login,Total:301 Passed:301 Failed:0
1619153741178,655,selenium_view_dashboard,Success,True
.test_1_selenium_view_dashboard,Total:302 Passed:302 Failed:0
1619153747971,6775,selenium_create_pull_request:create_pull_request,Success,True
1619153748293,321,selenium_create_pull_request:merge_pull_request,Success,True
1619153749302,8105,selenium_create_pull_request,Success,True
.test_1_selenium_create_pull_request,Total:303 Passed:303 Failed:0
1619153749797,493,selenium_view_projects,Success,True
.test_1_selenium_view_projects,Total:304 Passed:304 Failed:0
1619153750010,212,selenium_view_project_repositories,Success,True
.test_1_selenium_view_project_repositories,Total:305 Passed:305 Failed:0
1619153750370,358,selenium_view_repository,Success,True
.test_1_selenium_view_repo,Total:306 Passed:306 Failed:0
1619153750704,332,selenium_view_list_pull_requests,Success,True
.test_1_selenium_view_list_pull_requests,Total:307 Passed:307 Failed:0
1619153751196,490,selenium_view_pull_request_overview,Success,True
.test_1_selenium_view_pull_request_overview,Total:308 Passed:308 Failed:0
1619153751970,772,selenium_view_pull_request_diff,Success,True
.test_1_selenium_view_pull_request_diff,Total:309 Passed:309 Failed:0
1619153752847,875,selenium_view_pull_request_commits,Success,True
.test_1_selenium_view_pull_request_commits,Total:310 Passed:310 Failed:0
1619153755409,2196,selenium_comment_pull_request_file,Success,True
.test_1_selenium_comment_pull_request_diff,Total:311 Passed:311 Failed:0
1619153757052,1057,selenium_comment_pull_request_overview,Success,True
.test_1_selenium_comment_pull_request_overview,Total:312 Passed:312 Failed:0
1619153757828,774,selenium_view_branches,Success,True
.test_1_selenium_view_branches,Total:313 Passed:313 Failed:0
1619153758443,614,selenium_view_commits,Success,True
.test_1_selenium_view_commits,Total:314 Passed:314 Failed:0
1619153758556,111,selenium_log_out,Success,True
.test_2_selenium_logout,Total:315 Passed:315 Failed:0


=============================== warnings summary ===============================
../../usr/local/lib/python3.8/dist-packages/_pytest/config/__init__.py:1114
  /usr/local/lib/python3.8/dist-packages/_pytest/config/__init__.py:1114: PytestAssertRewriteWarning: Module already imported so cannot be rewritten: apiritif
    self._mark_plugins_for_rewrite(hook)

-- Docs: https://docs.pytest.org/en/stable/warnings.html
======================== 15 passed, 1 warning in 18.53s ========================
============================= test session starts ==============================
platform linux -- Python 3.8.5, pytest-6.2.1, py-1.10.0, pluggy-0.13.1
rootdir: /dc-app-performance-toolkit/app
plugins: apiritif-0.9.6
collected 15 items

selenium_ui/bitbucket_ui.py get driver from global
1619153758711,105,selenium_login:open_login_page,Success,True
1619153759119,324,selenium_login:login_get_started,Success,True
1619153759119,513,selenium_login,Success,True
.test_0_selenium_a_login,Total:316 Passed:316 Failed:0
1619153760965,1843,selenium_view_dashboard,Success,True
.test_1_selenium_view_dashboard,Total:317 Passed:317 Failed:0
1619153769329,8351,selenium_create_pull_request:create_pull_request,Success,True
1619153769633,303,selenium_create_pull_request:merge_pull_request,Success,True
1619153770648,9669,selenium_create_pull_request,Success,True
.test_1_selenium_create_pull_request,Total:318 Passed:318 Failed:0
1619153771128,478,selenium_view_projects,Success,True
.test_1_selenium_view_projects,Total:319 Passed:319 Failed:0
1619153771351,221,selenium_view_project_repositories,Success,True
.test_1_selenium_view_project_repositories,Total:320 Passed:320 Failed:0
1619153771778,426,selenium_view_repository,Success,True
.test_1_selenium_view_repo,Total:321 Passed:321 Failed:0
1619153772114,334,selenium_view_list_pull_requests,Success,True
.test_1_selenium_view_list_pull_requests,Total:322 Passed:322 Failed:0
1619153772619,503,selenium_view_pull_request_overview,Success,True
.test_1_selenium_view_pull_request_overview,Total:323 Passed:323 Failed:0
1619153773079,457,selenium_view_pull_request_diff,Success,True
.test_1_selenium_view_pull_request_diff,Total:324 Passed:324 Failed:0
1619153773512,432,selenium_view_pull_request_commits,Success,True
.test_1_selenium_view_pull_request_commits,Total:325 Passed:325 Failed:0
1619153776409,2550,selenium_comment_pull_request_file,Success,True
.test_1_selenium_comment_pull_request_diff,Total:326 Passed:326 Failed:0
1619153777965,944,selenium_comment_pull_request_overview,Success,True
.test_1_selenium_comment_pull_request_overview,Total:327 Passed:327 Failed:0
1619153778798,830,selenium_view_branches,Success,True
.test_1_selenium_view_branches,Total:328 Passed:328 Failed:0
1619153780133,1334,selenium_view_commits,Success,True
.test_1_selenium_view_commits,Total:329 Passed:329 Failed:0
1619153780259,124,selenium_log_out,Success,True
.test_2_selenium_logout,Total:330 Passed:330 Failed:0


=============================== warnings summary ===============================
../../usr/local/lib/python3.8/dist-packages/_pytest/config/__init__.py:1114
  /usr/local/lib/python3.8/dist-packages/_pytest/config/__init__.py:1114: PytestAssertRewriteWarning: Module already imported so cannot be rewritten: apiritif
    self._mark_plugins_for_rewrite(hook)

-- Docs: https://docs.pytest.org/en/stable/warnings.html
======================== 15 passed, 1 warning in 21.66s ========================
============================= test session starts ==============================
platform linux -- Python 3.8.5, pytest-6.2.1, py-1.10.0, pluggy-0.13.1
rootdir: /dc-app-performance-toolkit/app
plugins: apiritif-0.9.6
collected 15 items

selenium_ui/bitbucket_ui.py get driver from global
1619153780446,139,selenium_login:open_login_page,Success,True
1619153780951,410,selenium_login:login_get_started,Success,True
1619153780951,644,selenium_login,Success,True
.test_0_selenium_a_login,Total:331 Passed:331 Failed:0
1619153781425,473,selenium_view_dashboard,Success,True
.test_1_selenium_view_dashboard,Total:332 Passed:332 Failed:0
1619153789298,7860,selenium_create_pull_request:create_pull_request,Success,True
1619153789620,321,selenium_create_pull_request:merge_pull_request,Success,True
1619153790642,9204,selenium_create_pull_request,Success,True
.test_1_selenium_create_pull_request,Total:333 Passed:333 Failed:0
1619153791199,555,selenium_view_projects,Success,True
.test_1_selenium_view_projects,Total:334 Passed:334 Failed:0
1619153791420,219,selenium_view_project_repositories,Success,True
.test_1_selenium_view_project_repositories,Total:335 Passed:335 Failed:0
1619153791812,389,selenium_view_repository,Success,True
.test_1_selenium_view_repo,Total:336 Passed:336 Failed:0
1619153792202,388,selenium_view_list_pull_requests,Success,True
.test_1_selenium_view_list_pull_requests,Total:337 Passed:337 Failed:0
1619153792706,502,selenium_view_pull_request_overview,Success,True
.test_1_selenium_view_pull_request_overview,Total:338 Passed:338 Failed:0
1619153793437,729,selenium_view_pull_request_diff,Success,True
.test_1_selenium_view_pull_request_diff,Total:339 Passed:339 Failed:0
1619153793883,444,selenium_view_pull_request_commits,Success,True
.test_1_selenium_view_pull_request_commits,Total:340 Passed:340 Failed:0
1619153797585,3221,selenium_comment_pull_request_file,Success,True
.test_1_selenium_comment_pull_request_diff,Total:341 Passed:341 Failed:0
1619153799122,963,selenium_comment_pull_request_overview,Success,True
.test_1_selenium_comment_pull_request_overview,Total:342 Passed:342 Failed:0
1619153799937,813,selenium_view_branches,Success,True
.test_1_selenium_view_branches,Total:343 Passed:343 Failed:0
1619153800681,742,selenium_view_commits,Success,True
.test_1_selenium_view_commits,Total:344 Passed:344 Failed:0
1619153800781,99,selenium_log_out,Success,True
.test_2_selenium_logout,Total:345 Passed:345 Failed:0


=============================== warnings summary ===============================
../../usr/local/lib/python3.8/dist-packages/_pytest/config/__init__.py:1114
  /usr/local/lib/python3.8/dist-packages/_pytest/config/__init__.py:1114: PytestAssertRewriteWarning: Module already imported so cannot be rewritten: apiritif
    self._mark_plugins_for_rewrite(hook)

-- Docs: https://docs.pytest.org/en/stable/warnings.html
======================== 15 passed, 1 warning in 20.49s ========================
============================= test session starts ==============================
platform linux -- Python 3.8.5, pytest-6.2.1, py-1.10.0, pluggy-0.13.1
rootdir: /dc-app-performance-toolkit/app
plugins: apiritif-0.9.6
collected 15 items

selenium_ui/bitbucket_ui.py get driver from global
1619153800944,105,selenium_login:open_login_page,Success,True
1619153801343,308,selenium_login:login_get_started,Success,True
1619153801343,504,selenium_login,Success,True
.test_0_selenium_a_login,Total:346 Passed:346 Failed:0
1619153802624,1278,selenium_view_dashboard,Success,True
.test_1_selenium_view_dashboard,Total:347 Passed:347 Failed:0
1619153809368,6733,selenium_create_pull_request:create_pull_request,Success,True
1619153809670,302,selenium_create_pull_request:merge_pull_request,Success,True
1619153810678,8043,selenium_create_pull_request,Success,True
.test_1_selenium_create_pull_request,Total:348 Passed:348 Failed:0
1619153811167,487,selenium_view_projects,Success,True
.test_1_selenium_view_projects,Total:349 Passed:349 Failed:0
1619153811382,213,selenium_view_project_repositories,Success,True
.test_1_selenium_view_project_repositories,Total:350 Passed:350 Failed:0
1619153811756,372,selenium_view_repository,Success,True
.test_1_selenium_view_repo,Total:351 Passed:351 Failed:0
1619153812105,347,selenium_view_list_pull_requests,Success,True
.test_1_selenium_view_list_pull_requests,Total:352 Passed:352 Failed:0
1619153812641,534,selenium_view_pull_request_overview,Success,True
.test_1_selenium_view_pull_request_overview,Total:353 Passed:353 Failed:0
1619153813427,785,selenium_view_pull_request_diff,Success,True
.test_1_selenium_view_pull_request_diff,Total:354 Passed:354 Failed:0
1619153814288,859,selenium_view_pull_request_commits,Success,True
.test_1_selenium_view_pull_request_commits,Total:355 Passed:355 Failed:0
1619153816843,2195,selenium_comment_pull_request_file,Success,True
.test_1_selenium_comment_pull_request_diff,Total:356 Passed:356 Failed:0
1619153818331,918,selenium_comment_pull_request_overview,Success,True
.test_1_selenium_comment_pull_request_overview,Total:357 Passed:357 Failed:0
1619153819228,894,selenium_view_branches,Success,True
.test_1_selenium_view_branches,Total:358 Passed:358 Failed:0
1619153819901,672,selenium_view_commits,Success,True
.test_1_selenium_view_commits,Total:359 Passed:359 Failed:0
1619153820005,102,selenium_log_out,Success,True
.test_2_selenium_logout,Total:360 Passed:360 Failed:0


=============================== warnings summary ===============================
../../usr/local/lib/python3.8/dist-packages/_pytest/config/__init__.py:1114
  /usr/local/lib/python3.8/dist-packages/_pytest/config/__init__.py:1114: PytestAssertRewriteWarning: Module already imported so cannot be rewritten: apiritif
    self._mark_plugins_for_rewrite(hook)

-- Docs: https://docs.pytest.org/en/stable/warnings.html
======================== 15 passed, 1 warning in 19.18s ========================
============================= test session starts ==============================
platform linux -- Python 3.8.5, pytest-6.2.1, py-1.10.0, pluggy-0.13.1
rootdir: /dc-app-performance-toolkit/app
plugins: apiritif-0.9.6
collected 15 items

selenium_ui/bitbucket_ui.py get driver from global
1619153820173,121,selenium_login:open_login_page,Success,True
1619153820558,288,selenium_login:login_get_started,Success,True
1619153820558,506,selenium_login,Success,True
.test_0_selenium_a_login,Total:361 Passed:361 Failed:0
1619153822435,1875,selenium_view_dashboard,Success,True
.test_1_selenium_view_dashboard,Total:362 Passed:362 Failed:0
1619153830266,7818,selenium_create_pull_request:create_pull_request,Success,True
1619153830582,315,selenium_create_pull_request:merge_pull_request,Success,True
1619153831580,9131,selenium_create_pull_request,Success,True
.test_1_selenium_create_pull_request,Total:363 Passed:363 Failed:0
1619153832024,442,selenium_view_projects,Success,True
.test_1_selenium_view_projects,Total:364 Passed:364 Failed:0
1619153832254,228,selenium_view_project_repositories,Success,True
.test_1_selenium_view_project_repositories,Total:365 Passed:365 Failed:0
1619153832557,301,selenium_view_repository,Success,True
.test_1_selenium_view_repo,Total:366 Passed:366 Failed:0
1619153832917,358,selenium_view_list_pull_requests,Success,True
.test_1_selenium_view_list_pull_requests,Total:367 Passed:367 Failed:0
1619153833504,585,selenium_view_pull_request_overview,Success,True
.test_1_selenium_view_pull_request_overview,Total:368 Passed:368 Failed:0
1619153834230,724,selenium_view_pull_request_diff,Success,True
.test_1_selenium_view_pull_request_diff,Total:369 Passed:369 Failed:0
1619153834598,366,selenium_view_pull_request_commits,Success,True
.test_1_selenium_view_pull_request_commits,Total:370 Passed:370 Failed:0
1619153837253,2259,selenium_comment_pull_request_file,Success,True
.test_1_selenium_comment_pull_request_diff,Total:371 Passed:371 Failed:0
1619153838918,1057,selenium_comment_pull_request_overview,Success,True
.test_1_selenium_comment_pull_request_overview,Total:372 Passed:372 Failed:0
1619153839729,809,selenium_view_branches,Success,True
.test_1_selenium_view_branches,Total:373 Passed:373 Failed:0
1619153840323,592,selenium_view_commits,Success,True
.test_1_selenium_view_commits,Total:374 Passed:374 Failed:0
1619153840428,103,selenium_log_out,Success,True
.test_2_selenium_logout,Total:375 Passed:375 Failed:0


=============================== warnings summary ===============================
../../usr/local/lib/python3.8/dist-packages/_pytest/config/__init__.py:1114
  /usr/local/lib/python3.8/dist-packages/_pytest/config/__init__.py:1114: PytestAssertRewriteWarning: Module already imported so cannot be rewritten: apiritif
    self._mark_plugins_for_rewrite(hook)

-- Docs: https://docs.pytest.org/en/stable/warnings.html
======================== 15 passed, 1 warning in 20.39s ========================
============================= test session starts ==============================
platform linux -- Python 3.8.5, pytest-6.2.1, py-1.10.0, pluggy-0.13.1
rootdir: /dc-app-performance-toolkit/app
plugins: apiritif-0.9.6
collected 15 items

selenium_ui/bitbucket_ui.py get driver from global
1619153840606,103,selenium_login:open_login_page,Success,True
1619153840987,289,selenium_login:login_get_started,Success,True
1619153840987,484,selenium_login,Success,True
.test_0_selenium_a_login,Total:376 Passed:376 Failed:0
1619153841924,935,selenium_view_dashboard,Success,True
.test_1_selenium_view_dashboard,Total:377 Passed:377 Failed:0
1619153849000,7064,selenium_create_pull_request:create_pull_request,Success,True
1619153849294,293,selenium_create_pull_request:merge_pull_request,Success,True
1619153850308,8372,selenium_create_pull_request,Success,True
.test_1_selenium_create_pull_request,Total:378 Passed:378 Failed:0
1619153850797,487,selenium_view_projects,Success,True
.test_1_selenium_view_projects,Total:379 Passed:379 Failed:0
1619153851059,260,selenium_view_project_repositories,Success,True
.test_1_selenium_view_project_repositories,Total:380 Passed:380 Failed:0
1619153851382,321,selenium_view_repository,Success,True
.test_1_selenium_view_repo,Total:381 Passed:381 Failed:0
1619153851744,361,selenium_view_list_pull_requests,Success,True
.test_1_selenium_view_list_pull_requests,Total:382 Passed:382 Failed:0
1619153852363,616,selenium_view_pull_request_overview,Success,True
.test_1_selenium_view_pull_request_overview,Total:383 Passed:383 Failed:0
1619153853212,848,selenium_view_pull_request_diff,Success,True
.test_1_selenium_view_pull_request_diff,Total:384 Passed:384 Failed:0
1619153853651,437,selenium_view_pull_request_commits,Success,True
.test_1_selenium_view_pull_request_commits,Total:385 Passed:385 Failed:0
1619153856506,2469,selenium_comment_pull_request_file,Success,True
.test_1_selenium_comment_pull_request_diff,Total:386 Passed:386 Failed:0
1619153857979,913,selenium_comment_pull_request_overview,Success,True
.test_1_selenium_comment_pull_request_overview,Total:387 Passed:387 Failed:0
1619153858857,876,selenium_view_branches,Success,True
.test_1_selenium_view_branches,Total:388 Passed:388 Failed:0
1619153859534,675,selenium_view_commits,Success,True
.test_1_selenium_view_commits,Total:389 Passed:389 Failed:0
1619153859633,97,selenium_log_out,Success,True
.test_2_selenium_logout,Total:390 Passed:390 Failed:0


=============================== warnings summary ===============================
../../usr/local/lib/python3.8/dist-packages/_pytest/config/__init__.py:1114
  /usr/local/lib/python3.8/dist-packages/_pytest/config/__init__.py:1114: PytestAssertRewriteWarning: Module already imported so cannot be rewritten: apiritif
    self._mark_plugins_for_rewrite(hook)

-- Docs: https://docs.pytest.org/en/stable/warnings.html
======================== 15 passed, 1 warning in 19.14s ========================
============================= test session starts ==============================
platform linux -- Python 3.8.5, pytest-6.2.1, py-1.10.0, pluggy-0.13.1
rootdir: /dc-app-performance-toolkit/app
plugins: apiritif-0.9.6
collected 15 items

selenium_ui/bitbucket_ui.py get driver from global
1619153859818,137,selenium_login:open_login_page,Success,True
1619153860265,348,selenium_login:login_get_started,Success,True
1619153860265,583,selenium_login,Success,True
.test_0_selenium_a_login,Total:391 Passed:391 Failed:0
1619153861033,767,selenium_view_dashboard,Success,True
.test_1_selenium_view_dashboard,Total:392 Passed:392 Failed:0
1619153867955,6910,selenium_create_pull_request:create_pull_request,Success,True
1619153868268,312,selenium_create_pull_request:merge_pull_request,Success,True
1619153869261,8217,selenium_create_pull_request,Success,True
.test_1_selenium_create_pull_request,Total:393 Passed:393 Failed:0
1619153869731,468,selenium_view_projects,Success,True
.test_1_selenium_view_projects,Total:394 Passed:394 Failed:0
1619153869957,225,selenium_view_project_repositories,Success,True
.test_1_selenium_view_project_repositories,Total:395 Passed:395 Failed:0
1619153870285,326,selenium_view_repository,Success,True
.test_1_selenium_view_repo,Total:396 Passed:396 Failed:0
1619153870575,288,selenium_view_list_pull_requests,Success,True
.test_1_selenium_view_list_pull_requests,Total:397 Passed:397 Failed:0
1619153871075,498,selenium_view_pull_request_overview,Success,True
.test_1_selenium_view_pull_request_overview,Total:398 Passed:398 Failed:0
1619153872909,1832,selenium_view_pull_request_diff,Success,True
.test_1_selenium_view_pull_request_diff,Total:399 Passed:399 Failed:0
1619153873325,414,selenium_view_pull_request_commits,Success,True
.test_1_selenium_view_pull_request_commits,Total:400 Passed:400 Failed:0
1619153876191,2468,selenium_comment_pull_request_file,Success,True
.test_1_selenium_comment_pull_request_diff,Total:401 Passed:401 Failed:0
1619153877773,1005,selenium_comment_pull_request_overview,Success,True
.test_1_selenium_comment_pull_request_overview,Total:402 Passed:402 Failed:0
1619153878612,836,selenium_view_branches,Success,True
.test_1_selenium_view_branches,Total:403 Passed:403 Failed:0
1619153879268,654,selenium_view_commits,Success,True
.test_1_selenium_view_commits,Total:404 Passed:404 Failed:0
1619153879381,112,selenium_log_out,Success,True
.test_2_selenium_logout,Total:405 Passed:405 Failed:0


=============================== warnings summary ===============================
../../usr/local/lib/python3.8/dist-packages/_pytest/config/__init__.py:1114
  /usr/local/lib/python3.8/dist-packages/_pytest/config/__init__.py:1114: PytestAssertRewriteWarning: Module already imported so cannot be rewritten: apiritif
    self._mark_plugins_for_rewrite(hook)

-- Docs: https://docs.pytest.org/en/stable/warnings.html
======================== 15 passed, 1 warning in 19.71s ========================
============================= test session starts ==============================
platform linux -- Python 3.8.5, pytest-6.2.1, py-1.10.0, pluggy-0.13.1
rootdir: /dc-app-performance-toolkit/app
plugins: apiritif-0.9.6
collected 15 items

selenium_ui/bitbucket_ui.py get driver from global
1619153879533,106,selenium_login:open_login_page,Success,True
1619153879942,323,selenium_login:login_get_started,Success,True
1619153879942,515,selenium_login,Success,True
.test_0_selenium_a_login,Total:406 Passed:406 Failed:0
[...]
.test_1_selenium_create_pull_request,Total:2253 Passed:2253 Failed:0
1619156221056,397,selenium_view_projects,Success,True
.test_1_selenium_view_projects,Total:2254 Passed:2254 Failed:0
1619156221307,248,selenium_view_project_repositories,Success,True
.test_1_selenium_view_project_repositories,Total:2255 Passed:2255 Failed:0
1619156221669,360,selenium_view_repository,Success,True
.test_1_selenium_view_repo,Total:2256 Passed:2256 Failed:0
1619156221988,317,selenium_view_list_pull_requests,Success,True
.test_1_selenium_view_list_pull_requests,Total:2257 Passed:2257 Failed:0
1619156222924,934,selenium_view_pull_request_overview,Success,True
.test_1_selenium_view_pull_request_overview,Total:2258 Passed:2258 Failed:0
1619156223424,498,selenium_view_pull_request_diff,Success,True
.test_1_selenium_view_pull_request_diff,Total:2259 Passed:2259 Failed:0
1619156223805,379,selenium_view_pull_request_commits,Success,True
.test_1_selenium_view_pull_request_commits,Total:2260 Passed:2260 Failed:0
1619156226510,2341,selenium_comment_pull_request_file,Success,True
.test_1_selenium_comment_pull_request_diff,Total:2261 Passed:2261 Failed:0
1619156228052,872,selenium_comment_pull_request_overview,Success,True
.test_1_selenium_comment_pull_request_overview,Total:2262 Passed:2262 Failed:0
1619156228830,775,selenium_view_branches,Success,True
.test_1_selenium_view_branches,Total:2263 Passed:2263 Failed:0
1619156229465,634,selenium_view_commits,Success,True
.test_1_selenium_view_commits,Total:2264 Passed:2264 Failed:0
1619156229563,96,selenium_log_out,Success,True
.test_2_selenium_logout,Total:2265 Passed:2265 Failed:0


=============================== warnings summary ===============================
../../usr/local/lib/python3.8/dist-packages/_pytest/config/__init__.py:1114
  /usr/local/lib/python3.8/dist-packages/_pytest/config/__init__.py:1114: PytestAssertRewriteWarning: Module already imported so cannot be rewritten: apiritif
    self._mark_plugins_for_rewrite(hook)

-- Docs: https://docs.pytest.org/en/stable/warnings.html
======================== 15 passed, 1 warning in 18.92s ========================
============================= test session starts ==============================
platform linux -- Python 3.8.5, pytest-6.2.1, py-1.10.0, pluggy-0.13.1
rootdir: /dc-app-performance-toolkit/app
plugins: apiritif-0.9.6
collected 15 items

selenium_ui/bitbucket_ui.py get driver from global
1619156229706,98,selenium_login:open_login_page,Success,True
1619156230081,287,selenium_login:login_get_started,Success,True
1619156230081,473,selenium_login,Success,True
.test_0_selenium_a_login,Total:2266 Passed:2266 Failed:0
1619156231004,922,selenium_view_dashboard,Success,True
.test_1_selenium_view_dashboard,Total:2267 Passed:2267 Failed:0
1619156237821,6806,selenium_create_pull_request:create_pull_request,Success,True
1619156238116,294,selenium_create_pull_request:merge_pull_request,Success,True
1619156239116,8101,selenium_create_pull_request,Success,True
.test_1_selenium_create_pull_request,Total:2268 Passed:2268 Failed:0
1619156239523,405,selenium_view_projects,Success,True
.test_1_selenium_view_projects,Total:2269 Passed:2269 Failed:0
1619156239750,225,selenium_view_project_repositories,Success,True
.test_1_selenium_view_project_repositories,Total:2270 Passed:2270 Failed:0
1619156240127,374,selenium_view_repository,Success,True
.test_1_selenium_view_repo,Total:2271 Passed:2271 Failed:0
1619156240447,319,selenium_view_list_pull_requests,Success,True
.test_1_selenium_view_list_pull_requests,Total:2272 Passed:2272 Failed:0
1619156240976,527,selenium_view_pull_request_overview,Success,True
.test_1_selenium_view_pull_request_overview,Total:2273 Passed:2273 Failed:0
1619156241706,728,selenium_view_pull_request_diff,Success,True
.test_1_selenium_view_pull_request_diff,Total:2274 Passed:2274 Failed:0
1619156242560,852,selenium_view_pull_request_commits,Success,True
.test_1_selenium_view_pull_request_commits,Total:2275 Passed:2275 Failed:0
1619156245321,2410,selenium_comment_pull_request_file,Success,True
.test_1_selenium_comment_pull_request_diff,Total:2276 Passed:2276 Failed:0
1619156246762,877,selenium_comment_pull_request_overview,Success,True
.test_1_selenium_comment_pull_request_overview,Total:2277 Passed:2277 Failed:0
1619156247547,782,selenium_view_branches,Success,True
.test_1_selenium_view_branches,Total:2278 Passed:2278 Failed:0
1619156248217,669,selenium_view_commits,Success,True
.test_1_selenium_view_commits,Total:2279 Passed:2279 Failed:0
1619156248322,104,selenium_log_out,Success,True
.test_2_selenium_logout,Total:2280 Passed:2280 Failed:0


=============================== warnings summary ===============================
../../usr/local/lib/python3.8/dist-packages/_pytest/config/__init__.py:1114
  /usr/local/lib/python3.8/dist-packages/_pytest/config/__init__.py:1114: PytestAssertRewriteWarning: Module already imported so cannot be rewritten: apiritif
    self._mark_plugins_for_rewrite(hook)

-- Docs: https://docs.pytest.org/en/stable/warnings.html
======================== 15 passed, 1 warning in 18.72s ========================
============================= test session starts ==============================
platform linux -- Python 3.8.5, pytest-6.2.1, py-1.10.0, pluggy-0.13.1
rootdir: /dc-app-performance-toolkit/app
plugins: apiritif-0.9.6
collected 15 items

selenium_ui/bitbucket_ui.py get driver from global
1619156248488,114,selenium_login:open_login_page,Success,True
1619156248837,263,selenium_login:login_get_started,Success,True
1619156248837,463,selenium_login,Success,True
.test_0_selenium_a_login,Total:2281 Passed:2281 Failed:0
1619156249671,832,selenium_view_dashboard,Success,True
.test_1_selenium_view_dashboard,Total:2282 Passed:2282 Failed:0
1619156256347,6664,selenium_create_pull_request:create_pull_request,Success,True
1619156256675,327,selenium_create_pull_request:merge_pull_request,Success,True
1619156257681,7998,selenium_create_pull_request,Success,True
.test_1_selenium_create_pull_request,Total:2283 Passed:2283 Failed:0
1619156258013,330,selenium_view_projects,Success,True
.test_1_selenium_view_projects,Total:2284 Passed:2284 Failed:0
1619156258242,227,selenium_view_project_repositories,Success,True
.test_1_selenium_view_project_repositories,Total:2285 Passed:2285 Failed:0
1619156258596,352,selenium_view_repository,Success,True
.test_1_selenium_view_repo,Total:2286 Passed:2286 Failed:0
1619156258922,324,selenium_view_list_pull_requests,Success,True
.test_1_selenium_view_list_pull_requests,Total:2287 Passed:2287 Failed:0
1619156259439,516,selenium_view_pull_request_overview,Success,True
.test_1_selenium_view_pull_request_overview,Total:2288 Passed:2288 Failed:0
1619156260129,688,selenium_view_pull_request_diff,Success,True
.test_1_selenium_view_pull_request_diff,Total:2289 Passed:2289 Failed:0
1619156261036,905,selenium_view_pull_request_commits,Success,True
.test_1_selenium_view_pull_request_commits,Total:2290 Passed:2290 Failed:0
1619156263741,2299,selenium_comment_pull_request_file,Success,True
.test_1_selenium_comment_pull_request_diff,Total:2291 Passed:2291 Failed:0
1619156265291,927,selenium_comment_pull_request_overview,Success,True
.test_1_selenium_comment_pull_request_overview,Total:2292 Passed:2292 Failed:0
1619156266093,799,selenium_view_branches,Success,True
.test_1_selenium_view_branches,Total:2293 Passed:2293 Failed:0
1619156266731,636,selenium_view_commits,Success,True
.test_1_selenium_view_commits,Total:2294 Passed:2294 Failed:0
1619156266830,97,selenium_log_out,Success,True
.test_2_selenium_logout,Total:2295 Passed:2295 Failed:0


=============================== warnings summary ===============================
../../usr/local/lib/python3.8/dist-packages/_pytest/config/__init__.py:1114
  /usr/local/lib/python3.8/dist-packages/_pytest/config/__init__.py:1114: PytestAssertRewriteWarning: Module already imported so cannot be rewritten: apiritif
    self._mark_plugins_for_rewrite(hook)

-- Docs: https://docs.pytest.org/en/stable/warnings.html
======================== 15 passed, 1 warning in 18.47s ========================
============================= test session starts ==============================
platform linux -- Python 3.8.5, pytest-6.2.1, py-1.10.0, pluggy-0.13.1
rootdir: /dc-app-performance-toolkit/app
plugins: apiritif-0.9.6
collected 15 items

selenium_ui/bitbucket_ui.py get driver from global
1619156266979,102,selenium_login:open_login_page,Success,True
1619156267377,309,selenium_login:login_get_started,Success,True
1619156267377,500,selenium_login,Success,True
.test_0_selenium_a_login,Total:2296 Passed:2296 Failed:0
1619156267975,596,selenium_view_dashboard,Success,True
.test_1_selenium_view_dashboard,Total:2297 Passed:2297 Failed:0
1619156275726,7737,selenium_create_pull_request:create_pull_request,Success,True
1619156276036,309,selenium_create_pull_request:merge_pull_request,Success,True
1619156277039,9050,selenium_create_pull_request,Success,True
.test_1_selenium_create_pull_request,Total:2298 Passed:2298 Failed:0
1619156277488,447,selenium_view_projects,Success,True
.test_1_selenium_view_projects,Total:2299 Passed:2299 Failed:0
1619156277702,213,selenium_view_project_repositories,Success,True
.test_1_selenium_view_project_repositories,Total:2300 Passed:2300 Failed:0
1619156278045,340,selenium_view_repository,Success,True
.test_1_selenium_view_repo,Total:2301 Passed:2301 Failed:0
1619156278387,340,selenium_view_list_pull_requests,Success,True
.test_1_selenium_view_list_pull_requests,Total:2302 Passed:2302 Failed:0
1619156278964,574,selenium_view_pull_request_overview,Success,True
.test_1_selenium_view_pull_request_overview,Total:2303 Passed:2303 Failed:0
1619156279664,699,selenium_view_pull_request_diff,Success,True
.test_1_selenium_view_pull_request_diff,Total:2304 Passed:2304 Failed:0
1619156280053,387,selenium_view_pull_request_commits,Success,True
.test_1_selenium_view_pull_request_commits,Total:2305 Passed:2305 Failed:0
1619156282786,2279,selenium_comment_pull_request_file,Success,True
.test_1_selenium_comment_pull_request_diff,Total:2306 Passed:2306 Failed:0
1619156284390,963,selenium_comment_pull_request_overview,Success,True
.test_1_selenium_comment_pull_request_overview,Total:2307 Passed:2307 Failed:0
1619156285236,844,selenium_view_branches,Success,True
.test_1_selenium_view_branches,Total:2308 Passed:2308 Failed:0
1619156285834,596,selenium_view_commits,Success,True
.test_1_selenium_view_commits,Total:2309 Passed:2309 Failed:0
1619156285933,98,selenium_log_out,Success,True
.test_2_selenium_logout,Total:2310 Passed:2310 Failed:0


=============================== warnings summary ===============================
../../usr/local/lib/python3.8/dist-packages/_pytest/config/__init__.py:1114
  /usr/local/lib/python3.8/dist-packages/_pytest/config/__init__.py:1114: PytestAssertRewriteWarning: Module already imported so cannot be rewritten: apiritif
    self._mark_plugins_for_rewrite(hook)

-- Docs: https://docs.pytest.org/en/stable/warnings.html
======================== 15 passed, 1 warning in 19.07s ========================
============================= test session starts ==============================
platform linux -- Python 3.8.5, pytest-6.2.1, py-1.10.0, pluggy-0.13.1
rootdir: /dc-app-performance-toolkit/app
plugins: apiritif-0.9.6
collected 15 items

selenium_ui/bitbucket_ui.py get driver from global
1619156286079,100,selenium_login:open_login_page,Success,True
1619156286443,282,selenium_login:login_get_started,Success,True
1619156286443,464,selenium_login,Success,True
.test_0_selenium_a_login,Total:2311 Passed:2311 Failed:0
1619156287094,649,selenium_view_dashboard,Success,True
.test_1_selenium_view_dashboard,Total:2312 Passed:2312 Failed:0
1619156294136,7027,selenium_create_pull_request:create_pull_request,Success,True
1619156294424,287,selenium_create_pull_request:merge_pull_request,Success,True
1619156295405,8297,selenium_create_pull_request,Success,True
.test_1_selenium_create_pull_request,Total:2313 Passed:2313 Failed:0
1619156295883,476,selenium_view_projects,Success,True
.test_1_selenium_view_projects,Total:2314 Passed:2314 Failed:0
1619156296107,222,selenium_view_project_repositories,Success,True
.test_1_selenium_view_project_repositories,Total:2315 Passed:2315 Failed:0
1619156296520,410,selenium_view_repository,Success,True
.test_1_selenium_view_repo,Total:2316 Passed:2316 Failed:0
1619156296813,291,selenium_view_list_pull_requests,Success,True
.test_1_selenium_view_list_pull_requests,Total:2317 Passed:2317 Failed:0
1619156297410,595,selenium_view_pull_request_overview,Success,True
.test_1_selenium_view_pull_request_overview,Total:2318 Passed:2318 Failed:0
1619156298138,726,selenium_view_pull_request_diff,Success,True
.test_1_selenium_view_pull_request_diff,Total:2319 Passed:2319 Failed:0
1619156298954,814,selenium_view_pull_request_commits,Success,True
.test_1_selenium_view_pull_request_commits,Total:2320 Passed:2320 Failed:0
1619156301472,2130,selenium_comment_pull_request_file,Success,True
.test_1_selenium_comment_pull_request_diff,Total:2321 Passed:2321 Failed:0
1619156302944,947,selenium_comment_pull_request_overview,Success,True
.test_1_selenium_comment_pull_request_overview,Total:2322 Passed:2322 Failed:0
1619156303713,766,selenium_view_branches,Success,True
.test_1_selenium_view_branches,Total:2323 Passed:2323 Failed:0
1619156304229,514,selenium_view_commits,Success,True
.test_1_selenium_view_commits,Total:2324 Passed:2324 Failed:0
1619156304327,96,selenium_log_out,Success,True
.test_2_selenium_logout,Total:2325 Passed:2325 Failed:0


=============================== warnings summary ===============================
../../usr/local/lib/python3.8/dist-packages/_pytest/config/__init__.py:1114
  /usr/local/lib/python3.8/dist-packages/_pytest/config/__init__.py:1114: PytestAssertRewriteWarning: Module already imported so cannot be rewritten: apiritif
    self._mark_plugins_for_rewrite(hook)

-- Docs: https://docs.pytest.org/en/stable/warnings.html
======================== 15 passed, 1 warning in 18.36s ========================
============================= test session starts ==============================
platform linux -- Python 3.8.5, pytest-6.2.1, py-1.10.0, pluggy-0.13.1
rootdir: /dc-app-performance-toolkit/app
plugins: apiritif-0.9.6
collected 15 items

selenium_ui/bitbucket_ui.py get driver from global
1619156304520,100,selenium_login:open_login_page,Success,True
1619156304913,313,selenium_login:login_get_started,Success,True
1619156304913,493,selenium_login,Success,True
.test_0_selenium_a_login,Total:2326 Passed:2326 Failed:0
1619156305791,876,selenium_view_dashboard,Success,True
.test_1_selenium_view_dashboard,Total:2327 Passed:2327 Failed:0
1619156312803,6999,selenium_create_pull_request:create_pull_request,Success,True
1619156313086,283,selenium_create_pull_request:merge_pull_request,Success,True
1619156314082,8278,selenium_create_pull_request,Success,True
.test_1_selenium_create_pull_request,Total:2328 Passed:2328 Failed:0
1619156314562,478,selenium_view_projects,Success,True
.test_1_selenium_view_projects,Total:2329 Passed:2329 Failed:0
1619156314775,212,selenium_view_project_repositories,Success,True
.test_1_selenium_view_project_repositories,Total:2330 Passed:2330 Failed:0
1619156315173,396,selenium_view_repository,Success,True
.test_1_selenium_view_repo,Total:2331 Passed:2331 Failed:0
1619156315516,341,selenium_view_list_pull_requests,Success,True
.test_1_selenium_view_list_pull_requests,Total:2332 Passed:2332 Failed:0
1619156315971,453,selenium_view_pull_request_overview,Success,True
.test_1_selenium_view_pull_request_overview,Total:2333 Passed:2333 Failed:0
1619156316730,757,selenium_view_pull_request_diff,Success,True
.test_1_selenium_view_pull_request_diff,Total:2334 Passed:2334 Failed:0
1619156317530,798,selenium_view_pull_request_commits,Success,True
.test_1_selenium_view_pull_request_commits,Total:2335 Passed:2335 Failed:0
1619156320285,2405,selenium_comment_pull_request_file,Success,True
.test_1_selenium_comment_pull_request_diff,Total:2336 Passed:2336 Failed:0
1619156321776,909,selenium_comment_pull_request_overview,Success,True
.test_1_selenium_comment_pull_request_overview,Total:2337 Passed:2337 Failed:0
1619156322553,775,selenium_view_branches,Success,True
.test_1_selenium_view_branches,Total:2338 Passed:2338 Failed:0
1619156323370,815,selenium_view_commits,Success,True
.test_1_selenium_view_commits,Total:2339 Passed:2339 Failed:0
1619156323471,99,selenium_log_out,Success,True
.test_2_selenium_logout,Total:2340 Passed:2340 Failed:0


=============================== warnings summary ===============================
../../usr/local/lib/python3.8/dist-packages/_pytest/config/__init__.py:1114
  /usr/local/lib/python3.8/dist-packages/_pytest/config/__init__.py:1114: PytestAssertRewriteWarning: Module already imported so cannot be rewritten: apiritif
    self._mark_plugins_for_rewrite(hook)

-- Docs: https://docs.pytest.org/en/stable/warnings.html
======================== 15 passed, 1 warning in 19.06s ========================
============================= test session starts ==============================
platform linux -- Python 3.8.5, pytest-6.2.1, py-1.10.0, pluggy-0.13.1
rootdir: /dc-app-performance-toolkit/app
plugins: apiritif-0.9.6
collected 15 items

selenium_ui/bitbucket_ui.py get driver from global
1619156323616,100,selenium_login:open_login_page,Success,True
1619156323973,278,selenium_login:login_get_started,Success,True
1619156323973,457,selenium_login,Success,True
.test_0_selenium_a_login,Total:2341 Passed:2341 Failed:0
1619156325682,1707,selenium_view_dashboard,Success,True
.test_1_selenium_view_dashboard,Total:2342 Passed:2342 Failed:0
1619156333849,8157,selenium_create_pull_request:create_pull_request,Success,True
1619156334141,292,selenium_create_pull_request:merge_pull_request,Success,True
1619156335146,9454,selenium_create_pull_request,Success,True
.test_1_selenium_create_pull_request,Total:2343 Passed:2343 Failed:0
1619156335463,314,selenium_view_projects,Success,True
.test_1_selenium_view_projects,Total:2344 Passed:2344 Failed:0
1619156335715,251,selenium_view_project_repositories,Success,True
.test_1_selenium_view_project_repositories,Total:2345 Passed:2345 Failed:0
1619156336077,360,selenium_view_repository,Success,True
.test_1_selenium_view_repo,Total:2346 Passed:2346 Failed:0
1619156336541,462,selenium_view_list_pull_requests,Success,True
.test_1_selenium_view_list_pull_requests,Total:2347 Passed:2347 Failed:0
1619156337028,484,selenium_view_pull_request_overview,Success,True
.test_1_selenium_view_pull_request_overview,Total:2348 Passed:2348 Failed:0
1619156337725,696,selenium_view_pull_request_diff,Success,True
.test_1_selenium_view_pull_request_diff,Total:2349 Passed:2349 Failed:0
1619156338137,410,selenium_view_pull_request_commits,Success,True
.test_1_selenium_view_pull_request_commits,Total:2350 Passed:2350 Failed:0
1619156341503,2940,selenium_comment_pull_request_file,Success,True
.test_1_selenium_comment_pull_request_diff,Total:2351 Passed:2351 Failed:0
1619156343132,955,selenium_comment_pull_request_overview,Success,True
.test_1_selenium_comment_pull_request_overview,Total:2352 Passed:2352 Failed:0
1619156343958,823,selenium_view_branches,Success,True
.test_1_selenium_view_branches,Total:2353 Passed:2353 Failed:0
1619156344539,579,selenium_view_commits,Success,True
.test_1_selenium_view_commits,Total:2354 Passed:2354 Failed:0
1619156344652,111,selenium_log_out,Success,True
.test_2_selenium_logout,Total:2355 Passed:2355 Failed:0


=============================== warnings summary ===============================
../../usr/local/lib/python3.8/dist-packages/_pytest/config/__init__.py:1114
  /usr/local/lib/python3.8/dist-packages/_pytest/config/__init__.py:1114: PytestAssertRewriteWarning: Module already imported so cannot be rewritten: apiritif
    self._mark_plugins_for_rewrite(hook)

-- Docs: https://docs.pytest.org/en/stable/warnings.html
======================== 15 passed, 1 warning in 21.15s ========================
